# JRE version: Java(TM) SE Runtime Environment (8.0_25-b18) (build 1.8.0_25-b18)
# Java VM: Java HotSpot(TM) 64-Bit Server VM (25.25-b02 mixed mode windows-amd64 compressed oops)
Heap:
 PSYoungGen      total 77824K, used 49050K [0x00000000f5580000, 0x00000000fa780000, 0x0000000100000000)
  eden space 72192K, 63% used [0x00000000f5580000,0x00000000f8271fc0,0x00000000f9c00000)
  from space 5632K, 53% used [0x00000000fa180000,0x00000000fa474c30,0x00000000fa700000)
  to   space 5632K, 0% used [0x00000000f9c00000,0x00000000f9c00000,0x00000000fa180000)
 ParOldGen       total 103936K, used 56261K [0x00000000e0000000, 0x00000000e6580000, 0x00000000f5580000)
  object space 103936K, 54% used [0x00000000e0000000,0x00000000e36f1610,0x00000000e6580000)
 Metaspace       used 91334K, capacity 97286K, committed 97664K, reserved 1134592K
  class space    used 10776K, capacity 12576K, committed 12672K, reserved 1048576K
GC Heap History (10 events):
Event: 5031.139 GC heap before
{Heap before GC invocations=174 (full 66):
 PSYoungGen      total 74752K, used 45090K [0x00000000f5580000, 0x00000000fa600000, 0x0000000100000000)
  eden space 72192K, 62% used [0x00000000f5580000,0x00000000f8188868,0x00000000f9c00000)
  from space 2560K, 0% used [0x00000000f9c00000,0x00000000f9c00000,0x00000000f9e80000)
  to   space 5120K, 0% used [0x00000000fa100000,0x00000000fa100000,0x00000000fa600000)
 ParOldGen       total 103936K, used 53631K [0x00000000e0000000, 0x00000000e6580000, 0x00000000f5580000)
  object space 103936K, 51% used [0x00000000e0000000,0x00000000e345fc48,0x00000000e6580000)
 Metaspace       used 90209K, capacity 96256K, committed 96512K, reserved 1132544K
  class space    used 10624K, capacity 12466K, committed 12544K, reserved 1048576K
Event: 5031.142 GC heap after
Heap after GC invocations=174 (full 66):
 PSYoungGen      total 77312K, used 1696K [0x00000000f5580000, 0x00000000fa600000, 0x0000000100000000)
  eden space 72192K, 0% used [0x00000000f5580000,0x00000000f5580000,0x00000000f9c00000)
  from space 5120K, 33% used [0x00000000fa100000,0x00000000fa2a8000,0x00000000fa600000)
  to   space 5120K, 0% used [0x00000000f9c00000,0x00000000f9c00000,0x00000000fa100000)
 ParOldGen       total 103936K, used 53631K [0x00000000e0000000, 0x00000000e6580000, 0x00000000f5580000)
  object space 103936K, 51% used [0x00000000e0000000,0x00000000e345fc48,0x00000000e6580000)
 Metaspace       used 90209K, capacity 96256K, committed 96512K, reserved 1132544K
  class space    used 10624K, capacity 12466K, committed 12544K, reserved 1048576K
}
Event: 5031.142 GC heap before
{Heap before GC invocations=175 (full 67):
 PSYoungGen      total 77312K, used 1696K [0x00000000f5580000, 0x00000000fa600000, 0x0000000100000000)
  eden space 72192K, 0% used [0x00000000f5580000,0x00000000f5580000,0x00000000f9c00000)
  from space 5120K, 33% used [0x00000000fa100000,0x00000000fa2a8000,0x00000000fa600000)
  to   space 5120K, 0% used [0x00000000f9c00000,0x00000000f9c00000,0x00000000fa100000)
 ParOldGen       total 103936K, used 53631K [0x00000000e0000000, 0x00000000e6580000, 0x00000000f5580000)
  object space 103936K, 51% used [0x00000000e0000000,0x00000000e345fc48,0x00000000e6580000)
 Metaspace       used 90209K, capacity 96256K, committed 96512K, reserved 1132544K
  class space    used 10624K, capacity 12466K, committed 12544K, reserved 1048576K
Event: 5031.342 GC heap after
Heap after GC invocations=175 (full 67):
 PSYoungGen      total 77312K, used 0K [0x00000000f5580000, 0x00000000fa600000, 0x0000000100000000)
  eden space 72192K, 0% used [0x00000000f5580000,0x00000000f5580000,0x00000000f9c00000)
  from space 5120K, 0% used [0x00000000fa100000,0x00000000fa100000,0x00000000fa600000)
  to   space 5120K, 0% used [0x00000000f9c00000,0x00000000f9c00000,0x00000000fa100000)
 ParOldGen       total 103936K, used 53508K [0x00000000e0000000, 0x00000000e6580000, 0x00000000f5580000)
  object space 103936K, 51% used [0x00000000e0000000,0x00000000e3441328,0x00000000e6580000)
 Metaspace       used 90209K, capacity 96256K, committed 96512K, reserved 1132544K
  class space    used 10624K, capacity 12466K, committed 12544K, reserved 1048576K
}
Event: 5091.143 GC heap before
{Heap before GC invocations=176 (full 67):
 PSYoungGen      total 77312K, used 70988K [0x00000000f5580000, 0x00000000fa600000, 0x0000000100000000)
  eden space 72192K, 98% used [0x00000000f5580000,0x00000000f9ad3060,0x00000000f9c00000)
  from space 5120K, 0% used [0x00000000fa100000,0x00000000fa100000,0x00000000fa600000)
  to   space 5120K, 0% used [0x00000000f9c00000,0x00000000f9c00000,0x00000000fa100000)
 ParOldGen       total 103936K, used 53508K [0x00000000e0000000, 0x00000000e6580000, 0x00000000f5580000)
  object space 103936K, 51% used [0x00000000e0000000,0x00000000e3441328,0x00000000e6580000)
 Metaspace       used 90650K, capacity 96730K, committed 96768K, reserved 1134592K
  class space    used 10708K, capacity 12542K, committed 12544K, reserved 1048576K
Event: 5091.147 GC heap after
Heap after GC invocations=176 (full 67):
 PSYoungGen      total 77312K, used 4337K [0x00000000f5580000, 0x00000000fa700000, 0x0000000100000000)
  eden space 72192K, 0% used [0x00000000f5580000,0x00000000f5580000,0x00000000f9c00000)
  from space 5120K, 84% used [0x00000000f9c00000,0x00000000fa03c7d0,0x00000000fa100000)
  to   space 5632K, 0% used [0x00000000fa180000,0x00000000fa180000,0x00000000fa700000)
 ParOldGen       total 103936K, used 53508K [0x00000000e0000000, 0x00000000e6580000, 0x00000000f5580000)
  object space 103936K, 51% used [0x00000000e0000000,0x00000000e3441328,0x00000000e6580000)
 Metaspace       used 90650K, capacity 96730K, committed 96768K, reserved 1134592K
  class space    used 10708K, capacity 12542K, committed 12544K, reserved 1048576K
}
Event: 5091.147 GC heap before
{Heap before GC invocations=177 (full 68):
 PSYoungGen      total 77312K, used 4337K [0x00000000f5580000, 0x00000000fa700000, 0x0000000100000000)
  eden space 72192K, 0% used [0x00000000f5580000,0x00000000f5580000,0x00000000f9c00000)
  from space 5120K, 84% used [0x00000000f9c00000,0x00000000fa03c7d0,0x00000000fa100000)
  to   space 5632K, 0% used [0x00000000fa180000,0x00000000fa180000,0x00000000fa700000)
 ParOldGen       total 103936K, used 53508K [0x00000000e0000000, 0x00000000e6580000, 0x00000000f5580000)
  object space 103936K, 51% used [0x00000000e0000000,0x00000000e3441328,0x00000000e6580000)
 Metaspace       used 90650K, capacity 96730K, committed 96768K, reserved 1134592K
  class space    used 10708K, capacity 12542K, committed 12544K, reserved 1048576K
Event: 5091.404 GC heap after
Heap after GC invocations=177 (full 68):
 PSYoungGen      total 77312K, used 0K [0x00000000f5580000, 0x00000000fa700000, 0x0000000100000000)
  eden space 72192K, 0% used [0x00000000f5580000,0x00000000f5580000,0x00000000f9c00000)
  from space 5120K, 0% used [0x00000000f9c00000,0x00000000f9c00000,0x00000000fa100000)
  to   space 5632K, 0% used [0x00000000fa180000,0x00000000fa180000,0x00000000fa700000)
 ParOldGen       total 103936K, used 56261K [0x00000000e0000000, 0x00000000e6580000, 0x00000000f5580000)
  object space 103936K, 54% used [0x00000000e0000000,0x00000000e36f1610,0x00000000e6580000)
 Metaspace       used 90650K, capacity 96730K, committed 96768K, reserved 1134592K
  class space    used 10708K, capacity 12542K, committed 12544K, reserved 1048576K
}
Event: 5145.421 GC heap before
{Heap before GC invocations=178 (full 68):
 PSYoungGen      total 77312K, used 72192K [0x00000000f5580000, 0x00000000fa700000, 0x0000000100000000)
  eden space 72192K, 100% used [0x00000000f5580000,0x00000000f9c00000,0x00000000f9c00000)
  from space 5120K, 0% used [0x00000000f9c00000,0x00000000f9c00000,0x00000000fa100000)
  to   space 5632K, 0% used [0x00000000fa180000,0x00000000fa180000,0x00000000fa700000)
 ParOldGen       total 103936K, used 56261K [0x00000000e0000000, 0x00000000e6580000, 0x00000000f5580000)
  object space 103936K, 54% used [0x00000000e0000000,0x00000000e36f1610,0x00000000e6580000)
 Metaspace       used 90837K, capacity 96858K, committed 97024K, reserved 1134592K
  class space    used 10726K, capacity 12542K, committed 12544K, reserved 1048576K
Event: 5145.426 GC heap after
Heap after GC invocations=178 (full 68):
 PSYoungGen      total 77824K, used 3027K [0x00000000f5580000, 0x00000000fa780000, 0x0000000100000000)
  eden space 72192K, 0% used [0x00000000f5580000,0x00000000f5580000,0x00000000f9c00000)
  from space 5632K, 53% used [0x00000000fa180000,0x00000000fa474c30,0x00000000fa700000)
  to   space 5632K, 0% used [0x00000000f9c00000,0x00000000f9c00000,0x00000000fa180000)
 ParOldGen       total 103936K, used 56261K [0x00000000e0000000, 0x00000000e6580000, 0x00000000f5580000)
  object space 103936K, 54% used [0x00000000e0000000,0x00000000e36f1610,0x00000000e6580000)
 Metaspace       used 90837K, capacity 96858K, committed 97024K, reserved 1134592K
  class space    used 10726K, capacity 12542K, committed 12544K, reserved 1048576K
}

