# JRE version: Java(TM) SE Runtime Environment (8.0_25-b18) (build 1.8.0_25-b18)
# Java VM: Java HotSpot(TM) 64-Bit Server VM (25.25-b02 mixed mode windows-amd64 compressed oops)
Heap:
 PSYoungGen      total 45056K, used 15185K [0x00000000f5580000, 0x00000000f8b00000, 0x0000000100000000)
  eden space 36352K, 38% used [0x00000000f5580000,0x00000000f634d220,0x00000000f7900000)
  from space 8704K, 12% used [0x00000000f8280000,0x00000000f83874a8,0x00000000f8b00000)
  to   space 9216K, 0% used [0x00000000f7900000,0x00000000f7900000,0x00000000f8200000)
 ParOldGen       total 83968K, used 67440K [0x00000000e0000000, 0x00000000e5200000, 0x00000000f5580000)
  object space 83968K, 80% used [0x00000000e0000000,0x00000000e41dc238,0x00000000e5200000)
 Metaspace       used 102788K, capacity 109436K, committed 109720K, reserved 1144832K
  class space    used 12116K, capacity 14158K, committed 14248K, reserved 1048576K
GC Heap History (10 events):
Event: 9871.821 GC heap before
{Heap before GC invocations=251 (full 85):
 PSYoungGen      total 41472K, used 41170K [0x00000000f5580000, 0x00000000f8e80000, 0x0000000100000000)
  eden space 38912K, 100% used [0x00000000f5580000,0x00000000f7b80000,0x00000000f7b80000)
  from space 2560K, 88% used [0x00000000f7c00000,0x00000000f7e349e0,0x00000000f7e80000)
  to   space 9728K, 0% used [0x00000000f8500000,0x00000000f8500000,0x00000000f8e80000)
 ParOldGen       total 83968K, used 65589K [0x00000000e0000000, 0x00000000e5200000, 0x00000000f5580000)
  object space 83968K, 78% used [0x00000000e0000000,0x00000000e400d650,0x00000000e5200000)
 Metaspace       used 102058K, capacity 108860K, committed 109080K, reserved 1144832K
  class space    used 12019K, capacity 14094K, committed 14120K, reserved 1048576K
Event: 9871.825 GC heap after
Heap after GC invocations=251 (full 85):
 PSYoungGen      total 47616K, used 1920K [0x00000000f5580000, 0x00000000f8e00000, 0x0000000100000000)
  eden space 38400K, 0% used [0x00000000f5580000,0x00000000f5580000,0x00000000f7b00000)
  from space 9216K, 20% used [0x00000000f8500000,0x00000000f86e0000,0x00000000f8e00000)
  to   space 9728K, 0% used [0x00000000f7b00000,0x00000000f7b00000,0x00000000f8480000)
 ParOldGen       total 83968K, used 65952K [0x00000000e0000000, 0x00000000e5200000, 0x00000000f5580000)
  object space 83968K, 78% used [0x00000000e0000000,0x00000000e4068030,0x00000000e5200000)
 Metaspace       used 102058K, capacity 108860K, committed 109080K, reserved 1144832K
  class space    used 12019K, capacity 14094K, committed 14120K, reserved 1048576K
}
Event: 9894.418 GC heap before
{Heap before GC invocations=252 (full 85):
 PSYoungGen      total 47616K, used 40320K [0x00000000f5580000, 0x00000000f8e00000, 0x0000000100000000)
  eden space 38400K, 100% used [0x00000000f5580000,0x00000000f7b00000,0x00000000f7b00000)
  from space 9216K, 20% used [0x00000000f8500000,0x00000000f86e0000,0x00000000f8e00000)
  to   space 9728K, 0% used [0x00000000f7b00000,0x00000000f7b00000,0x00000000f8480000)
 ParOldGen       total 83968K, used 65952K [0x00000000e0000000, 0x00000000e5200000, 0x00000000f5580000)
  object space 83968K, 78% used [0x00000000e0000000,0x00000000e4068030,0x00000000e5200000)
 Metaspace       used 102085K, capacity 108924K, committed 109080K, reserved 1144832K
  class space    used 12019K, capacity 14094K, committed 14120K, reserved 1048576K
Event: 9894.422 GC heap after
Heap after GC invocations=252 (full 85):
 PSYoungGen      total 39424K, used 1504K [0x00000000f5580000, 0x00000000f8d80000, 0x0000000100000000)
  eden space 37888K, 0% used [0x00000000f5580000,0x00000000f5580000,0x00000000f7a80000)
  from space 1536K, 97% used [0x00000000f7b00000,0x00000000f7c78000,0x00000000f7c80000)
  to   space 9728K, 0% used [0x00000000f8400000,0x00000000f8400000,0x00000000f8d80000)
 ParOldGen       total 83968K, used 66584K [0x00000000e0000000, 0x00000000e5200000, 0x00000000f5580000)
  object space 83968K, 79% used [0x00000000e0000000,0x00000000e4106030,0x00000000e5200000)
 Metaspace       used 102085K, capacity 108924K, committed 109080K, reserved 1144832K
  class space    used 12019K, capacity 14094K, committed 14120K, reserved 1048576K
}
Event: 9896.855 GC heap before
{Heap before GC invocations=253 (full 85):
 PSYoungGen      total 39424K, used 39392K [0x00000000f5580000, 0x00000000f8d80000, 0x0000000100000000)
  eden space 37888K, 100% used [0x00000000f5580000,0x00000000f7a80000,0x00000000f7a80000)
  from space 1536K, 97% used [0x00000000f7b00000,0x00000000f7c78000,0x00000000f7c80000)
  to   space 9728K, 0% used [0x00000000f8400000,0x00000000f8400000,0x00000000f8d80000)
 ParOldGen       total 83968K, used 66584K [0x00000000e0000000, 0x00000000e5200000, 0x00000000f5580000)
  object space 83968K, 79% used [0x00000000e0000000,0x00000000e4106030,0x00000000e5200000)
 Metaspace       used 102091K, capacity 108988K, committed 109336K, reserved 1144832K
  class space    used 12019K, capacity 14094K, committed 14120K, reserved 1048576K
Event: 9896.857 GC heap after
Heap after GC invocations=253 (full 85):
 PSYoungGen      total 46592K, used 928K [0x00000000f5580000, 0x00000000f8d00000, 0x0000000100000000)
  eden space 37376K, 0% used [0x00000000f5580000,0x00000000f5580000,0x00000000f7a00000)
  from space 9216K, 10% used [0x00000000f8400000,0x00000000f84e8000,0x00000000f8d00000)
  to   space 9728K, 0% used [0x00000000f7a00000,0x00000000f7a00000,0x00000000f8380000)
 ParOldGen       total 83968K, used 67168K [0x00000000e0000000, 0x00000000e5200000, 0x00000000f5580000)
  object space 83968K, 79% used [0x00000000e0000000,0x00000000e4198238,0x00000000e5200000)
 Metaspace       used 102091K, capacity 108988K, committed 109336K, reserved 1144832K
  class space    used 12019K, capacity 14094K, committed 14120K, reserved 1048576K
}
Event: 9904.453 GC heap before
{Heap before GC invocations=254 (full 85):
 PSYoungGen      total 46592K, used 38304K [0x00000000f5580000, 0x00000000f8d00000, 0x0000000100000000)
  eden space 37376K, 100% used [0x00000000f5580000,0x00000000f7a00000,0x00000000f7a00000)
  from space 9216K, 10% used [0x00000000f8400000,0x00000000f84e8000,0x00000000f8d00000)
  to   space 9728K, 0% used [0x00000000f7a00000,0x00000000f7a00000,0x00000000f8380000)
 ParOldGen       total 83968K, used 67168K [0x00000000e0000000, 0x00000000e5200000, 0x00000000f5580000)
  object space 83968K, 79% used [0x00000000e0000000,0x00000000e4198238,0x00000000e5200000)
 Metaspace       used 102199K, capacity 109116K, committed 109336K, reserved 1144832K
  class space    used 12033K, capacity 14094K, committed 14120K, reserved 1048576K
Event: 9904.457 GC heap after
Heap after GC invocations=254 (full 85):
 PSYoungGen      total 39936K, used 2808K [0x00000000f5580000, 0x00000000f8b80000, 0x0000000100000000)
  eden space 36864K, 0% used [0x00000000f5580000,0x00000000f5580000,0x00000000f7980000)
  from space 3072K, 91% used [0x00000000f7a00000,0x00000000f7cbe1a8,0x00000000f7d00000)
  to   space 9216K, 0% used [0x00000000f8280000,0x00000000f8280000,0x00000000f8b80000)
 ParOldGen       total 83968K, used 67344K [0x00000000e0000000, 0x00000000e5200000, 0x00000000f5580000)
  object space 83968K, 80% used [0x00000000e0000000,0x00000000e41c4238,0x00000000e5200000)
 Metaspace       used 102199K, capacity 109116K, committed 109336K, reserved 1144832K
  class space    used 12033K, capacity 14094K, committed 14120K, reserved 1048576K
}
Event: 9905.152 GC heap before
{Heap before GC invocations=255 (full 85):
 PSYoungGen      total 39936K, used 39672K [0x00000000f5580000, 0x00000000f8b80000, 0x0000000100000000)
  eden space 36864K, 100% used [0x00000000f5580000,0x00000000f7980000,0x00000000f7980000)
  from space 3072K, 91% used [0x00000000f7a00000,0x00000000f7cbe1a8,0x00000000f7d00000)
  to   space 9216K, 0% used [0x00000000f8280000,0x00000000f8280000,0x00000000f8b80000)
 ParOldGen       total 83968K, used 67344K [0x00000000e0000000, 0x00000000e5200000, 0x00000000f5580000)
  object space 83968K, 80% used [0x00000000e0000000,0x00000000e41c4238,0x00000000e5200000)
 Metaspace       used 102408K, capacity 109212K, committed 109464K, reserved 1144832K
  class space    used 12079K, capacity 14126K, committed 14248K, reserved 1048576K
Event: 9905.154 GC heap after
Heap after GC invocations=255 (full 85):
 PSYoungGen      total 45056K, used 1053K [0x00000000f5580000, 0x00000000f8b00000, 0x0000000100000000)
  eden space 36352K, 0% used [0x00000000f5580000,0x00000000f5580000,0x00000000f7900000)
  from space 8704K, 12% used [0x00000000f8280000,0x00000000f83874a8,0x00000000f8b00000)
  to   space 9216K, 0% used [0x00000000f7900000,0x00000000f7900000,0x00000000f8200000)
 ParOldGen       total 83968K, used 67440K [0x00000000e0000000, 0x00000000e5200000, 0x00000000f5580000)
  object space 83968K, 80% used [0x00000000e0000000,0x00000000e41dc238,0x00000000e5200000)
 Metaspace       used 102408K, capacity 109212K, committed 109464K, reserved 1144832K
  class space    used 12079K, capacity 14126K, committed 14248K, reserved 1048576K
}

