# JRE version: Java(TM) SE Runtime Environment (8.0_25-b18) (build 1.8.0_25-b18)
# Java VM: Java HotSpot(TM) 64-Bit Server VM (25.25-b02 mixed mode windows-amd64 compressed oops)
Heap:
 PSYoungGen      total 76800K, used 58277K [0x00000000f5580000, 0x00000000faf80000, 0x0000000100000000)
  eden space 61440K, 92% used [0x00000000f5580000,0x00000000f8ced4d0,0x00000000f9180000)
  from space 15360K, 9% used [0x00000000fa080000,0x00000000fa1fc120,0x00000000faf80000)
  to   space 15360K, 0% used [0x00000000f9180000,0x00000000f9180000,0x00000000fa080000)
 ParOldGen       total 105984K, used 48279K [0x00000000e0000000, 0x00000000e6780000, 0x00000000f5580000)
  object space 105984K, 45% used [0x00000000e0000000,0x00000000e2f25eb0,0x00000000e6780000)
 Metaspace       used 81587K, capacity 87574K, committed 87808K, reserved 1126400K
  class space    used 9898K, capacity 11775K, committed 11776K, reserved 1048576K
GC Heap History (10 events):
Event: 780.614 GC heap before
{Heap before GC invocations=46 (full 14):
 PSYoungGen      total 77312K, used 35276K [0x00000000f5580000, 0x00000000fb280000, 0x0000000100000000)
  eden space 59392K, 55% used [0x00000000f5580000,0x00000000f75b8f38,0x00000000f8f80000)
  from space 17920K, 12% used [0x00000000f8f80000,0x00000000f91ba258,0x00000000fa100000)
  to   space 17408K, 0% used [0x00000000fa180000,0x00000000fa180000,0x00000000fb280000)
 ParOldGen       total 105984K, used 48203K [0x00000000e0000000, 0x00000000e6780000, 0x00000000f5580000)
  object space 105984K, 45% used [0x00000000e0000000,0x00000000e2f12fe8,0x00000000e6780000)
 Metaspace       used 80384K, capacity 86458K, committed 86528K, reserved 1124352K
  class space    used 9794K, capacity 11707K, committed 11776K, reserved 1048576K
Event: 780.625 GC heap after
Heap after GC invocations=46 (full 14):
 PSYoungGen      total 75776K, used 3288K [0x00000000f5580000, 0x00000000fb080000, 0x0000000100000000)
  eden space 60416K, 0% used [0x00000000f5580000,0x00000000f5580000,0x00000000f9080000)
  from space 15360K, 21% used [0x00000000fa180000,0x00000000fa4b61a8,0x00000000fb080000)
  to   space 16384K, 0% used [0x00000000f9080000,0x00000000f9080000,0x00000000fa080000)
 ParOldGen       total 105984K, used 48203K [0x00000000e0000000, 0x00000000e6780000, 0x00000000f5580000)
  object space 105984K, 45% used [0x00000000e0000000,0x00000000e2f12fe8,0x00000000e6780000)
 Metaspace       used 80384K, capacity 86458K, committed 86528K, reserved 1124352K
  class space    used 9794K, capacity 11707K, committed 11776K, reserved 1048576K
}
Event: 780.626 GC heap before
{Heap before GC invocations=47 (full 15):
 PSYoungGen      total 75776K, used 3288K [0x00000000f5580000, 0x00000000fb080000, 0x0000000100000000)
  eden space 60416K, 0% used [0x00000000f5580000,0x00000000f5580000,0x00000000f9080000)
  from space 15360K, 21% used [0x00000000fa180000,0x00000000fa4b61a8,0x00000000fb080000)
  to   space 16384K, 0% used [0x00000000f9080000,0x00000000f9080000,0x00000000fa080000)
 ParOldGen       total 105984K, used 48203K [0x00000000e0000000, 0x00000000e6780000, 0x00000000f5580000)
  object space 105984K, 45% used [0x00000000e0000000,0x00000000e2f12fe8,0x00000000e6780000)
 Metaspace       used 80384K, capacity 86458K, committed 86528K, reserved 1124352K
  class space    used 9794K, capacity 11707K, committed 11776K, reserved 1048576K
Event: 781.010 GC heap after
Heap after GC invocations=47 (full 15):
 PSYoungGen      total 75776K, used 0K [0x00000000f5580000, 0x00000000fb080000, 0x0000000100000000)
  eden space 60416K, 0% used [0x00000000f5580000,0x00000000f5580000,0x00000000f9080000)
  from space 15360K, 0% used [0x00000000fa180000,0x00000000fa180000,0x00000000fb080000)
  to   space 16384K, 0% used [0x00000000f9080000,0x00000000f9080000,0x00000000fa080000)
 ParOldGen       total 105984K, used 48216K [0x00000000e0000000, 0x00000000e6780000, 0x00000000f5580000)
  object space 105984K, 45% used [0x00000000e0000000,0x00000000e2f162a8,0x00000000e6780000)
 Metaspace       used 80384K, capacity 86458K, committed 86528K, reserved 1124352K
  class space    used 9794K, capacity 11707K, committed 11776K, reserved 1048576K
}
Event: 840.626 GC heap before
{Heap before GC invocations=48 (full 15):
 PSYoungGen      total 75776K, used 54514K [0x00000000f5580000, 0x00000000fb080000, 0x0000000100000000)
  eden space 60416K, 90% used [0x00000000f5580000,0x00000000f8abc890,0x00000000f9080000)
  from space 15360K, 0% used [0x00000000fa180000,0x00000000fa180000,0x00000000fb080000)
  to   space 16384K, 0% used [0x00000000f9080000,0x00000000f9080000,0x00000000fa080000)
 ParOldGen       total 105984K, used 48216K [0x00000000e0000000, 0x00000000e6780000, 0x00000000f5580000)
  object space 105984K, 45% used [0x00000000e0000000,0x00000000e2f162a8,0x00000000e6780000)
 Metaspace       used 80532K, capacity 86590K, committed 86784K, reserved 1124352K
  class space    used 9794K, capacity 11707K, committed 11776K, reserved 1048576K
Event: 840.629 GC heap after
Heap after GC invocations=48 (full 15):
 PSYoungGen      total 76800K, used 958K [0x00000000f5580000, 0x00000000fb080000, 0x0000000100000000)
  eden space 60416K, 0% used [0x00000000f5580000,0x00000000f5580000,0x00000000f9080000)
  from space 16384K, 5% used [0x00000000f9080000,0x00000000f916f9d8,0x00000000fa080000)
  to   space 16384K, 0% used [0x00000000fa080000,0x00000000fa080000,0x00000000fb080000)
 ParOldGen       total 105984K, used 48224K [0x00000000e0000000, 0x00000000e6780000, 0x00000000f5580000)
  object space 105984K, 45% used [0x00000000e0000000,0x00000000e2f182a8,0x00000000e6780000)
 Metaspace       used 80532K, capacity 86590K, committed 86784K, reserved 1124352K
  class space    used 9794K, capacity 11707K, committed 11776K, reserved 1048576K
}
Event: 840.629 GC heap before
{Heap before GC invocations=49 (full 16):
 PSYoungGen      total 76800K, used 958K [0x00000000f5580000, 0x00000000fb080000, 0x0000000100000000)
  eden space 60416K, 0% used [0x00000000f5580000,0x00000000f5580000,0x00000000f9080000)
  from space 16384K, 5% used [0x00000000f9080000,0x00000000f916f9d8,0x00000000fa080000)
  to   space 16384K, 0% used [0x00000000fa080000,0x00000000fa080000,0x00000000fb080000)
 ParOldGen       total 105984K, used 48224K [0x00000000e0000000, 0x00000000e6780000, 0x00000000f5580000)
  object space 105984K, 45% used [0x00000000e0000000,0x00000000e2f182a8,0x00000000e6780000)
 Metaspace       used 80532K, capacity 86590K, committed 86784K, reserved 1124352K
  class space    used 9794K, capacity 11707K, committed 11776K, reserved 1048576K
Event: 840.869 GC heap after
Heap after GC invocations=49 (full 16):
 PSYoungGen      total 76800K, used 0K [0x00000000f5580000, 0x00000000fb080000, 0x0000000100000000)
  eden space 60416K, 0% used [0x00000000f5580000,0x00000000f5580000,0x00000000f9080000)
  from space 16384K, 0% used [0x00000000f9080000,0x00000000f9080000,0x00000000fa080000)
  to   space 16384K, 0% used [0x00000000fa080000,0x00000000fa080000,0x00000000fb080000)
 ParOldGen       total 105984K, used 48271K [0x00000000e0000000, 0x00000000e6780000, 0x00000000f5580000)
  object space 105984K, 45% used [0x00000000e0000000,0x00000000e2f23eb0,0x00000000e6780000)
 Metaspace       used 80532K, capacity 86590K, committed 86784K, reserved 1124352K
  class space    used 9794K, capacity 11707K, committed 11776K, reserved 1048576K
}
Event: 894.575 GC heap before
{Heap before GC invocations=50 (full 16):
 PSYoungGen      total 76800K, used 60416K [0x00000000f5580000, 0x00000000fb080000, 0x0000000100000000)
  eden space 60416K, 100% used [0x00000000f5580000,0x00000000f9080000,0x00000000f9080000)
  from space 16384K, 0% used [0x00000000f9080000,0x00000000f9080000,0x00000000fa080000)
  to   space 16384K, 0% used [0x00000000fa080000,0x00000000fa080000,0x00000000fb080000)
 ParOldGen       total 105984K, used 48271K [0x00000000e0000000, 0x00000000e6780000, 0x00000000f5580000)
  object space 105984K, 45% used [0x00000000e0000000,0x00000000e2f23eb0,0x00000000e6780000)
 Metaspace       used 80663K, capacity 86660K, committed 86784K, reserved 1124352K
  class space    used 9795K, capacity 11708K, committed 11776K, reserved 1048576K
Event: 894.578 GC heap after
Heap after GC invocations=50 (full 16):
 PSYoungGen      total 76800K, used 1520K [0x00000000f5580000, 0x00000000faf80000, 0x0000000100000000)
  eden space 61440K, 0% used [0x00000000f5580000,0x00000000f5580000,0x00000000f9180000)
  from space 15360K, 9% used [0x00000000fa080000,0x00000000fa1fc120,0x00000000faf80000)
  to   space 15360K, 0% used [0x00000000f9180000,0x00000000f9180000,0x00000000fa080000)
 ParOldGen       total 105984K, used 48279K [0x00000000e0000000, 0x00000000e6780000, 0x00000000f5580000)
  object space 105984K, 45% used [0x00000000e0000000,0x00000000e2f25eb0,0x00000000e6780000)
 Metaspace       used 80663K, capacity 86660K, committed 86784K, reserved 1124352K
  class space    used 9795K, capacity 11708K, committed 11776K, reserved 1048576K
}

