# JRE version: Java(TM) SE Runtime Environment (8.0_25-b18) (build 1.8.0_25-b18)
# Java VM: Java HotSpot(TM) 64-Bit Server VM (25.25-b02 mixed mode windows-amd64 compressed oops)
Heap:
 PSYoungGen      total 166400K, used 35044K [0x00000000f5580000, 0x0000000100000000, 0x0000000100000000)
  eden space 159232K, 22% used [0x00000000f5580000,0x00000000f77b91e8,0x00000000ff100000)
  from space 7168K, 0% used [0x00000000ff900000,0x00000000ff900000,0x0000000100000000)
  to   space 7680K, 0% used [0x00000000ff100000,0x00000000ff100000,0x00000000ff880000)
 ParOldGen       total 69120K, used 46848K [0x00000000e0000000, 0x00000000e4380000, 0x00000000f5580000)
  object space 69120K, 67% used [0x00000000e0000000,0x00000000e2dc0260,0x00000000e4380000)
 Metaspace       used 83998K, capacity 90296K, committed 90624K, reserved 1128448K
  class space    used 9985K, capacity 11908K, committed 12032K, reserved 1048576K
GC Heap History (10 events):
Event: 3755.354 GC heap before
{Heap before GC invocations=127 (full 57):
 PSYoungGen      total 141312K, used 3988K [0x00000000f5580000, 0x00000000fe200000, 0x0000000100000000)
  eden space 140800K, 2% used [0x00000000f5580000,0x00000000f59652e0,0x00000000fdf00000)
  from space 512K, 0% used [0x00000000fdf00000,0x00000000fdf00000,0x00000000fdf80000)
  to   space 1536K, 0% used [0x00000000fe080000,0x00000000fe080000,0x00000000fe200000)
 ParOldGen       total 69120K, used 34178K [0x00000000e0000000, 0x00000000e4380000, 0x00000000f5580000)
  object space 69120K, 49% used [0x00000000e0000000,0x00000000e21609f8,0x00000000e4380000)
 Metaspace       used 78787K, capacity 84634K, committed 84992K, reserved 1122304K
  class space    used 9322K, capacity 11185K, committed 11264K, reserved 1048576K
Event: 3755.357 GC heap after
Heap after GC invocations=127 (full 57):
 PSYoungGen      total 142336K, used 160K [0x00000000f5580000, 0x00000000fe200000, 0x0000000100000000)
  eden space 140800K, 0% used [0x00000000f5580000,0x00000000f5580000,0x00000000fdf00000)
  from space 1536K, 10% used [0x00000000fe080000,0x00000000fe0a8000,0x00000000fe200000)
  to   space 1536K, 0% used [0x00000000fdf00000,0x00000000fdf00000,0x00000000fe080000)
 ParOldGen       total 69120K, used 34178K [0x00000000e0000000, 0x00000000e4380000, 0x00000000f5580000)
  object space 69120K, 49% used [0x00000000e0000000,0x00000000e21609f8,0x00000000e4380000)
 Metaspace       used 78787K, capacity 84634K, committed 84992K, reserved 1122304K
  class space    used 9322K, capacity 11185K, committed 11264K, reserved 1048576K
}
Event: 3755.357 GC heap before
{Heap before GC invocations=128 (full 58):
 PSYoungGen      total 142336K, used 160K [0x00000000f5580000, 0x00000000fe200000, 0x0000000100000000)
  eden space 140800K, 0% used [0x00000000f5580000,0x00000000f5580000,0x00000000fdf00000)
  from space 1536K, 10% used [0x00000000fe080000,0x00000000fe0a8000,0x00000000fe200000)
  to   space 1536K, 0% used [0x00000000fdf00000,0x00000000fdf00000,0x00000000fe080000)
 ParOldGen       total 69120K, used 34178K [0x00000000e0000000, 0x00000000e4380000, 0x00000000f5580000)
  object space 69120K, 49% used [0x00000000e0000000,0x00000000e21609f8,0x00000000e4380000)
 Metaspace       used 78787K, capacity 84634K, committed 84992K, reserved 1122304K
  class space    used 9322K, capacity 11185K, committed 11264K, reserved 1048576K
Event: 3755.438 GC heap after
Heap after GC invocations=128 (full 58):
 PSYoungGen      total 142336K, used 0K [0x00000000f5580000, 0x00000000fe200000, 0x0000000100000000)
  eden space 140800K, 0% used [0x00000000f5580000,0x00000000f5580000,0x00000000fdf00000)
  from space 1536K, 0% used [0x00000000fe080000,0x00000000fe080000,0x00000000fe200000)
  to   space 1536K, 0% used [0x00000000fdf00000,0x00000000fdf00000,0x00000000fe080000)
 ParOldGen       total 69120K, used 34178K [0x00000000e0000000, 0x00000000e4380000, 0x00000000f5580000)
  object space 69120K, 49% used [0x00000000e0000000,0x00000000e21609f8,0x00000000e4380000)
 Metaspace       used 78787K, capacity 84634K, committed 84992K, reserved 1122304K
  class space    used 9322K, capacity 11185K, committed 11264K, reserved 1048576K
}
Event: 3881.750 GC heap before
{Heap before GC invocations=129 (full 58):
 PSYoungGen      total 142336K, used 140800K [0x00000000f5580000, 0x00000000fe200000, 0x0000000100000000)
  eden space 140800K, 100% used [0x00000000f5580000,0x00000000fdf00000,0x00000000fdf00000)
  from space 1536K, 0% used [0x00000000fe080000,0x00000000fe080000,0x00000000fe200000)
  to   space 1536K, 0% used [0x00000000fdf00000,0x00000000fdf00000,0x00000000fe080000)
 ParOldGen       total 69120K, used 34178K [0x00000000e0000000, 0x00000000e4380000, 0x00000000f5580000)
  object space 69120K, 49% used [0x00000000e0000000,0x00000000e21609f8,0x00000000e4380000)
 Metaspace       used 82841K, capacity 88786K, committed 88960K, reserved 1126400K
  class space    used 9874K, capacity 11796K, committed 11904K, reserved 1048576K
Event: 3881.755 GC heap after
Heap after GC invocations=129 (full 58):
 PSYoungGen      total 142336K, used 1522K [0x00000000f5580000, 0x0000000100000000, 0x0000000100000000)
  eden space 140800K, 0% used [0x00000000f5580000,0x00000000f5580000,0x00000000fdf00000)
  from space 1536K, 99% used [0x00000000fdf00000,0x00000000fe07c848,0x00000000fe080000)
  to   space 7168K, 0% used [0x00000000ff900000,0x00000000ff900000,0x0000000100000000)
 ParOldGen       total 69120K, used 48554K [0x00000000e0000000, 0x00000000e4380000, 0x00000000f5580000)
  object space 69120K, 70% used [0x00000000e0000000,0x00000000e2f6aa10,0x00000000e4380000)
 Metaspace       used 82841K, capacity 88786K, committed 88960K, reserved 1126400K
  class space    used 9874K, capacity 11796K, committed 11904K, reserved 1048576K
}
Event: 3927.477 GC heap before
{Heap before GC invocations=130 (full 58):
 PSYoungGen      total 142336K, used 128974K [0x00000000f5580000, 0x0000000100000000, 0x0000000100000000)
  eden space 140800K, 90% used [0x00000000f5580000,0x00000000fd1f7218,0x00000000fdf00000)
  from space 1536K, 99% used [0x00000000fdf00000,0x00000000fe07c848,0x00000000fe080000)
  to   space 7168K, 0% used [0x00000000ff900000,0x00000000ff900000,0x0000000100000000)
 ParOldGen       total 69120K, used 48554K [0x00000000e0000000, 0x00000000e4380000, 0x00000000f5580000)
  object space 69120K, 70% used [0x00000000e0000000,0x00000000e2f6aa10,0x00000000e4380000)
 Metaspace       used 83250K, capacity 89392K, committed 89472K, reserved 1126400K
  class space    used 9902K, capacity 11870K, committed 11904K, reserved 1048576K
Event: 3927.481 GC heap after
Heap after GC invocations=130 (full 58):
 PSYoungGen      total 166400K, used 4351K [0x00000000f5580000, 0x0000000100000000, 0x0000000100000000)
  eden space 159232K, 0% used [0x00000000f5580000,0x00000000f5580000,0x00000000ff100000)
  from space 7168K, 60% used [0x00000000ff900000,0x00000000ffd3fc20,0x0000000100000000)
  to   space 7680K, 0% used [0x00000000ff100000,0x00000000ff100000,0x00000000ff880000)
 ParOldGen       total 69120K, used 49849K [0x00000000e0000000, 0x00000000e4380000, 0x00000000f5580000)
  object space 69120K, 72% used [0x00000000e0000000,0x00000000e30ae630,0x00000000e4380000)
 Metaspace       used 83250K, capacity 89392K, committed 89472K, reserved 1126400K
  class space    used 9902K, capacity 11870K, committed 11904K, reserved 1048576K
}
Event: 3927.481 GC heap before
{Heap before GC invocations=131 (full 59):
 PSYoungGen      total 166400K, used 4351K [0x00000000f5580000, 0x0000000100000000, 0x0000000100000000)
  eden space 159232K, 0% used [0x00000000f5580000,0x00000000f5580000,0x00000000ff100000)
  from space 7168K, 60% used [0x00000000ff900000,0x00000000ffd3fc20,0x0000000100000000)
  to   space 7680K, 0% used [0x00000000ff100000,0x00000000ff100000,0x00000000ff880000)
 ParOldGen       total 69120K, used 49849K [0x00000000e0000000, 0x00000000e4380000, 0x00000000f5580000)
  object space 69120K, 72% used [0x00000000e0000000,0x00000000e30ae630,0x00000000e4380000)
 Metaspace       used 83250K, capacity 89392K, committed 89472K, reserved 1126400K
  class space    used 9902K, capacity 11870K, committed 11904K, reserved 1048576K
Event: 3927.694 GC heap after
Heap after GC invocations=131 (full 59):
 PSYoungGen      total 166400K, used 0K [0x00000000f5580000, 0x0000000100000000, 0x0000000100000000)
  eden space 159232K, 0% used [0x00000000f5580000,0x00000000f5580000,0x00000000ff100000)
  from space 7168K, 0% used [0x00000000ff900000,0x00000000ff900000,0x0000000100000000)
  to   space 7680K, 0% used [0x00000000ff100000,0x00000000ff100000,0x00000000ff880000)
 ParOldGen       total 69120K, used 46848K [0x00000000e0000000, 0x00000000e4380000, 0x00000000f5580000)
  object space 69120K, 67% used [0x00000000e0000000,0x00000000e2dc0260,0x00000000e4380000)
 Metaspace       used 83250K, capacity 89392K, committed 89472K, reserved 1126400K
  class space    used 9902K, capacity 11870K, committed 11904K, reserved 1048576K
}

