# JRE version: Java(TM) SE Runtime Environment (8.0_25-b18) (build 1.8.0_25-b18)
# Java VM: Java HotSpot(TM) 64-Bit Server VM (25.25-b02 mixed mode windows-amd64 compressed oops)
Heap:
 PSYoungGen      total 39424K, used 21634K [0x00000000f5580000, 0x00000000f8400000, 0x0000000100000000)
  eden space 35328K, 49% used [0x00000000f5580000,0x00000000f66aa5d8,0x00000000f7800000)
  from space 4096K, 99% used [0x00000000f7880000,0x00000000f7c76620,0x00000000f7c80000)
  to   space 6144K, 0% used [0x00000000f7e00000,0x00000000f7e00000,0x00000000f8400000)
 ParOldGen       total 106496K, used 53460K [0x00000000e0000000, 0x00000000e6800000, 0x00000000f5580000)
  object space 106496K, 50% used [0x00000000e0000000,0x00000000e3435090,0x00000000e6800000)
 Metaspace       used 85813K, capacity 91606K, committed 91904K, reserved 1128448K
  class space    used 10090K, capacity 11935K, committed 12032K, reserved 1048576K
GC Heap History (10 events):
Event: 1411.906 GC heap before
{Heap before GC invocations=72 (full 7):
 PSYoungGen      total 43520K, used 41740K [0x00000000f5580000, 0x00000000f8780000, 0x0000000100000000)
  eden space 37888K, 100% used [0x00000000f5580000,0x00000000f7a80000,0x00000000f7a80000)
  from space 5632K, 68% used [0x00000000f8200000,0x00000000f85c3190,0x00000000f8780000)
  to   space 6656K, 0% used [0x00000000f7a80000,0x00000000f7a80000,0x00000000f8100000)
 ParOldGen       total 106496K, used 52944K [0x00000000e0000000, 0x00000000e6800000, 0x00000000f5580000)
  object space 106496K, 49% used [0x00000000e0000000,0x00000000e33b4030,0x00000000e6800000)
 Metaspace       used 84781K, capacity 90482K, committed 90752K, reserved 1128448K
  class space    used 9977K, capacity 11839K, committed 11904K, reserved 1048576K
Event: 1411.909 GC heap after
Heap after GC invocations=72 (full 7):
 PSYoungGen      total 41472K, used 3738K [0x00000000f5580000, 0x00000000f8700000, 0x0000000100000000)
  eden space 37376K, 0% used [0x00000000f5580000,0x00000000f5580000,0x00000000f7a00000)
  from space 4096K, 91% used [0x00000000f7a80000,0x00000000f7e26998,0x00000000f7e80000)
  to   space 6656K, 0% used [0x00000000f8080000,0x00000000f8080000,0x00000000f8700000)
 ParOldGen       total 106496K, used 53188K [0x00000000e0000000, 0x00000000e6800000, 0x00000000f5580000)
  object space 106496K, 49% used [0x00000000e0000000,0x00000000e33f1090,0x00000000e6800000)
 Metaspace       used 84781K, capacity 90482K, committed 90752K, reserved 1128448K
  class space    used 9977K, capacity 11839K, committed 11904K, reserved 1048576K
}
Event: 1416.019 GC heap before
{Heap before GC invocations=73 (full 7):
 PSYoungGen      total 41472K, used 41114K [0x00000000f5580000, 0x00000000f8700000, 0x0000000100000000)
  eden space 37376K, 100% used [0x00000000f5580000,0x00000000f7a00000,0x00000000f7a00000)
  from space 4096K, 91% used [0x00000000f7a80000,0x00000000f7e26998,0x00000000f7e80000)
  to   space 6656K, 0% used [0x00000000f8080000,0x00000000f8080000,0x00000000f8700000)
 ParOldGen       total 106496K, used 53188K [0x00000000e0000000, 0x00000000e6800000, 0x00000000f5580000)
  object space 106496K, 49% used [0x00000000e0000000,0x00000000e33f1090,0x00000000e6800000)
 Metaspace       used 84786K, capacity 90482K, committed 90752K, reserved 1128448K
  class space    used 9977K, capacity 11839K, committed 11904K, reserved 1048576K
Event: 1416.023 GC heap after
Heap after GC invocations=73 (full 7):
 PSYoungGen      total 43008K, used 3770K [0x00000000f5580000, 0x00000000f8680000, 0x0000000100000000)
  eden space 36864K, 0% used [0x00000000f5580000,0x00000000f5580000,0x00000000f7980000)
  from space 6144K, 61% used [0x00000000f8080000,0x00000000f842e998,0x00000000f8680000)
  to   space 6656K, 0% used [0x00000000f7980000,0x00000000f7980000,0x00000000f8000000)
 ParOldGen       total 106496K, used 53252K [0x00000000e0000000, 0x00000000e6800000, 0x00000000f5580000)
  object space 106496K, 50% used [0x00000000e0000000,0x00000000e3401090,0x00000000e6800000)
 Metaspace       used 84786K, capacity 90482K, committed 90752K, reserved 1128448K
  class space    used 9977K, capacity 11839K, committed 11904K, reserved 1048576K
}
Event: 1434.062 GC heap before
{Heap before GC invocations=74 (full 7):
 PSYoungGen      total 43008K, used 40634K [0x00000000f5580000, 0x00000000f8680000, 0x0000000100000000)
  eden space 36864K, 100% used [0x00000000f5580000,0x00000000f7980000,0x00000000f7980000)
  from space 6144K, 61% used [0x00000000f8080000,0x00000000f842e998,0x00000000f8680000)
  to   space 6656K, 0% used [0x00000000f7980000,0x00000000f7980000,0x00000000f8000000)
 ParOldGen       total 106496K, used 53252K [0x00000000e0000000, 0x00000000e6800000, 0x00000000f5580000)
  object space 106496K, 50% used [0x00000000e0000000,0x00000000e3401090,0x00000000e6800000)
 Metaspace       used 84874K, capacity 90482K, committed 90752K, reserved 1128448K
  class space    used 9983K, capacity 11839K, committed 11904K, reserved 1048576K
Event: 1434.065 GC heap after
Heap after GC invocations=74 (full 7):
 PSYoungGen      total 40448K, used 3812K [0x00000000f5580000, 0x00000000f8600000, 0x0000000100000000)
  eden space 36352K, 0% used [0x00000000f5580000,0x00000000f5580000,0x00000000f7900000)
  from space 4096K, 93% used [0x00000000f7980000,0x00000000f7d391f0,0x00000000f7d80000)
  to   space 6656K, 0% used [0x00000000f7f80000,0x00000000f7f80000,0x00000000f8600000)
 ParOldGen       total 106496K, used 53324K [0x00000000e0000000, 0x00000000e6800000, 0x00000000f5580000)
  object space 106496K, 50% used [0x00000000e0000000,0x00000000e3413090,0x00000000e6800000)
 Metaspace       used 84874K, capacity 90482K, committed 90752K, reserved 1128448K
  class space    used 9983K, capacity 11839K, committed 11904K, reserved 1048576K
}
Event: 1442.466 GC heap before
{Heap before GC invocations=75 (full 7):
 PSYoungGen      total 40448K, used 40155K [0x00000000f5580000, 0x00000000f8600000, 0x0000000100000000)
  eden space 36352K, 99% used [0x00000000f5580000,0x00000000f78fdcf0,0x00000000f7900000)
  from space 4096K, 93% used [0x00000000f7980000,0x00000000f7d391f0,0x00000000f7d80000)
  to   space 6656K, 0% used [0x00000000f7f80000,0x00000000f7f80000,0x00000000f8600000)
 ParOldGen       total 106496K, used 53324K [0x00000000e0000000, 0x00000000e6800000, 0x00000000f5580000)
  object space 106496K, 50% used [0x00000000e0000000,0x00000000e3413090,0x00000000e6800000)
 Metaspace       used 84911K, capacity 90482K, committed 90752K, reserved 1128448K
  class space    used 9983K, capacity 11839K, committed 11904K, reserved 1048576K
Event: 1442.469 GC heap after
Heap after GC invocations=75 (full 7):
 PSYoungGen      total 40960K, used 3890K [0x00000000f5580000, 0x00000000f8480000, 0x0000000100000000)
  eden space 35840K, 0% used [0x00000000f5580000,0x00000000f5580000,0x00000000f7880000)
  from space 5120K, 75% used [0x00000000f7f80000,0x00000000f834c8a8,0x00000000f8480000)
  to   space 6144K, 0% used [0x00000000f7880000,0x00000000f7880000,0x00000000f7e80000)
 ParOldGen       total 106496K, used 53388K [0x00000000e0000000, 0x00000000e6800000, 0x00000000f5580000)
  object space 106496K, 50% used [0x00000000e0000000,0x00000000e3423090,0x00000000e6800000)
 Metaspace       used 84911K, capacity 90482K, committed 90752K, reserved 1128448K
  class space    used 9983K, capacity 11839K, committed 11904K, reserved 1048576K
}
Event: 1514.689 GC heap before
{Heap before GC invocations=76 (full 7):
 PSYoungGen      total 40960K, used 39730K [0x00000000f5580000, 0x00000000f8480000, 0x0000000100000000)
  eden space 35840K, 100% used [0x00000000f5580000,0x00000000f7880000,0x00000000f7880000)
  from space 5120K, 75% used [0x00000000f7f80000,0x00000000f834c8a8,0x00000000f8480000)
  to   space 6144K, 0% used [0x00000000f7880000,0x00000000f7880000,0x00000000f7e80000)
 ParOldGen       total 106496K, used 53388K [0x00000000e0000000, 0x00000000e6800000, 0x00000000f5580000)
  object space 106496K, 50% used [0x00000000e0000000,0x00000000e3423090,0x00000000e6800000)
 Metaspace       used 85055K, capacity 90742K, committed 91008K, reserved 1128448K
  class space    used 10004K, capacity 11839K, committed 11904K, reserved 1048576K
Event: 1514.691 GC heap after
Heap after GC invocations=76 (full 7):
 PSYoungGen      total 39424K, used 4057K [0x00000000f5580000, 0x00000000f8400000, 0x0000000100000000)
  eden space 35328K, 0% used [0x00000000f5580000,0x00000000f5580000,0x00000000f7800000)
  from space 4096K, 99% used [0x00000000f7880000,0x00000000f7c76620,0x00000000f7c80000)
  to   space 6144K, 0% used [0x00000000f7e00000,0x00000000f7e00000,0x00000000f8400000)
 ParOldGen       total 106496K, used 53460K [0x00000000e0000000, 0x00000000e6800000, 0x00000000f5580000)
  object space 106496K, 50% used [0x00000000e0000000,0x00000000e3435090,0x00000000e6800000)
 Metaspace       used 85055K, capacity 90742K, committed 91008K, reserved 1128448K
  class space    used 10004K, capacity 11839K, committed 11904K, reserved 1048576K
}

