# JRE version: Java(TM) SE Runtime Environment (8.0_25-b18) (build 1.8.0_25-b18)
# Java VM: Java HotSpot(TM) 64-Bit Server VM (25.25-b02 mixed mode windows-amd64 compressed oops)
Heap:
 PSYoungGen      total 46592K, used 37088K [0x00000000f5580000, 0x00000000fad80000, 0x0000000100000000)
  eden space 46080K, 80% used [0x00000000f5580000,0x00000000f79b8340,0x00000000f8280000)
  from space 512K, 0% used [0x00000000f8280000,0x00000000f8280000,0x00000000f8300000)
  to   space 22016K, 0% used [0x00000000f9800000,0x00000000f9800000,0x00000000fad80000)
 ParOldGen       total 108032K, used 38158K [0x00000000e0000000, 0x00000000e6980000, 0x00000000f5580000)
  object space 108032K, 35% used [0x00000000e0000000,0x00000000e25439c0,0x00000000e6980000)
 Metaspace       used 70748K, capacity 76020K, committed 76248K, reserved 1116160K
  class space    used 8708K, capacity 10364K, committed 10456K, reserved 1048576K
GC Heap History (10 events):
Event: 356.975 GC heap before
{Heap before GC invocations=26 (full 7):
 PSYoungGen      total 68096K, used 944K [0x00000000f5580000, 0x00000000fae80000, 0x0000000100000000)
  eden space 45568K, 0% used [0x00000000f5580000,0x00000000f5580000,0x00000000f8200000)
  from space 22528K, 4% used [0x00000000f8200000,0x00000000f82ec020,0x00000000f9800000)
  to   space 22528K, 0% used [0x00000000f9880000,0x00000000f9880000,0x00000000fae80000)
 ParOldGen       total 108032K, used 42664K [0x00000000e0000000, 0x00000000e6980000, 0x00000000f5580000)
  object space 108032K, 39% used [0x00000000e0000000,0x00000000e29aa0a0,0x00000000e6980000)
 Metaspace       used 69541K, capacity 74836K, committed 75096K, reserved 1114112K
  class space    used 8583K, capacity 10203K, committed 10328K, reserved 1048576K
Event: 357.219 GC heap after
Heap after GC invocations=26 (full 7):
 PSYoungGen      total 68096K, used 0K [0x00000000f5580000, 0x00000000fae80000, 0x0000000100000000)
  eden space 45568K, 0% used [0x00000000f5580000,0x00000000f5580000,0x00000000f8200000)
  from space 22528K, 0% used [0x00000000f8200000,0x00000000f8200000,0x00000000f9800000)
  to   space 22528K, 0% used [0x00000000f9880000,0x00000000f9880000,0x00000000fae80000)
 ParOldGen       total 108032K, used 43283K [0x00000000e0000000, 0x00000000e6980000, 0x00000000f5580000)
  object space 108032K, 40% used [0x00000000e0000000,0x00000000e2a44fe8,0x00000000e6980000)
 Metaspace       used 69541K, capacity 74836K, committed 75096K, reserved 1114112K
  class space    used 8583K, capacity 10203K, committed 10328K, reserved 1048576K
}
Event: 416.972 GC heap before
{Heap before GC invocations=27 (full 7):
 PSYoungGen      total 68096K, used 9061K [0x00000000f5580000, 0x00000000fae80000, 0x0000000100000000)
  eden space 45568K, 19% used [0x00000000f5580000,0x00000000f5e596b0,0x00000000f8200000)
  from space 22528K, 0% used [0x00000000f8200000,0x00000000f8200000,0x00000000f9800000)
  to   space 22528K, 0% used [0x00000000f9880000,0x00000000f9880000,0x00000000fae80000)
 ParOldGen       total 108032K, used 43283K [0x00000000e0000000, 0x00000000e6980000, 0x00000000f5580000)
  object space 108032K, 40% used [0x00000000e0000000,0x00000000e2a44fe8,0x00000000e6980000)
 Metaspace       used 69613K, capacity 74964K, committed 75352K, reserved 1114112K
  class space    used 8583K, capacity 10203K, committed 10328K, reserved 1048576K
Event: 416.974 GC heap after
Heap after GC invocations=27 (full 7):
 PSYoungGen      total 68608K, used 320K [0x00000000f5580000, 0x00000000fae80000, 0x0000000100000000)
  eden space 46080K, 0% used [0x00000000f5580000,0x00000000f5580000,0x00000000f8280000)
  from space 22528K, 1% used [0x00000000f9880000,0x00000000f98d0000,0x00000000fae80000)
  to   space 22528K, 0% used [0x00000000f8280000,0x00000000f8280000,0x00000000f9880000)
 ParOldGen       total 108032K, used 43291K [0x00000000e0000000, 0x00000000e6980000, 0x00000000f5580000)
  object space 108032K, 40% used [0x00000000e0000000,0x00000000e2a46fe8,0x00000000e6980000)
 Metaspace       used 69613K, capacity 74964K, committed 75352K, reserved 1114112K
  class space    used 8583K, capacity 10203K, committed 10328K, reserved 1048576K
}
Event: 416.975 GC heap before
{Heap before GC invocations=28 (full 8):
 PSYoungGen      total 68608K, used 320K [0x00000000f5580000, 0x00000000fae80000, 0x0000000100000000)
  eden space 46080K, 0% used [0x00000000f5580000,0x00000000f5580000,0x00000000f8280000)
  from space 22528K, 1% used [0x00000000f9880000,0x00000000f98d0000,0x00000000fae80000)
  to   space 22528K, 0% used [0x00000000f8280000,0x00000000f8280000,0x00000000f9880000)
 ParOldGen       total 108032K, used 43291K [0x00000000e0000000, 0x00000000e6980000, 0x00000000f5580000)
  object space 108032K, 40% used [0x00000000e0000000,0x00000000e2a46fe8,0x00000000e6980000)
 Metaspace       used 69613K, capacity 74964K, committed 75352K, reserved 1114112K
  class space    used 8583K, capacity 10203K, committed 10328K, reserved 1048576K
Event: 417.122 GC heap after
Heap after GC invocations=28 (full 8):
 PSYoungGen      total 68608K, used 0K [0x00000000f5580000, 0x00000000fae80000, 0x0000000100000000)
  eden space 46080K, 0% used [0x00000000f5580000,0x00000000f5580000,0x00000000f8280000)
  from space 22528K, 0% used [0x00000000f9880000,0x00000000f9880000,0x00000000fae80000)
  to   space 22528K, 0% used [0x00000000f8280000,0x00000000f8280000,0x00000000f9880000)
 ParOldGen       total 108032K, used 42944K [0x00000000e0000000, 0x00000000e6980000, 0x00000000f5580000)
  object space 108032K, 39% used [0x00000000e0000000,0x00000000e29f03a0,0x00000000e6980000)
 Metaspace       used 69613K, capacity 74964K, committed 75352K, reserved 1114112K
  class space    used 8583K, capacity 10203K, committed 10328K, reserved 1048576K
}
Event: 476.982 GC heap before
{Heap before GC invocations=29 (full 8):
 PSYoungGen      total 68608K, used 12706K [0x00000000f5580000, 0x00000000fae80000, 0x0000000100000000)
  eden space 46080K, 27% used [0x00000000f5580000,0x00000000f61e8800,0x00000000f8280000)
  from space 22528K, 0% used [0x00000000f9880000,0x00000000f9880000,0x00000000fae80000)
  to   space 22528K, 0% used [0x00000000f8280000,0x00000000f8280000,0x00000000f9880000)
 ParOldGen       total 108032K, used 42944K [0x00000000e0000000, 0x00000000e6980000, 0x00000000f5580000)
  object space 108032K, 39% used [0x00000000e0000000,0x00000000e29f03a0,0x00000000e6980000)
 Metaspace       used 69654K, capacity 74964K, committed 75352K, reserved 1114112K
  class space    used 8583K, capacity 10203K, committed 10328K, reserved 1048576K
Event: 476.985 GC heap after
Heap after GC invocations=29 (full 8):
 PSYoungGen      total 46592K, used 288K [0x00000000f5580000, 0x00000000fad80000, 0x0000000100000000)
  eden space 46080K, 0% used [0x00000000f5580000,0x00000000f5580000,0x00000000f8280000)
  from space 512K, 56% used [0x00000000f8280000,0x00000000f82c8000,0x00000000f8300000)
  to   space 22016K, 0% used [0x00000000f9800000,0x00000000f9800000,0x00000000fad80000)
 ParOldGen       total 108032K, used 42944K [0x00000000e0000000, 0x00000000e6980000, 0x00000000f5580000)
  object space 108032K, 39% used [0x00000000e0000000,0x00000000e29f03a0,0x00000000e6980000)
 Metaspace       used 69654K, capacity 74964K, committed 75352K, reserved 1114112K
  class space    used 8583K, capacity 10203K, committed 10328K, reserved 1048576K
}
Event: 476.985 GC heap before
{Heap before GC invocations=30 (full 9):
 PSYoungGen      total 46592K, used 288K [0x00000000f5580000, 0x00000000fad80000, 0x0000000100000000)
  eden space 46080K, 0% used [0x00000000f5580000,0x00000000f5580000,0x00000000f8280000)
  from space 512K, 56% used [0x00000000f8280000,0x00000000f82c8000,0x00000000f8300000)
  to   space 22016K, 0% used [0x00000000f9800000,0x00000000f9800000,0x00000000fad80000)
 ParOldGen       total 108032K, used 42944K [0x00000000e0000000, 0x00000000e6980000, 0x00000000f5580000)
  object space 108032K, 39% used [0x00000000e0000000,0x00000000e29f03a0,0x00000000e6980000)
 Metaspace       used 69654K, capacity 74964K, committed 75352K, reserved 1114112K
  class space    used 8583K, capacity 10203K, committed 10328K, reserved 1048576K
Event: 477.194 GC heap after
Heap after GC invocations=30 (full 9):
 PSYoungGen      total 46592K, used 0K [0x00000000f5580000, 0x00000000fad80000, 0x0000000100000000)
  eden space 46080K, 0% used [0x00000000f5580000,0x00000000f5580000,0x00000000f8280000)
  from space 512K, 0% used [0x00000000f8280000,0x00000000f8280000,0x00000000f8300000)
  to   space 22016K, 0% used [0x00000000f9800000,0x00000000f9800000,0x00000000fad80000)
 ParOldGen       total 108032K, used 38158K [0x00000000e0000000, 0x00000000e6980000, 0x00000000f5580000)
  object space 108032K, 35% used [0x00000000e0000000,0x00000000e25439c0,0x00000000e6980000)
 Metaspace       used 69650K, capacity 74958K, committed 75352K, reserved 1114112K
  class space    used 8582K, capacity 10202K, committed 10328K, reserved 1048576K
}

