# JRE version: Java(TM) SE Runtime Environment (8.0_25-b18) (build 1.8.0_25-b18)
# Java VM: Java HotSpot(TM) 64-Bit Server VM (25.25-b02 mixed mode windows-amd64 compressed oops)
Heap:
 PSYoungGen      total 46080K, used 41920K [0x00000000f5580000, 0x00000000fa200000, 0x0000000100000000)
  eden space 42496K, 90% used [0x00000000f5580000,0x00000000f7b29fa8,0x00000000f7f00000)
  from space 3584K, 93% used [0x00000000f7f80000,0x00000000f82c61a8,0x00000000f8300000)
  to   space 17920K, 0% used [0x00000000f9080000,0x00000000f9080000,0x00000000fa200000)
 ParOldGen       total 94208K, used 59733K [0x00000000e0000000, 0x00000000e5c00000, 0x00000000f5580000)
  object space 94208K, 63% used [0x00000000e0000000,0x00000000e3a55500,0x00000000e5c00000)
 Metaspace       used 86011K, capacity 92082K, committed 92544K, reserved 1130496K
  class space    used 10211K, capacity 12043K, committed 12160K, reserved 1048576K
GC Heap History (10 events):
Event: 536.961 GC heap before
{Heap before GC invocations=50 (full 3):
 PSYoungGen      total 67072K, used 48120K [0x00000000f5580000, 0x00000000faf80000, 0x0000000100000000)
  eden space 45056K, 100% used [0x00000000f5580000,0x00000000f8180000,0x00000000f8180000)
  from space 22016K, 13% used [0x00000000f9a00000,0x00000000f9cfe1a8,0x00000000faf80000)
  to   space 23552K, 0% used [0x00000000f8180000,0x00000000f8180000,0x00000000f9880000)
 ParOldGen       total 94208K, used 59549K [0x00000000e0000000, 0x00000000e5c00000, 0x00000000f5580000)
  object space 94208K, 63% used [0x00000000e0000000,0x00000000e3a27500,0x00000000e5c00000)
 Metaspace       used 85069K, capacity 91042K, committed 91392K, reserved 1128448K
  class space    used 10108K, capacity 11977K, committed 12032K, reserved 1048576K
Event: 536.964 GC heap after
Heap after GC invocations=50 (full 3):
 PSYoungGen      total 48128K, used 3128K [0x00000000f5580000, 0x00000000fac00000, 0x0000000100000000)
  eden space 44544K, 0% used [0x00000000f5580000,0x00000000f5580000,0x00000000f8100000)
  from space 3584K, 87% used [0x00000000f8180000,0x00000000f848e1a8,0x00000000f8500000)
  to   space 22016K, 0% used [0x00000000f9680000,0x00000000f9680000,0x00000000fac00000)
 ParOldGen       total 94208K, used 59597K [0x00000000e0000000, 0x00000000e5c00000, 0x00000000f5580000)
  object space 94208K, 63% used [0x00000000e0000000,0x00000000e3a33500,0x00000000e5c00000)
 Metaspace       used 85069K, capacity 91042K, committed 91392K, reserved 1128448K
  class space    used 10108K, capacity 11977K, committed 12032K, reserved 1048576K
}
Event: 538.861 GC heap before
{Heap before GC invocations=51 (full 3):
 PSYoungGen      total 48128K, used 47672K [0x00000000f5580000, 0x00000000fac00000, 0x0000000100000000)
  eden space 44544K, 100% used [0x00000000f5580000,0x00000000f8100000,0x00000000f8100000)
  from space 3584K, 87% used [0x00000000f8180000,0x00000000f848e1a8,0x00000000f8500000)
  to   space 22016K, 0% used [0x00000000f9680000,0x00000000f9680000,0x00000000fac00000)
 ParOldGen       total 94208K, used 59597K [0x00000000e0000000, 0x00000000e5c00000, 0x00000000f5580000)
  object space 94208K, 63% used [0x00000000e0000000,0x00000000e3a33500,0x00000000e5c00000)
 Metaspace       used 85075K, capacity 91042K, committed 91392K, reserved 1128448K
  class space    used 10108K, capacity 11977K, committed 12032K, reserved 1048576K
Event: 538.864 GC heap after
Heap after GC invocations=51 (full 3):
 PSYoungGen      total 63488K, used 3064K [0x00000000f5580000, 0x00000000fa980000, 0x0000000100000000)
  eden space 44032K, 0% used [0x00000000f5580000,0x00000000f5580000,0x00000000f8080000)
  from space 19456K, 15% used [0x00000000f9680000,0x00000000f997e1a8,0x00000000fa980000)
  to   space 20992K, 0% used [0x00000000f8080000,0x00000000f8080000,0x00000000f9500000)
 ParOldGen       total 94208K, used 59645K [0x00000000e0000000, 0x00000000e5c00000, 0x00000000f5580000)
  object space 94208K, 63% used [0x00000000e0000000,0x00000000e3a3f500,0x00000000e5c00000)
 Metaspace       used 85075K, capacity 91042K, committed 91392K, reserved 1128448K
  class space    used 10108K, capacity 11977K, committed 12032K, reserved 1048576K
}
Event: 540.679 GC heap before
{Heap before GC invocations=52 (full 3):
 PSYoungGen      total 63488K, used 47096K [0x00000000f5580000, 0x00000000fa980000, 0x0000000100000000)
  eden space 44032K, 100% used [0x00000000f5580000,0x00000000f8080000,0x00000000f8080000)
  from space 19456K, 15% used [0x00000000f9680000,0x00000000f997e1a8,0x00000000fa980000)
  to   space 20992K, 0% used [0x00000000f8080000,0x00000000f8080000,0x00000000f9500000)
 ParOldGen       total 94208K, used 59645K [0x00000000e0000000, 0x00000000e5c00000, 0x00000000f5580000)
  object space 94208K, 63% used [0x00000000e0000000,0x00000000e3a3f500,0x00000000e5c00000)
 Metaspace       used 85083K, capacity 91042K, committed 91392K, reserved 1128448K
  class space    used 10108K, capacity 11977K, committed 12032K, reserved 1048576K
Event: 540.683 GC heap after
Heap after GC invocations=52 (full 3):
 PSYoungGen      total 47104K, used 3096K [0x00000000f5580000, 0x00000000fa700000, 0x0000000100000000)
  eden space 43520K, 0% used [0x00000000f5580000,0x00000000f5580000,0x00000000f8000000)
  from space 3584K, 86% used [0x00000000f8080000,0x00000000f83861a8,0x00000000f8400000)
  to   space 19968K, 0% used [0x00000000f9380000,0x00000000f9380000,0x00000000fa700000)
 ParOldGen       total 94208K, used 59693K [0x00000000e0000000, 0x00000000e5c00000, 0x00000000f5580000)
  object space 94208K, 63% used [0x00000000e0000000,0x00000000e3a4b500,0x00000000e5c00000)
 Metaspace       used 85083K, capacity 91042K, committed 91392K, reserved 1128448K
  class space    used 10108K, capacity 11977K, committed 12032K, reserved 1048576K
}
Event: 541.432 GC heap before
{Heap before GC invocations=53 (full 3):
 PSYoungGen      total 47104K, used 46616K [0x00000000f5580000, 0x00000000fa700000, 0x0000000100000000)
  eden space 43520K, 100% used [0x00000000f5580000,0x00000000f8000000,0x00000000f8000000)
  from space 3584K, 86% used [0x00000000f8080000,0x00000000f83861a8,0x00000000f8400000)
  to   space 19968K, 0% used [0x00000000f9380000,0x00000000f9380000,0x00000000fa700000)
 ParOldGen       total 94208K, used 59693K [0x00000000e0000000, 0x00000000e5c00000, 0x00000000f5580000)
  object space 94208K, 63% used [0x00000000e0000000,0x00000000e3a4b500,0x00000000e5c00000)
 Metaspace       used 85084K, capacity 91042K, committed 91392K, reserved 1128448K
  class space    used 10108K, capacity 11977K, committed 12032K, reserved 1048576K
Event: 541.434 GC heap after
Heap after GC invocations=53 (full 3):
 PSYoungGen      total 60416K, used 3064K [0x00000000f5580000, 0x00000000fa480000, 0x0000000100000000)
  eden space 43008K, 0% used [0x00000000f5580000,0x00000000f5580000,0x00000000f7f80000)
  from space 17408K, 17% used [0x00000000f9380000,0x00000000f967e1a8,0x00000000fa480000)
  to   space 18944K, 0% used [0x00000000f7f80000,0x00000000f7f80000,0x00000000f9200000)
 ParOldGen       total 94208K, used 59717K [0x00000000e0000000, 0x00000000e5c00000, 0x00000000f5580000)
  object space 94208K, 63% used [0x00000000e0000000,0x00000000e3a51500,0x00000000e5c00000)
 Metaspace       used 85084K, capacity 91042K, committed 91392K, reserved 1128448K
  class space    used 10108K, capacity 11977K, committed 12032K, reserved 1048576K
}
Event: 553.587 GC heap before
{Heap before GC invocations=54 (full 3):
 PSYoungGen      total 60416K, used 46072K [0x00000000f5580000, 0x00000000fa480000, 0x0000000100000000)
  eden space 43008K, 100% used [0x00000000f5580000,0x00000000f7f80000,0x00000000f7f80000)
  from space 17408K, 17% used [0x00000000f9380000,0x00000000f967e1a8,0x00000000fa480000)
  to   space 18944K, 0% used [0x00000000f7f80000,0x00000000f7f80000,0x00000000f9200000)
 ParOldGen       total 94208K, used 59717K [0x00000000e0000000, 0x00000000e5c00000, 0x00000000f5580000)
  object space 94208K, 63% used [0x00000000e0000000,0x00000000e3a51500,0x00000000e5c00000)
 Metaspace       used 85177K, capacity 91110K, committed 91392K, reserved 1128448K
  class space    used 10120K, capacity 11977K, committed 12032K, reserved 1048576K
Event: 553.589 GC heap after
Heap after GC invocations=54 (full 3):
 PSYoungGen      total 46080K, used 3352K [0x00000000f5580000, 0x00000000fa200000, 0x0000000100000000)
  eden space 42496K, 0% used [0x00000000f5580000,0x00000000f5580000,0x00000000f7f00000)
  from space 3584K, 93% used [0x00000000f7f80000,0x00000000f82c61a8,0x00000000f8300000)
  to   space 17920K, 0% used [0x00000000f9080000,0x00000000f9080000,0x00000000fa200000)
 ParOldGen       total 94208K, used 59733K [0x00000000e0000000, 0x00000000e5c00000, 0x00000000f5580000)
  object space 94208K, 63% used [0x00000000e0000000,0x00000000e3a55500,0x00000000e5c00000)
 Metaspace       used 85177K, capacity 91110K, committed 91392K, reserved 1128448K
  class space    used 10120K, capacity 11977K, committed 12032K, reserved 1048576K
}

