# JRE version: Java(TM) SE Runtime Environment (8.0_25-b18) (build 1.8.0_25-b18)
# Java VM: Java HotSpot(TM) 64-Bit Server VM (25.25-b02 mixed mode windows-amd64 compressed oops)
Heap:
 PSYoungGen      total 72704K, used 41106K [0x00000000f5580000, 0x00000000f9d80000, 0x0000000100000000)
  eden space 71680K, 57% used [0x00000000f5580000,0x00000000f7da4ac0,0x00000000f9b80000)
  from space 1024K, 0% used [0x00000000f9b80000,0x00000000f9b80000,0x00000000f9c80000)
  to   space 1024K, 0% used [0x00000000f9c80000,0x00000000f9c80000,0x00000000f9d80000)
 ParOldGen       total 79872K, used 40632K [0x00000000e0000000, 0x00000000e4e00000, 0x00000000f5580000)
  object space 79872K, 50% used [0x00000000e0000000,0x00000000e27ae328,0x00000000e4e00000)
 Metaspace       used 79698K, capacity 85212K, committed 85504K, reserved 1124352K
  class space    used 9515K, capacity 11196K, committed 11264K, reserved 1048576K
GC Heap History (10 events):
Event: 24152.647 GC heap before
{Heap before GC invocations=789 (full 386):
 PSYoungGen      total 72704K, used 224K [0x00000000f5580000, 0x00000000f9d80000, 0x0000000100000000)
  eden space 71680K, 0% used [0x00000000f5580000,0x00000000f5580000,0x00000000f9b80000)
  from space 1024K, 21% used [0x00000000f9b80000,0x00000000f9bb8000,0x00000000f9c80000)
  to   space 1024K, 0% used [0x00000000f9c80000,0x00000000f9c80000,0x00000000f9d80000)
 ParOldGen       total 79872K, used 40633K [0x00000000e0000000, 0x00000000e4e00000, 0x00000000f5580000)
  object space 79872K, 50% used [0x00000000e0000000,0x00000000e27ae448,0x00000000e4e00000)
 Metaspace       used 78786K, capacity 84388K, committed 84608K, reserved 1122304K
  class space    used 9410K, capacity 11095K, committed 11136K, reserved 1048576K
Event: 24152.741 GC heap after
Heap after GC invocations=789 (full 386):
 PSYoungGen      total 72704K, used 0K [0x00000000f5580000, 0x00000000f9d80000, 0x0000000100000000)
  eden space 71680K, 0% used [0x00000000f5580000,0x00000000f5580000,0x00000000f9b80000)
  from space 1024K, 0% used [0x00000000f9b80000,0x00000000f9b80000,0x00000000f9c80000)
  to   space 1024K, 0% used [0x00000000f9c80000,0x00000000f9c80000,0x00000000f9d80000)
 ParOldGen       total 79872K, used 40633K [0x00000000e0000000, 0x00000000e4e00000, 0x00000000f5580000)
  object space 79872K, 50% used [0x00000000e0000000,0x00000000e27ae448,0x00000000e4e00000)
 Metaspace       used 78786K, capacity 84388K, committed 84608K, reserved 1122304K
  class space    used 9410K, capacity 11095K, committed 11136K, reserved 1048576K
}
Event: 24212.646 GC heap before
{Heap before GC invocations=790 (full 386):
 PSYoungGen      total 72704K, used 3786K [0x00000000f5580000, 0x00000000f9d80000, 0x0000000100000000)
  eden space 71680K, 5% used [0x00000000f5580000,0x00000000f5932a60,0x00000000f9b80000)
  from space 1024K, 0% used [0x00000000f9b80000,0x00000000f9b80000,0x00000000f9c80000)
  to   space 1024K, 0% used [0x00000000f9c80000,0x00000000f9c80000,0x00000000f9d80000)
 ParOldGen       total 79872K, used 40633K [0x00000000e0000000, 0x00000000e4e00000, 0x00000000f5580000)
  object space 79872K, 50% used [0x00000000e0000000,0x00000000e27ae448,0x00000000e4e00000)
 Metaspace       used 78786K, capacity 84388K, committed 84608K, reserved 1122304K
  class space    used 9410K, capacity 11095K, committed 11136K, reserved 1048576K
Event: 24212.648 GC heap after
Heap after GC invocations=790 (full 386):
 PSYoungGen      total 72704K, used 192K [0x00000000f5580000, 0x00000000f9d80000, 0x0000000100000000)
  eden space 71680K, 0% used [0x00000000f5580000,0x00000000f5580000,0x00000000f9b80000)
  from space 1024K, 18% used [0x00000000f9c80000,0x00000000f9cb0000,0x00000000f9d80000)
  to   space 1024K, 0% used [0x00000000f9b80000,0x00000000f9b80000,0x00000000f9c80000)
 ParOldGen       total 79872K, used 40633K [0x00000000e0000000, 0x00000000e4e00000, 0x00000000f5580000)
  object space 79872K, 50% used [0x00000000e0000000,0x00000000e27ae448,0x00000000e4e00000)
 Metaspace       used 78786K, capacity 84388K, committed 84608K, reserved 1122304K
  class space    used 9410K, capacity 11095K, committed 11136K, reserved 1048576K
}
Event: 24212.648 GC heap before
{Heap before GC invocations=791 (full 387):
 PSYoungGen      total 72704K, used 192K [0x00000000f5580000, 0x00000000f9d80000, 0x0000000100000000)
  eden space 71680K, 0% used [0x00000000f5580000,0x00000000f5580000,0x00000000f9b80000)
  from space 1024K, 18% used [0x00000000f9c80000,0x00000000f9cb0000,0x00000000f9d80000)
  to   space 1024K, 0% used [0x00000000f9b80000,0x00000000f9b80000,0x00000000f9c80000)
 ParOldGen       total 79872K, used 40633K [0x00000000e0000000, 0x00000000e4e00000, 0x00000000f5580000)
  object space 79872K, 50% used [0x00000000e0000000,0x00000000e27ae448,0x00000000e4e00000)
 Metaspace       used 78786K, capacity 84388K, committed 84608K, reserved 1122304K
  class space    used 9410K, capacity 11095K, committed 11136K, reserved 1048576K
Event: 24212.731 GC heap after
Heap after GC invocations=791 (full 387):
 PSYoungGen      total 72704K, used 0K [0x00000000f5580000, 0x00000000f9d80000, 0x0000000100000000)
  eden space 71680K, 0% used [0x00000000f5580000,0x00000000f5580000,0x00000000f9b80000)
  from space 1024K, 0% used [0x00000000f9c80000,0x00000000f9c80000,0x00000000f9d80000)
  to   space 1024K, 0% used [0x00000000f9b80000,0x00000000f9b80000,0x00000000f9c80000)
 ParOldGen       total 79872K, used 40633K [0x00000000e0000000, 0x00000000e4e00000, 0x00000000f5580000)
  object space 79872K, 50% used [0x00000000e0000000,0x00000000e27ae448,0x00000000e4e00000)
 Metaspace       used 78786K, capacity 84388K, committed 84608K, reserved 1122304K
  class space    used 9410K, capacity 11095K, committed 11136K, reserved 1048576K
}
Event: 24272.650 GC heap before
{Heap before GC invocations=792 (full 387):
 PSYoungGen      total 72704K, used 3922K [0x00000000f5580000, 0x00000000f9d80000, 0x0000000100000000)
  eden space 71680K, 5% used [0x00000000f5580000,0x00000000f5954838,0x00000000f9b80000)
  from space 1024K, 0% used [0x00000000f9c80000,0x00000000f9c80000,0x00000000f9d80000)
  to   space 1024K, 0% used [0x00000000f9b80000,0x00000000f9b80000,0x00000000f9c80000)
 ParOldGen       total 79872K, used 40633K [0x00000000e0000000, 0x00000000e4e00000, 0x00000000f5580000)
  object space 79872K, 50% used [0x00000000e0000000,0x00000000e27ae448,0x00000000e4e00000)
 Metaspace       used 78786K, capacity 84388K, committed 84608K, reserved 1122304K
  class space    used 9410K, capacity 11095K, committed 11136K, reserved 1048576K
Event: 24272.652 GC heap after
Heap after GC invocations=792 (full 387):
 PSYoungGen      total 72704K, used 224K [0x00000000f5580000, 0x00000000f9d80000, 0x0000000100000000)
  eden space 71680K, 0% used [0x00000000f5580000,0x00000000f5580000,0x00000000f9b80000)
  from space 1024K, 21% used [0x00000000f9b80000,0x00000000f9bb8000,0x00000000f9c80000)
  to   space 1024K, 0% used [0x00000000f9c80000,0x00000000f9c80000,0x00000000f9d80000)
 ParOldGen       total 79872K, used 40633K [0x00000000e0000000, 0x00000000e4e00000, 0x00000000f5580000)
  object space 79872K, 50% used [0x00000000e0000000,0x00000000e27ae448,0x00000000e4e00000)
 Metaspace       used 78786K, capacity 84388K, committed 84608K, reserved 1122304K
  class space    used 9410K, capacity 11095K, committed 11136K, reserved 1048576K
}
Event: 24272.652 GC heap before
{Heap before GC invocations=793 (full 388):
 PSYoungGen      total 72704K, used 224K [0x00000000f5580000, 0x00000000f9d80000, 0x0000000100000000)
  eden space 71680K, 0% used [0x00000000f5580000,0x00000000f5580000,0x00000000f9b80000)
  from space 1024K, 21% used [0x00000000f9b80000,0x00000000f9bb8000,0x00000000f9c80000)
  to   space 1024K, 0% used [0x00000000f9c80000,0x00000000f9c80000,0x00000000f9d80000)
 ParOldGen       total 79872K, used 40633K [0x00000000e0000000, 0x00000000e4e00000, 0x00000000f5580000)
  object space 79872K, 50% used [0x00000000e0000000,0x00000000e27ae448,0x00000000e4e00000)
 Metaspace       used 78786K, capacity 84388K, committed 84608K, reserved 1122304K
  class space    used 9410K, capacity 11095K, committed 11136K, reserved 1048576K
Event: 24272.734 GC heap after
Heap after GC invocations=793 (full 388):
 PSYoungGen      total 72704K, used 0K [0x00000000f5580000, 0x00000000f9d80000, 0x0000000100000000)
  eden space 71680K, 0% used [0x00000000f5580000,0x00000000f5580000,0x00000000f9b80000)
  from space 1024K, 0% used [0x00000000f9b80000,0x00000000f9b80000,0x00000000f9c80000)
  to   space 1024K, 0% used [0x00000000f9c80000,0x00000000f9c80000,0x00000000f9d80000)
 ParOldGen       total 79872K, used 40632K [0x00000000e0000000, 0x00000000e4e00000, 0x00000000f5580000)
  object space 79872K, 50% used [0x00000000e0000000,0x00000000e27ae328,0x00000000e4e00000)
 Metaspace       used 78786K, capacity 84388K, committed 84608K, reserved 1122304K
  class space    used 9410K, capacity 11095K, committed 11136K, reserved 1048576K
}

