# JRE version: Java(TM) SE Runtime Environment (8.0_25-b18) (build 1.8.0_25-b18)
# Java VM: Java HotSpot(TM) 64-Bit Server VM (25.25-b02 mixed mode windows-amd64 compressed oops)
Heap:
 PSYoungGen      total 60928K, used 56121K [0x00000000f5580000, 0x00000000f9d00000, 0x0000000100000000)
  eden space 49664K, 93% used [0x00000000f5580000,0x00000000f82b1198,0x00000000f8600000)
  from space 11264K, 87% used [0x00000000f9200000,0x00000000f9b9d3e0,0x00000000f9d00000)
  to   space 11776K, 0% used [0x00000000f8600000,0x00000000f8600000,0x00000000f9180000)
 ParOldGen       total 85504K, used 56834K [0x00000000e0000000, 0x00000000e5380000, 0x00000000f5580000)
  object space 85504K, 66% used [0x00000000e0000000,0x00000000e3780808,0x00000000e5380000)
 Metaspace       used 88255K, capacity 94378K, committed 94564K, reserved 1132544K
  class space    used 10265K, capacity 12107K, committed 12160K, reserved 1048576K
GC Heap History (10 events):
Event: 5605.235 GC heap before
{Heap before GC invocations=101 (full 27):
 PSYoungGen      total 59392K, used 59121K [0x00000000f5580000, 0x00000000fa100000, 0x0000000100000000)
  eden space 54784K, 100% used [0x00000000f5580000,0x00000000f8b00000,0x00000000f8b00000)
  from space 4608K, 94% used [0x00000000f8c80000,0x00000000f90bc670,0x00000000f9100000)
  to   space 11264K, 0% used [0x00000000f9600000,0x00000000f9600000,0x00000000fa100000)
 ParOldGen       total 85504K, used 56193K [0x00000000e0000000, 0x00000000e5380000, 0x00000000f5580000)
  object space 85504K, 65% used [0x00000000e0000000,0x00000000e36e07b8,0x00000000e5380000)
 Metaspace       used 87230K, capacity 93458K, committed 93796K, reserved 1130496K
  class space    used 10162K, capacity 12039K, committed 12160K, reserved 1048576K
Event: 5605.242 GC heap after
Heap after GC invocations=101 (full 27):
 PSYoungGen      total 64000K, used 7747K [0x00000000f5580000, 0x00000000fa000000, 0x0000000100000000)
  eden space 53760K, 0% used [0x00000000f5580000,0x00000000f5580000,0x00000000f8a00000)
  from space 10240K, 75% used [0x00000000f9600000,0x00000000f9d90ce0,0x00000000fa000000)
  to   space 11264K, 0% used [0x00000000f8a00000,0x00000000f8a00000,0x00000000f9500000)
 ParOldGen       total 85504K, used 56305K [0x00000000e0000000, 0x00000000e5380000, 0x00000000f5580000)
  object space 85504K, 65% used [0x00000000e0000000,0x00000000e36fc7b8,0x00000000e5380000)
 Metaspace       used 87230K, capacity 93458K, committed 93796K, reserved 1130496K
  class space    used 10162K, capacity 12039K, committed 12160K, reserved 1048576K
}
Event: 5632.292 GC heap before
{Heap before GC invocations=102 (full 27):
 PSYoungGen      total 64000K, used 61507K [0x00000000f5580000, 0x00000000fa000000, 0x0000000100000000)
  eden space 53760K, 100% used [0x00000000f5580000,0x00000000f8a00000,0x00000000f8a00000)
  from space 10240K, 75% used [0x00000000f9600000,0x00000000f9d90ce0,0x00000000fa000000)
  to   space 11264K, 0% used [0x00000000f8a00000,0x00000000f8a00000,0x00000000f9500000)
 ParOldGen       total 85504K, used 56305K [0x00000000e0000000, 0x00000000e5380000, 0x00000000f5580000)
  object space 85504K, 65% used [0x00000000e0000000,0x00000000e36fc7b8,0x00000000e5380000)
 Metaspace       used 87277K, capacity 93470K, committed 93796K, reserved 1130496K
  class space    used 10163K, capacity 12041K, committed 12160K, reserved 1048576K
Event: 5632.297 GC heap after
Heap after GC invocations=102 (full 27):
 PSYoungGen      total 61440K, used 8385K [0x00000000f5580000, 0x00000000f9f00000, 0x0000000100000000)
  eden space 52736K, 0% used [0x00000000f5580000,0x00000000f5580000,0x00000000f8900000)
  from space 8704K, 96% used [0x00000000f8a00000,0x00000000f9230700,0x00000000f9280000)
  to   space 11264K, 0% used [0x00000000f9400000,0x00000000f9400000,0x00000000f9f00000)
 ParOldGen       total 85504K, used 56409K [0x00000000e0000000, 0x00000000e5380000, 0x00000000f5580000)
  object space 85504K, 65% used [0x00000000e0000000,0x00000000e37167b8,0x00000000e5380000)
 Metaspace       used 87277K, capacity 93470K, committed 93796K, reserved 1130496K
  class space    used 10163K, capacity 12041K, committed 12160K, reserved 1048576K
}
Event: 5650.260 GC heap before
{Heap before GC invocations=103 (full 27):
 PSYoungGen      total 61440K, used 61121K [0x00000000f5580000, 0x00000000f9f00000, 0x0000000100000000)
  eden space 52736K, 100% used [0x00000000f5580000,0x00000000f8900000,0x00000000f8900000)
  from space 8704K, 96% used [0x00000000f8a00000,0x00000000f9230700,0x00000000f9280000)
  to   space 11264K, 0% used [0x00000000f9400000,0x00000000f9400000,0x00000000f9f00000)
 ParOldGen       total 85504K, used 56409K [0x00000000e0000000, 0x00000000e5380000, 0x00000000f5580000)
  object space 85504K, 65% used [0x00000000e0000000,0x00000000e37167b8,0x00000000e5380000)
 Metaspace       used 87298K, capacity 93470K, committed 93796K, reserved 1130496K
  class space    used 10163K, capacity 12041K, committed 12160K, reserved 1048576K
Event: 5650.269 GC heap after
Heap after GC invocations=103 (full 27):
 PSYoungGen      total 61952K, used 8020K [0x00000000f5580000, 0x00000000f9e00000, 0x0000000100000000)
  eden space 51712K, 0% used [0x00000000f5580000,0x00000000f5580000,0x00000000f8800000)
  from space 10240K, 78% used [0x00000000f9400000,0x00000000f9bd51b0,0x00000000f9e00000)
  to   space 11264K, 0% used [0x00000000f8800000,0x00000000f8800000,0x00000000f9300000)
 ParOldGen       total 85504K, used 56594K [0x00000000e0000000, 0x00000000e5380000, 0x00000000f5580000)
  object space 85504K, 66% used [0x00000000e0000000,0x00000000e3744808,0x00000000e5380000)
 Metaspace       used 87298K, capacity 93470K, committed 93796K, reserved 1130496K
  class space    used 10163K, capacity 12041K, committed 12160K, reserved 1048576K
}
Event: 5699.554 GC heap before
{Heap before GC invocations=104 (full 27):
 PSYoungGen      total 61952K, used 59732K [0x00000000f5580000, 0x00000000f9e00000, 0x0000000100000000)
  eden space 51712K, 100% used [0x00000000f5580000,0x00000000f8800000,0x00000000f8800000)
  from space 10240K, 78% used [0x00000000f9400000,0x00000000f9bd51b0,0x00000000f9e00000)
  to   space 11264K, 0% used [0x00000000f8800000,0x00000000f8800000,0x00000000f9300000)
 ParOldGen       total 85504K, used 56594K [0x00000000e0000000, 0x00000000e5380000, 0x00000000f5580000)
  object space 85504K, 66% used [0x00000000e0000000,0x00000000e3744808,0x00000000e5380000)
 Metaspace       used 87342K, capacity 93662K, committed 93796K, reserved 1130496K
  class space    used 10163K, capacity 12041K, committed 12160K, reserved 1048576K
Event: 5699.559 GC heap after
Heap after GC invocations=104 (full 27):
 PSYoungGen      total 59392K, used 8275K [0x00000000f5580000, 0x00000000f9d00000, 0x0000000100000000)
  eden space 50688K, 0% used [0x00000000f5580000,0x00000000f5580000,0x00000000f8700000)
  from space 8704K, 95% used [0x00000000f8800000,0x00000000f9014c20,0x00000000f9080000)
  to   space 11264K, 0% used [0x00000000f9200000,0x00000000f9200000,0x00000000f9d00000)
 ParOldGen       total 85504K, used 56738K [0x00000000e0000000, 0x00000000e5380000, 0x00000000f5580000)
  object space 85504K, 66% used [0x00000000e0000000,0x00000000e3768808,0x00000000e5380000)
 Metaspace       used 87342K, capacity 93662K, committed 93796K, reserved 1130496K
  class space    used 10163K, capacity 12041K, committed 12160K, reserved 1048576K
}
Event: 5911.630 GC heap before
{Heap before GC invocations=105 (full 27):
 PSYoungGen      total 59392K, used 58963K [0x00000000f5580000, 0x00000000f9d00000, 0x0000000100000000)
  eden space 50688K, 100% used [0x00000000f5580000,0x00000000f8700000,0x00000000f8700000)
  from space 8704K, 95% used [0x00000000f8800000,0x00000000f9014c20,0x00000000f9080000)
  to   space 11264K, 0% used [0x00000000f9200000,0x00000000f9200000,0x00000000f9d00000)
 ParOldGen       total 85504K, used 56738K [0x00000000e0000000, 0x00000000e5380000, 0x00000000f5580000)
  object space 85504K, 66% used [0x00000000e0000000,0x00000000e3768808,0x00000000e5380000)
 Metaspace       used 87473K, capacity 93726K, committed 94052K, reserved 1130496K
  class space    used 10177K, capacity 12041K, committed 12160K, reserved 1048576K
Event: 5911.634 GC heap after
Heap after GC invocations=105 (full 27):
 PSYoungGen      total 60928K, used 9844K [0x00000000f5580000, 0x00000000f9d00000, 0x0000000100000000)
  eden space 49664K, 0% used [0x00000000f5580000,0x00000000f5580000,0x00000000f8600000)
  from space 11264K, 87% used [0x00000000f9200000,0x00000000f9b9d3e0,0x00000000f9d00000)
  to   space 11776K, 0% used [0x00000000f8600000,0x00000000f8600000,0x00000000f9180000)
 ParOldGen       total 85504K, used 56834K [0x00000000e0000000, 0x00000000e5380000, 0x00000000f5580000)
  object space 85504K, 66% used [0x00000000e0000000,0x00000000e3780808,0x00000000e5380000)
 Metaspace       used 87473K, capacity 93726K, committed 94052K, reserved 1130496K
  class space    used 10177K, capacity 12041K, committed 12160K, reserved 1048576K
}

