# JRE version: Java(TM) SE Runtime Environment (8.0_25-b18) (build 1.8.0_25-b18)
# Java VM: Java HotSpot(TM) 64-Bit Server VM (25.25-b02 mixed mode windows-amd64 compressed oops)
Heap:
 PSYoungGen      total 88064K, used 27763K [0x00000000f5580000, 0x00000000fc900000, 0x0000000100000000)
  eden space 57856K, 47% used [0x00000000f5580000,0x00000000f709cff0,0x00000000f8e00000)
  from space 30208K, 0% used [0x00000000fab80000,0x00000000fab80000,0x00000000fc900000)
  to   space 30208K, 0% used [0x00000000f8e00000,0x00000000f8e00000,0x00000000fab80000)
 ParOldGen       total 101888K, used 48365K [0x00000000e0000000, 0x00000000e6380000, 0x00000000f5580000)
  object space 101888K, 47% used [0x00000000e0000000,0x00000000e2f3b520,0x00000000e6380000)
 Metaspace       used 76720K, capacity 82726K, committed 82776K, reserved 1120256K
  class space    used 9564K, capacity 11347K, committed 11352K, reserved 1048576K
GC Heap History (10 events):
Event: 80.340 GC heap before
{Heap before GC invocations=20 (full 4):
 PSYoungGen      total 81920K, used 23213K [0x00000000f5580000, 0x00000000fc700000, 0x0000000100000000)
  eden space 55296K, 0% used [0x00000000f5580000,0x00000000f5580000,0x00000000f8b80000)
  from space 26624K, 87% used [0x00000000fa800000,0x00000000fbeab728,0x00000000fc200000)
  to   space 29184K, 0% used [0x00000000f8b80000,0x00000000f8b80000,0x00000000fa800000)
 ParOldGen       total 101888K, used 40925K [0x00000000e0000000, 0x00000000e6380000, 0x00000000f5580000)
  object space 101888K, 40% used [0x00000000e0000000,0x00000000e27f7658,0x00000000e6380000)
 Metaspace       used 73992K, capacity 79564K, committed 79704K, reserved 1118208K
  class space    used 9235K, capacity 10985K, committed 11096K, reserved 1048576K
Event: 80.661 GC heap after
Heap after GC invocations=20 (full 4):
 PSYoungGen      total 81920K, used 0K [0x00000000f5580000, 0x00000000fc700000, 0x0000000100000000)
  eden space 55296K, 0% used [0x00000000f5580000,0x00000000f5580000,0x00000000f8b80000)
  from space 26624K, 0% used [0x00000000fa800000,0x00000000fa800000,0x00000000fc200000)
  to   space 29184K, 0% used [0x00000000f8b80000,0x00000000f8b80000,0x00000000fa800000)
 ParOldGen       total 101888K, used 49946K [0x00000000e0000000, 0x00000000e6380000, 0x00000000f5580000)
  object space 101888K, 49% used [0x00000000e0000000,0x00000000e30c6930,0x00000000e6380000)
 Metaspace       used 73992K, capacity 79564K, committed 79704K, reserved 1118208K
  class space    used 9235K, capacity 10985K, committed 11096K, reserved 1048576K
}
Event: 140.326 GC heap before
{Heap before GC invocations=21 (full 4):
 PSYoungGen      total 81920K, used 5669K [0x00000000f5580000, 0x00000000fc700000, 0x0000000100000000)
  eden space 55296K, 10% used [0x00000000f5580000,0x00000000f5b09678,0x00000000f8b80000)
  from space 26624K, 0% used [0x00000000fa800000,0x00000000fa800000,0x00000000fc200000)
  to   space 29184K, 0% used [0x00000000f8b80000,0x00000000f8b80000,0x00000000fa800000)
 ParOldGen       total 101888K, used 49946K [0x00000000e0000000, 0x00000000e6380000, 0x00000000f5580000)
  object space 101888K, 49% used [0x00000000e0000000,0x00000000e30c6930,0x00000000e6380000)
 Metaspace       used 74160K, capacity 79812K, committed 79960K, reserved 1118208K
  class space    used 9249K, capacity 10993K, committed 11096K, reserved 1048576K
Event: 140.331 GC heap after
Heap after GC invocations=21 (full 4):
 PSYoungGen      total 84480K, used 307K [0x00000000f5580000, 0x00000000fc900000, 0x0000000100000000)
  eden space 55296K, 0% used [0x00000000f5580000,0x00000000f5580000,0x00000000f8b80000)
  from space 29184K, 1% used [0x00000000f8b80000,0x00000000f8bccd20,0x00000000fa800000)
  to   space 30208K, 0% used [0x00000000fab80000,0x00000000fab80000,0x00000000fc900000)
 ParOldGen       total 101888K, used 49954K [0x00000000e0000000, 0x00000000e6380000, 0x00000000f5580000)
  object space 101888K, 49% used [0x00000000e0000000,0x00000000e30c8930,0x00000000e6380000)
 Metaspace       used 74160K, capacity 79812K, committed 79960K, reserved 1118208K
  class space    used 9249K, capacity 10993K, committed 11096K, reserved 1048576K
}
Event: 140.331 GC heap before
{Heap before GC invocations=22 (full 5):
 PSYoungGen      total 84480K, used 307K [0x00000000f5580000, 0x00000000fc900000, 0x0000000100000000)
  eden space 55296K, 0% used [0x00000000f5580000,0x00000000f5580000,0x00000000f8b80000)
  from space 29184K, 1% used [0x00000000f8b80000,0x00000000f8bccd20,0x00000000fa800000)
  to   space 30208K, 0% used [0x00000000fab80000,0x00000000fab80000,0x00000000fc900000)
 ParOldGen       total 101888K, used 49954K [0x00000000e0000000, 0x00000000e6380000, 0x00000000f5580000)
  object space 101888K, 49% used [0x00000000e0000000,0x00000000e30c8930,0x00000000e6380000)
 Metaspace       used 74160K, capacity 79812K, committed 79960K, reserved 1118208K
  class space    used 9249K, capacity 10993K, committed 11096K, reserved 1048576K
Event: 140.697 GC heap after
Heap after GC invocations=22 (full 5):
 PSYoungGen      total 84480K, used 0K [0x00000000f5580000, 0x00000000fc900000, 0x0000000100000000)
  eden space 55296K, 0% used [0x00000000f5580000,0x00000000f5580000,0x00000000f8b80000)
  from space 29184K, 0% used [0x00000000f8b80000,0x00000000f8b80000,0x00000000fa800000)
  to   space 30208K, 0% used [0x00000000fab80000,0x00000000fab80000,0x00000000fc900000)
 ParOldGen       total 101888K, used 48541K [0x00000000e0000000, 0x00000000e6380000, 0x00000000f5580000)
  object space 101888K, 47% used [0x00000000e0000000,0x00000000e2f67730,0x00000000e6380000)
 Metaspace       used 74160K, capacity 79812K, committed 79960K, reserved 1118208K
  class space    used 9249K, capacity 10993K, committed 11096K, reserved 1048576K
}
Event: 200.327 GC heap before
{Heap before GC invocations=23 (full 5):
 PSYoungGen      total 84480K, used 3854K [0x00000000f5580000, 0x00000000fc900000, 0x0000000100000000)
  eden space 55296K, 6% used [0x00000000f5580000,0x00000000f59439a0,0x00000000f8b80000)
  from space 29184K, 0% used [0x00000000f8b80000,0x00000000f8b80000,0x00000000fa800000)
  to   space 30208K, 0% used [0x00000000fab80000,0x00000000fab80000,0x00000000fc900000)
 ParOldGen       total 101888K, used 48541K [0x00000000e0000000, 0x00000000e6380000, 0x00000000f5580000)
  object space 101888K, 47% used [0x00000000e0000000,0x00000000e2f67730,0x00000000e6380000)
 Metaspace       used 74189K, capacity 79812K, committed 79960K, reserved 1118208K
  class space    used 9249K, capacity 10993K, committed 11096K, reserved 1048576K
Event: 200.332 GC heap after
Heap after GC invocations=23 (full 5):
 PSYoungGen      total 88064K, used 192K [0x00000000f5580000, 0x00000000fc900000, 0x0000000100000000)
  eden space 57856K, 0% used [0x00000000f5580000,0x00000000f5580000,0x00000000f8e00000)
  from space 30208K, 0% used [0x00000000fab80000,0x00000000fabb0000,0x00000000fc900000)
  to   space 30208K, 0% used [0x00000000f8e00000,0x00000000f8e00000,0x00000000fab80000)
 ParOldGen       total 101888K, used 48549K [0x00000000e0000000, 0x00000000e6380000, 0x00000000f5580000)
  object space 101888K, 47% used [0x00000000e0000000,0x00000000e2f69730,0x00000000e6380000)
 Metaspace       used 74189K, capacity 79812K, committed 79960K, reserved 1118208K
  class space    used 9249K, capacity 10993K, committed 11096K, reserved 1048576K
}
Event: 200.332 GC heap before
{Heap before GC invocations=24 (full 6):
 PSYoungGen      total 88064K, used 192K [0x00000000f5580000, 0x00000000fc900000, 0x0000000100000000)
  eden space 57856K, 0% used [0x00000000f5580000,0x00000000f5580000,0x00000000f8e00000)
  from space 30208K, 0% used [0x00000000fab80000,0x00000000fabb0000,0x00000000fc900000)
  to   space 30208K, 0% used [0x00000000f8e00000,0x00000000f8e00000,0x00000000fab80000)
 ParOldGen       total 101888K, used 48549K [0x00000000e0000000, 0x00000000e6380000, 0x00000000f5580000)
  object space 101888K, 47% used [0x00000000e0000000,0x00000000e2f69730,0x00000000e6380000)
 Metaspace       used 74189K, capacity 79812K, committed 79960K, reserved 1118208K
  class space    used 9249K, capacity 10993K, committed 11096K, reserved 1048576K
Event: 200.553 GC heap after
Heap after GC invocations=24 (full 6):
 PSYoungGen      total 88064K, used 0K [0x00000000f5580000, 0x00000000fc900000, 0x0000000100000000)
  eden space 57856K, 0% used [0x00000000f5580000,0x00000000f5580000,0x00000000f8e00000)
  from space 30208K, 0% used [0x00000000fab80000,0x00000000fab80000,0x00000000fc900000)
  to   space 30208K, 0% used [0x00000000f8e00000,0x00000000f8e00000,0x00000000fab80000)
 ParOldGen       total 101888K, used 48365K [0x00000000e0000000, 0x00000000e6380000, 0x00000000f5580000)
  object space 101888K, 47% used [0x00000000e0000000,0x00000000e2f3b520,0x00000000e6380000)
 Metaspace       used 74189K, capacity 79812K, committed 79960K, reserved 1118208K
  class space    used 9249K, capacity 10993K, committed 11096K, reserved 1048576K
}

