# JRE version: Java(TM) SE Runtime Environment (8.0_25-b18) (build 1.8.0_25-b18)
# Java VM: Java HotSpot(TM) 64-Bit Server VM (25.25-b02 mixed mode windows-amd64 compressed oops)
Heap:
 PSYoungGen      total 37376K, used 7025K [0x00000000f5580000, 0x00000000f9380000, 0x0000000100000000)
  eden space 32768K, 8% used [0x00000000f5580000,0x00000000f5837d90,0x00000000f7580000)
  from space 4608K, 92% used [0x00000000f7600000,0x00000000f7a248a8,0x00000000f7a80000)
  to   space 15360K, 0% used [0x00000000f8480000,0x00000000f8480000,0x00000000f9380000)
 ParOldGen       total 76288K, used 72797K [0x00000000e0000000, 0x00000000e4a80000, 0x00000000f5580000)
  object space 76288K, 95% used [0x00000000e0000000,0x00000000e4717778,0x00000000e4a80000)
 Metaspace       used 88398K, capacity 94512K, committed 94848K, reserved 1132544K
  class space    used 10423K, capacity 12342K, committed 12416K, reserved 1048576K
GC Heap History (10 events):
Event: 1907.086 GC heap before
{Heap before GC invocations=58 (full 3):
 PSYoungGen      total 54784K, used 36640K [0x00000000f5580000, 0x00000000fa000000, 0x0000000100000000)
  eden space 35328K, 100% used [0x00000000f5580000,0x00000000f7800000,0x00000000f7800000)
  from space 19456K, 6% used [0x00000000f8d00000,0x00000000f8e48000,0x00000000fa000000)
  to   space 20480K, 0% used [0x00000000f7800000,0x00000000f7800000,0x00000000f8c00000)
 ParOldGen       total 76288K, used 72501K [0x00000000e0000000, 0x00000000e4a80000, 0x00000000f5580000)
  object space 76288K, 95% used [0x00000000e0000000,0x00000000e46cd778,0x00000000e4a80000)
 Metaspace       used 87631K, capacity 93732K, committed 93952K, reserved 1130496K
  class space    used 10349K, capacity 12276K, committed 12288K, reserved 1048576K
Event: 1907.090 GC heap after
Heap after GC invocations=58 (full 3):
 PSYoungGen      total 39936K, used 4936K [0x00000000f5580000, 0x00000000f9d80000, 0x0000000100000000)
  eden space 34816K, 0% used [0x00000000f5580000,0x00000000f5580000,0x00000000f7780000)
  from space 5120K, 96% used [0x00000000f7800000,0x00000000f7cd20e0,0x00000000f7d00000)
  to   space 19456K, 0% used [0x00000000f8a80000,0x00000000f8a80000,0x00000000f9d80000)
 ParOldGen       total 76288K, used 72557K [0x00000000e0000000, 0x00000000e4a80000, 0x00000000f5580000)
  object space 76288K, 95% used [0x00000000e0000000,0x00000000e46db778,0x00000000e4a80000)
 Metaspace       used 87631K, capacity 93732K, committed 93952K, reserved 1130496K
  class space    used 10349K, capacity 12276K, committed 12288K, reserved 1048576K
}
Event: 1913.643 GC heap before
{Heap before GC invocations=59 (full 3):
 PSYoungGen      total 39936K, used 39752K [0x00000000f5580000, 0x00000000f9d80000, 0x0000000100000000)
  eden space 34816K, 100% used [0x00000000f5580000,0x00000000f7780000,0x00000000f7780000)
  from space 5120K, 96% used [0x00000000f7800000,0x00000000f7cd20e0,0x00000000f7d00000)
  to   space 19456K, 0% used [0x00000000f8a80000,0x00000000f8a80000,0x00000000f9d80000)
 ParOldGen       total 76288K, used 72557K [0x00000000e0000000, 0x00000000e4a80000, 0x00000000f5580000)
  object space 76288K, 95% used [0x00000000e0000000,0x00000000e46db778,0x00000000e4a80000)
 Metaspace       used 87660K, capacity 93732K, committed 93952K, reserved 1130496K
  class space    used 10349K, capacity 12276K, committed 12288K, reserved 1048576K
Event: 1913.645 GC heap after
Heap after GC invocations=59 (full 3):
 PSYoungGen      total 50176K, used 4958K [0x00000000f5580000, 0x00000000f9a00000, 0x0000000100000000)
  eden space 34304K, 0% used [0x00000000f5580000,0x00000000f5580000,0x00000000f7700000)
  from space 15872K, 31% used [0x00000000f8a80000,0x00000000f8f57858,0x00000000f9a00000)
  to   space 17920K, 0% used [0x00000000f7700000,0x00000000f7700000,0x00000000f8880000)
 ParOldGen       total 76288K, used 72621K [0x00000000e0000000, 0x00000000e4a80000, 0x00000000f5580000)
  object space 76288K, 95% used [0x00000000e0000000,0x00000000e46eb778,0x00000000e4a80000)
 Metaspace       used 87660K, capacity 93732K, committed 93952K, reserved 1130496K
  class space    used 10349K, capacity 12276K, committed 12288K, reserved 1048576K
}
Event: 1926.381 GC heap before
{Heap before GC invocations=60 (full 3):
 PSYoungGen      total 50176K, used 39262K [0x00000000f5580000, 0x00000000f9a00000, 0x0000000100000000)
  eden space 34304K, 100% used [0x00000000f5580000,0x00000000f7700000,0x00000000f7700000)
  from space 15872K, 31% used [0x00000000f8a80000,0x00000000f8f57858,0x00000000f9a00000)
  to   space 17920K, 0% used [0x00000000f7700000,0x00000000f7700000,0x00000000f8880000)
 ParOldGen       total 76288K, used 72621K [0x00000000e0000000, 0x00000000e4a80000, 0x00000000f5580000)
  object space 76288K, 95% used [0x00000000e0000000,0x00000000e46eb778,0x00000000e4a80000)
 Metaspace       used 87675K, capacity 93732K, committed 93952K, reserved 1130496K
  class space    used 10349K, capacity 12276K, committed 12288K, reserved 1048576K
Event: 1926.385 GC heap after
Heap after GC invocations=60 (full 3):
 PSYoungGen      total 38912K, used 5118K [0x00000000f5580000, 0x00000000f9780000, 0x0000000100000000)
  eden space 33792K, 0% used [0x00000000f5580000,0x00000000f5580000,0x00000000f7680000)
  from space 5120K, 99% used [0x00000000f7700000,0x00000000f7bff858,0x00000000f7c00000)
  to   space 16896K, 0% used [0x00000000f8700000,0x00000000f8700000,0x00000000f9780000)
 ParOldGen       total 76288K, used 72677K [0x00000000e0000000, 0x00000000e4a80000, 0x00000000f5580000)
  object space 76288K, 95% used [0x00000000e0000000,0x00000000e46f9778,0x00000000e4a80000)
 Metaspace       used 87675K, capacity 93732K, committed 93952K, reserved 1130496K
  class space    used 10349K, capacity 12276K, committed 12288K, reserved 1048576K
}
Event: 1930.860 GC heap before
{Heap before GC invocations=61 (full 3):
 PSYoungGen      total 38912K, used 38910K [0x00000000f5580000, 0x00000000f9780000, 0x0000000100000000)
  eden space 33792K, 100% used [0x00000000f5580000,0x00000000f7680000,0x00000000f7680000)
  from space 5120K, 99% used [0x00000000f7700000,0x00000000f7bff858,0x00000000f7c00000)
  to   space 16896K, 0% used [0x00000000f8700000,0x00000000f8700000,0x00000000f9780000)
 ParOldGen       total 76288K, used 72677K [0x00000000e0000000, 0x00000000e4a80000, 0x00000000f5580000)
  object space 76288K, 95% used [0x00000000e0000000,0x00000000e46f9778,0x00000000e4a80000)
 Metaspace       used 87792K, capacity 93796K, committed 93952K, reserved 1130496K
  class space    used 10363K, capacity 12276K, committed 12288K, reserved 1048576K
Event: 1930.863 GC heap after
Heap after GC invocations=61 (full 3):
 PSYoungGen      total 47616K, used 5144K [0x00000000f5580000, 0x00000000f9500000, 0x0000000100000000)
  eden space 33280K, 0% used [0x00000000f5580000,0x00000000f5580000,0x00000000f7600000)
  from space 14336K, 35% used [0x00000000f8700000,0x00000000f8c06200,0x00000000f9500000)
  to   space 15872K, 0% used [0x00000000f7600000,0x00000000f7600000,0x00000000f8580000)
 ParOldGen       total 76288K, used 72725K [0x00000000e0000000, 0x00000000e4a80000, 0x00000000f5580000)
  object space 76288K, 95% used [0x00000000e0000000,0x00000000e4705778,0x00000000e4a80000)
 Metaspace       used 87792K, capacity 93796K, committed 93952K, reserved 1130496K
  class space    used 10363K, capacity 12276K, committed 12288K, reserved 1048576K
}
Event: 1931.710 GC heap before
{Heap before GC invocations=62 (full 3):
 PSYoungGen      total 47616K, used 38424K [0x00000000f5580000, 0x00000000f9500000, 0x0000000100000000)
  eden space 33280K, 100% used [0x00000000f5580000,0x00000000f7600000,0x00000000f7600000)
  from space 14336K, 35% used [0x00000000f8700000,0x00000000f8c06200,0x00000000f9500000)
  to   space 15872K, 0% used [0x00000000f7600000,0x00000000f7600000,0x00000000f8580000)
 ParOldGen       total 76288K, used 72725K [0x00000000e0000000, 0x00000000e4a80000, 0x00000000f5580000)
  object space 76288K, 95% used [0x00000000e0000000,0x00000000e4705778,0x00000000e4a80000)
 Metaspace       used 88274K, capacity 94352K, committed 94592K, reserved 1132544K
  class space    used 10411K, capacity 12310K, committed 12416K, reserved 1048576K
Event: 1931.713 GC heap after
Heap after GC invocations=62 (full 3):
 PSYoungGen      total 37376K, used 4242K [0x00000000f5580000, 0x00000000f9380000, 0x0000000100000000)
  eden space 32768K, 0% used [0x00000000f5580000,0x00000000f5580000,0x00000000f7580000)
  from space 4608K, 92% used [0x00000000f7600000,0x00000000f7a248a8,0x00000000f7a80000)
  to   space 15360K, 0% used [0x00000000f8480000,0x00000000f8480000,0x00000000f9380000)
 ParOldGen       total 76288K, used 72797K [0x00000000e0000000, 0x00000000e4a80000, 0x00000000f5580000)
  object space 76288K, 95% used [0x00000000e0000000,0x00000000e4717778,0x00000000e4a80000)
 Metaspace       used 88274K, capacity 94352K, committed 94592K, reserved 1132544K
  class space    used 10411K, capacity 12310K, committed 12416K, reserved 1048576K
}

