# JRE version: Java(TM) SE Runtime Environment (8.0_25-b18) (build 1.8.0_25-b18)
# Java VM: Java HotSpot(TM) 64-Bit Server VM (25.25-b02 mixed mode windows-amd64 compressed oops)
Heap:
 PSYoungGen      total 75264K, used 36150K [0x00000000f5580000, 0x00000000fac00000, 0x0000000100000000)
  eden space 66048K, 49% used [0x00000000f5580000,0x00000000f75b0518,0x00000000f9600000)
  from space 9216K, 34% used [0x00000000fa300000,0x00000000fa61d580,0x00000000fac00000)
  to   space 11264K, 0% used [0x00000000f9600000,0x00000000f9600000,0x00000000fa100000)
 ParOldGen       total 86528K, used 49677K [0x00000000e0000000, 0x00000000e5480000, 0x00000000f5580000)
  object space 86528K, 57% used [0x00000000e0000000,0x00000000e3083618,0x00000000e5480000)
 Metaspace       used 87165K, capacity 93286K, committed 93568K, reserved 1130496K
  class space    used 10247K, capacity 12086K, committed 12160K, reserved 1048576K
GC Heap History (10 events):
Event: 139714.359 GC heap before
{Heap before GC invocations=93 (full 23):
 PSYoungGen      total 84480K, used 73728K [0x00000000f5580000, 0x00000000fb380000, 0x0000000100000000)
  eden space 73728K, 100% used [0x00000000f5580000,0x00000000f9d80000,0x00000000f9d80000)
  from space 10752K, 0% used [0x00000000f9d80000,0x00000000f9d80000,0x00000000fa800000)
  to   space 11264K, 0% used [0x00000000fa880000,0x00000000fa880000,0x00000000fb380000)
 ParOldGen       total 86528K, used 49661K [0x00000000e0000000, 0x00000000e5480000, 0x00000000f5580000)
  object space 86528K, 57% used [0x00000000e0000000,0x00000000e307f618,0x00000000e5480000)
 Metaspace       used 86279K, capacity 92404K, committed 92544K, reserved 1130496K
  class space    used 10147K, capacity 12051K, committed 12160K, reserved 1048576K
Event: 139714.368 GC heap after
Heap after GC invocations=93 (full 23):
 PSYoungGen      total 84480K, used 892K [0x00000000f5580000, 0x00000000fb500000, 0x0000000100000000)
  eden space 73216K, 0% used [0x00000000f5580000,0x00000000f5580000,0x00000000f9d00000)
  from space 11264K, 7% used [0x00000000fa880000,0x00000000fa95f168,0x00000000fb380000)
  to   space 11776K, 0% used [0x00000000f9d00000,0x00000000f9d00000,0x00000000fa880000)
 ParOldGen       total 86528K, used 49669K [0x00000000e0000000, 0x00000000e5480000, 0x00000000f5580000)
  object space 86528K, 57% used [0x00000000e0000000,0x00000000e3081618,0x00000000e5480000)
 Metaspace       used 86279K, capacity 92404K, committed 92544K, reserved 1130496K
  class space    used 10147K, capacity 12051K, committed 12160K, reserved 1048576K
}
Event: 139878.179 GC heap before
{Heap before GC invocations=94 (full 23):
 PSYoungGen      total 84480K, used 74108K [0x00000000f5580000, 0x00000000fb500000, 0x0000000100000000)
  eden space 73216K, 100% used [0x00000000f5580000,0x00000000f9d00000,0x00000000f9d00000)
  from space 11264K, 7% used [0x00000000fa880000,0x00000000fa95f168,0x00000000fb380000)
  to   space 11776K, 0% used [0x00000000f9d00000,0x00000000f9d00000,0x00000000fa880000)
 ParOldGen       total 86528K, used 49669K [0x00000000e0000000, 0x00000000e5480000, 0x00000000f5580000)
  object space 86528K, 57% used [0x00000000e0000000,0x00000000e3081618,0x00000000e5480000)
 Metaspace       used 86313K, capacity 92404K, committed 92544K, reserved 1130496K
  class space    used 10147K, capacity 12051K, committed 12160K, reserved 1048576K
Event: 139878.190 GC heap after
Heap after GC invocations=94 (full 23):
 PSYoungGen      total 73728K, used 2245K [0x00000000f5580000, 0x00000000fb200000, 0x0000000100000000)
  eden space 71168K, 0% used [0x00000000f5580000,0x00000000f5580000,0x00000000f9b00000)
  from space 2560K, 87% used [0x00000000f9d00000,0x00000000f9f31570,0x00000000f9f80000)
  to   space 11776K, 0% used [0x00000000fa680000,0x00000000fa680000,0x00000000fb200000)
 ParOldGen       total 86528K, used 49669K [0x00000000e0000000, 0x00000000e5480000, 0x00000000f5580000)
  object space 86528K, 57% used [0x00000000e0000000,0x00000000e3081618,0x00000000e5480000)
 Metaspace       used 86313K, capacity 92404K, committed 92544K, reserved 1130496K
  class space    used 10147K, capacity 12051K, committed 12160K, reserved 1048576K
}
Event: 140515.607 GC heap before
{Heap before GC invocations=95 (full 23):
 PSYoungGen      total 73728K, used 73413K [0x00000000f5580000, 0x00000000fb200000, 0x0000000100000000)
  eden space 71168K, 100% used [0x00000000f5580000,0x00000000f9b00000,0x00000000f9b00000)
  from space 2560K, 87% used [0x00000000f9d00000,0x00000000f9f31570,0x00000000f9f80000)
  to   space 11776K, 0% used [0x00000000fa680000,0x00000000fa680000,0x00000000fb200000)
 ParOldGen       total 86528K, used 49669K [0x00000000e0000000, 0x00000000e5480000, 0x00000000f5580000)
  object space 86528K, 57% used [0x00000000e0000000,0x00000000e3081618,0x00000000e5480000)
 Metaspace       used 86321K, capacity 92404K, committed 92544K, reserved 1130496K
  class space    used 10147K, capacity 12051K, committed 12160K, reserved 1048576K
Event: 140515.616 GC heap after
Heap after GC invocations=95 (full 23):
 PSYoungGen      total 78848K, used 2949K [0x00000000f5580000, 0x00000000fb000000, 0x0000000100000000)
  eden space 69120K, 0% used [0x00000000f5580000,0x00000000f5580000,0x00000000f9900000)
  from space 9728K, 30% used [0x00000000fa680000,0x00000000fa961570,0x00000000fb000000)
  to   space 11776K, 0% used [0x00000000f9900000,0x00000000f9900000,0x00000000fa480000)
 ParOldGen       total 86528K, used 49677K [0x00000000e0000000, 0x00000000e5480000, 0x00000000f5580000)
  object space 86528K, 57% used [0x00000000e0000000,0x00000000e3083618,0x00000000e5480000)
 Metaspace       used 86321K, capacity 92404K, committed 92544K, reserved 1130496K
  class space    used 10147K, capacity 12051K, committed 12160K, reserved 1048576K
}
Event: 141195.655 GC heap before
{Heap before GC invocations=96 (full 23):
 PSYoungGen      total 78848K, used 72069K [0x00000000f5580000, 0x00000000fb000000, 0x0000000100000000)
  eden space 69120K, 100% used [0x00000000f5580000,0x00000000f9900000,0x00000000f9900000)
  from space 9728K, 30% used [0x00000000fa680000,0x00000000fa961570,0x00000000fb000000)
  to   space 11776K, 0% used [0x00000000f9900000,0x00000000f9900000,0x00000000fa480000)
 ParOldGen       total 86528K, used 49677K [0x00000000e0000000, 0x00000000e5480000, 0x00000000f5580000)
  object space 86528K, 57% used [0x00000000e0000000,0x00000000e3083618,0x00000000e5480000)
 Metaspace       used 86331K, capacity 92468K, committed 92800K, reserved 1130496K
  class space    used 10147K, capacity 12051K, committed 12160K, reserved 1048576K
Event: 141195.666 GC heap after
Heap after GC invocations=96 (full 23):
 PSYoungGen      total 70656K, used 2917K [0x00000000f5580000, 0x00000000fae80000, 0x0000000100000000)
  eden space 67584K, 0% used [0x00000000f5580000,0x00000000f5580000,0x00000000f9780000)
  from space 3072K, 94% used [0x00000000f9900000,0x00000000f9bd9570,0x00000000f9c00000)
  to   space 11776K, 0% used [0x00000000fa300000,0x00000000fa300000,0x00000000fae80000)
 ParOldGen       total 86528K, used 49677K [0x00000000e0000000, 0x00000000e5480000, 0x00000000f5580000)
  object space 86528K, 57% used [0x00000000e0000000,0x00000000e3083618,0x00000000e5480000)
 Metaspace       used 86331K, capacity 92468K, committed 92800K, reserved 1130496K
  class space    used 10147K, capacity 12051K, committed 12160K, reserved 1048576K
}
Event: 156867.613 GC heap before
{Heap before GC invocations=97 (full 23):
 PSYoungGen      total 70656K, used 70501K [0x00000000f5580000, 0x00000000fae80000, 0x0000000100000000)
  eden space 67584K, 100% used [0x00000000f5580000,0x00000000f9780000,0x00000000f9780000)
  from space 3072K, 94% used [0x00000000f9900000,0x00000000f9bd9570,0x00000000f9c00000)
  to   space 11776K, 0% used [0x00000000fa300000,0x00000000fa300000,0x00000000fae80000)
 ParOldGen       total 86528K, used 49677K [0x00000000e0000000, 0x00000000e5480000, 0x00000000f5580000)
  object space 86528K, 57% used [0x00000000e0000000,0x00000000e3083618,0x00000000e5480000)
 Metaspace       used 86412K, capacity 92538K, committed 92800K, reserved 1130496K
  class space    used 10162K, capacity 12052K, committed 12160K, reserved 1048576K
Event: 156867.620 GC heap after
Heap after GC invocations=97 (full 23):
 PSYoungGen      total 75264K, used 3189K [0x00000000f5580000, 0x00000000fac00000, 0x0000000100000000)
  eden space 66048K, 0% used [0x00000000f5580000,0x00000000f5580000,0x00000000f9600000)
  from space 9216K, 34% used [0x00000000fa300000,0x00000000fa61d580,0x00000000fac00000)
  to   space 11264K, 0% used [0x00000000f9600000,0x00000000f9600000,0x00000000fa100000)
 ParOldGen       total 86528K, used 49677K [0x00000000e0000000, 0x00000000e5480000, 0x00000000f5580000)
  object space 86528K, 57% used [0x00000000e0000000,0x00000000e3083618,0x00000000e5480000)
 Metaspace       used 86412K, capacity 92538K, committed 92800K, reserved 1130496K
  class space    used 10162K, capacity 12052K, committed 12160K, reserved 1048576K
}

