# JRE version: Java(TM) SE Runtime Environment (8.0_25-b18) (build 1.8.0_25-b18)
# Java VM: Java HotSpot(TM) 64-Bit Server VM (25.25-b02 mixed mode windows-amd64 compressed oops)
Heap:
 PSYoungGen      total 43520K, used 41306K [0x00000000f5580000, 0x00000000f9080000, 0x0000000100000000)
  eden space 37888K, 94% used [0x00000000f5580000,0x00000000f786b8b0,0x00000000f7a80000)
  from space 5632K, 98% used [0x00000000f7b00000,0x00000000f806b0d8,0x00000000f8080000)
  to   space 11264K, 0% used [0x00000000f8580000,0x00000000f8580000,0x00000000f9080000)
 ParOldGen       total 104448K, used 53406K [0x00000000e0000000, 0x00000000e6600000, 0x00000000f5580000)
  object space 104448K, 51% used [0x00000000e0000000,0x00000000e3427870,0x00000000e6600000)
 Metaspace       used 86006K, capacity 92104K, committed 92416K, reserved 1130496K
  class space    used 10291K, capacity 12190K, committed 12288K, reserved 1048576K
GC Heap History (10 events):
Event: 638.270 GC heap before
{Heap before GC invocations=51 (full 6):
 PSYoungGen      total 53248K, used 42800K [0x00000000f5580000, 0x00000000f9800000, 0x0000000100000000)
  eden space 40448K, 100% used [0x00000000f5580000,0x00000000f7d00000,0x00000000f7d00000)
  from space 12800K, 18% used [0x00000000f8b80000,0x00000000f8dcc220,0x00000000f9800000)
  to   space 13824K, 0% used [0x00000000f7d00000,0x00000000f7d00000,0x00000000f8a80000)
 ParOldGen       total 104448K, used 52508K [0x00000000e0000000, 0x00000000e6600000, 0x00000000f5580000)
  object space 104448K, 50% used [0x00000000e0000000,0x00000000e33471b0,0x00000000e6600000)
 Metaspace       used 84403K, capacity 90322K, committed 90624K, reserved 1128448K
  class space    used 10104K, capacity 12016K, committed 12032K, reserved 1048576K
Event: 638.272 GC heap after
Heap after GC invocations=51 (full 6):
 PSYoungGen      total 44032K, used 3752K [0x00000000f5580000, 0x00000000f9680000, 0x0000000100000000)
  eden space 39936K, 0% used [0x00000000f5580000,0x00000000f5580000,0x00000000f7c80000)
  from space 4096K, 91% used [0x00000000f7d00000,0x00000000f80aa3c8,0x00000000f8100000)
  to   space 13312K, 0% used [0x00000000f8980000,0x00000000f8980000,0x00000000f9680000)
 ParOldGen       total 104448K, used 52818K [0x00000000e0000000, 0x00000000e6600000, 0x00000000f5580000)
  object space 104448K, 50% used [0x00000000e0000000,0x00000000e3394ba0,0x00000000e6600000)
 Metaspace       used 84403K, capacity 90322K, committed 90624K, reserved 1128448K
  class space    used 10104K, capacity 12016K, committed 12032K, reserved 1048576K
}
Event: 649.777 GC heap before
{Heap before GC invocations=52 (full 6):
 PSYoungGen      total 44032K, used 43688K [0x00000000f5580000, 0x00000000f9680000, 0x0000000100000000)
  eden space 39936K, 100% used [0x00000000f5580000,0x00000000f7c80000,0x00000000f7c80000)
  from space 4096K, 91% used [0x00000000f7d00000,0x00000000f80aa3c8,0x00000000f8100000)
  to   space 13312K, 0% used [0x00000000f8980000,0x00000000f8980000,0x00000000f9680000)
 ParOldGen       total 104448K, used 52818K [0x00000000e0000000, 0x00000000e6600000, 0x00000000f5580000)
  object space 104448K, 50% used [0x00000000e0000000,0x00000000e3394ba0,0x00000000e6600000)
 Metaspace       used 84490K, capacity 90354K, committed 90752K, reserved 1128448K
  class space    used 10110K, capacity 12048K, committed 12160K, reserved 1048576K
Event: 649.780 GC heap after
Heap after GC invocations=52 (full 6):
 PSYoungGen      total 51200K, used 3848K [0x00000000f5580000, 0x00000000f9500000, 0x0000000100000000)
  eden space 39424K, 0% used [0x00000000f5580000,0x00000000f5580000,0x00000000f7c00000)
  from space 11776K, 32% used [0x00000000f8980000,0x00000000f8d423c8,0x00000000f9500000)
  to   space 12800K, 0% used [0x00000000f7c00000,0x00000000f7c00000,0x00000000f8880000)
 ParOldGen       total 104448K, used 52962K [0x00000000e0000000, 0x00000000e6600000, 0x00000000f5580000)
  object space 104448K, 50% used [0x00000000e0000000,0x00000000e33b8ba0,0x00000000e6600000)
 Metaspace       used 84490K, capacity 90354K, committed 90752K, reserved 1128448K
  class space    used 10110K, capacity 12048K, committed 12160K, reserved 1048576K
}
Event: 664.029 GC heap before
{Heap before GC invocations=53 (full 6):
 PSYoungGen      total 51200K, used 43268K [0x00000000f5580000, 0x00000000f9500000, 0x0000000100000000)
  eden space 39424K, 99% used [0x00000000f5580000,0x00000000f7bfef80,0x00000000f7c00000)
  from space 11776K, 32% used [0x00000000f8980000,0x00000000f8d423c8,0x00000000f9500000)
  to   space 12800K, 0% used [0x00000000f7c00000,0x00000000f7c00000,0x00000000f8880000)
 ParOldGen       total 104448K, used 52962K [0x00000000e0000000, 0x00000000e6600000, 0x00000000f5580000)
  object space 104448K, 50% used [0x00000000e0000000,0x00000000e33b8ba0,0x00000000e6600000)
 Metaspace       used 84638K, capacity 90672K, committed 91008K, reserved 1128448K
  class space    used 10123K, capacity 12057K, committed 12160K, reserved 1048576K
Event: 664.032 GC heap after
Heap after GC invocations=53 (full 6):
 PSYoungGen      total 44032K, used 4753K [0x00000000f5580000, 0x00000000f9380000, 0x0000000100000000)
  eden space 38912K, 0% used [0x00000000f5580000,0x00000000f5580000,0x00000000f7b80000)
  from space 5120K, 92% used [0x00000000f7c00000,0x00000000f80a4408,0x00000000f8100000)
  to   space 12288K, 0% used [0x00000000f8780000,0x00000000f8780000,0x00000000f9380000)
 ParOldGen       total 104448K, used 53058K [0x00000000e0000000, 0x00000000e6600000, 0x00000000f5580000)
  object space 104448K, 50% used [0x00000000e0000000,0x00000000e33d0ba0,0x00000000e6600000)
 Metaspace       used 84638K, capacity 90672K, committed 91008K, reserved 1128448K
  class space    used 10123K, capacity 12057K, committed 12160K, reserved 1048576K
}
Event: 673.367 GC heap before
{Heap before GC invocations=54 (full 6):
 PSYoungGen      total 44032K, used 43665K [0x00000000f5580000, 0x00000000f9380000, 0x0000000100000000)
  eden space 38912K, 100% used [0x00000000f5580000,0x00000000f7b80000,0x00000000f7b80000)
  from space 5120K, 92% used [0x00000000f7c00000,0x00000000f80a4408,0x00000000f8100000)
  to   space 12288K, 0% used [0x00000000f8780000,0x00000000f8780000,0x00000000f9380000)
 ParOldGen       total 104448K, used 53058K [0x00000000e0000000, 0x00000000e6600000, 0x00000000f5580000)
  object space 104448K, 50% used [0x00000000e0000000,0x00000000e33d0ba0,0x00000000e6600000)
 Metaspace       used 84809K, capacity 90930K, committed 91264K, reserved 1128448K
  class space    used 10146K, capacity 12059K, committed 12160K, reserved 1048576K
Event: 673.372 GC heap after
Heap after GC invocations=54 (full 6):
 PSYoungGen      total 49152K, used 5408K [0x00000000f5580000, 0x00000000f9200000, 0x0000000100000000)
  eden space 38400K, 0% used [0x00000000f5580000,0x00000000f5580000,0x00000000f7b00000)
  from space 10752K, 50% used [0x00000000f8780000,0x00000000f8cc83e8,0x00000000f9200000)
  to   space 11776K, 0% used [0x00000000f7b00000,0x00000000f7b00000,0x00000000f8680000)
 ParOldGen       total 104448K, used 53202K [0x00000000e0000000, 0x00000000e6600000, 0x00000000f5580000)
  object space 104448K, 50% used [0x00000000e0000000,0x00000000e33f4810,0x00000000e6600000)
 Metaspace       used 84809K, capacity 90930K, committed 91264K, reserved 1128448K
  class space    used 10146K, capacity 12059K, committed 12160K, reserved 1048576K
}
Event: 700.551 GC heap before
{Heap before GC invocations=55 (full 6):
 PSYoungGen      total 49152K, used 43808K [0x00000000f5580000, 0x00000000f9200000, 0x0000000100000000)
  eden space 38400K, 100% used [0x00000000f5580000,0x00000000f7b00000,0x00000000f7b00000)
  from space 10752K, 50% used [0x00000000f8780000,0x00000000f8cc83e8,0x00000000f9200000)
  to   space 11776K, 0% used [0x00000000f7b00000,0x00000000f7b00000,0x00000000f8680000)
 ParOldGen       total 104448K, used 53202K [0x00000000e0000000, 0x00000000e6600000, 0x00000000f5580000)
  object space 104448K, 50% used [0x00000000e0000000,0x00000000e33f4810,0x00000000e6600000)
 Metaspace       used 84970K, capacity 91074K, committed 91264K, reserved 1128448K
  class space    used 10168K, capacity 12061K, committed 12160K, reserved 1048576K
Event: 700.555 GC heap after
Heap after GC invocations=55 (full 6):
 PSYoungGen      total 43520K, used 5548K [0x00000000f5580000, 0x00000000f9080000, 0x0000000100000000)
  eden space 37888K, 0% used [0x00000000f5580000,0x00000000f5580000,0x00000000f7a80000)
  from space 5632K, 98% used [0x00000000f7b00000,0x00000000f806b0d8,0x00000000f8080000)
  to   space 11264K, 0% used [0x00000000f8580000,0x00000000f8580000,0x00000000f9080000)
 ParOldGen       total 104448K, used 53406K [0x00000000e0000000, 0x00000000e6600000, 0x00000000f5580000)
  object space 104448K, 51% used [0x00000000e0000000,0x00000000e3427870,0x00000000e6600000)
 Metaspace       used 84970K, capacity 91074K, committed 91264K, reserved 1128448K
  class space    used 10168K, capacity 12061K, committed 12160K, reserved 1048576K
}

