# JRE version: Java(TM) SE Runtime Environment (8.0_25-b18) (build 1.8.0_25-b18)
# Java VM: Java HotSpot(TM) 64-Bit Server VM (25.25-b02 mixed mode windows-amd64 compressed oops)
Heap:
 PSYoungGen      total 66560K, used 46793K [0x00000000f5580000, 0x00000000fae00000, 0x0000000100000000)
  eden space 45568K, 84% used [0x00000000f5580000,0x00000000f7b0fde0,0x00000000f8200000)
  from space 20992K, 39% used [0x00000000f9980000,0x00000000fa1a29e0,0x00000000fae00000)
  to   space 22528K, 0% used [0x00000000f8200000,0x00000000f8200000,0x00000000f9800000)
 ParOldGen       total 99328K, used 57527K [0x00000000e0000000, 0x00000000e6100000, 0x00000000f5580000)
  object space 99328K, 57% used [0x00000000e0000000,0x00000000e382ddd8,0x00000000e6100000)
 Metaspace       used 82964K, capacity 88990K, committed 89216K, reserved 1126400K
  class space    used 10033K, capacity 11855K, committed 11904K, reserved 1048576K
GC Heap History (10 events):
Event: 288.524 GC heap before
{Heap before GC invocations=41 (full 3):
 PSYoungGen      total 55808K, used 55393K [0x00000000f5580000, 0x00000000fbd00000, 0x0000000100000000)
  eden space 49664K, 100% used [0x00000000f5580000,0x00000000f8600000,0x00000000f8600000)
  from space 6144K, 93% used [0x00000000f8700000,0x00000000f8c987b0,0x00000000f8d00000)
  to   space 28160K, 0% used [0x00000000fa180000,0x00000000fa180000,0x00000000fbd00000)
 ParOldGen       total 99328K, used 57111K [0x00000000e0000000, 0x00000000e6100000, 0x00000000f5580000)
  object space 99328K, 57% used [0x00000000e0000000,0x00000000e37c5dc8,0x00000000e6100000)
 Metaspace       used 79566K, capacity 85374K, committed 85632K, reserved 1124352K
  class space    used 9604K, capacity 11356K, committed 11392K, reserved 1048576K
Event: 288.528 GC heap after
Heap after GC invocations=41 (full 3):
 PSYoungGen      total 73728K, used 5729K [0x00000000f5580000, 0x00000000fba00000, 0x0000000100000000)
  eden space 48640K, 0% used [0x00000000f5580000,0x00000000f5580000,0x00000000f8500000)
  from space 25088K, 22% used [0x00000000fa180000,0x00000000fa7187b0,0x00000000fba00000)
  to   space 27136K, 0% used [0x00000000f8500000,0x00000000f8500000,0x00000000f9f80000)
 ParOldGen       total 99328K, used 57215K [0x00000000e0000000, 0x00000000e6100000, 0x00000000f5580000)
  object space 99328K, 57% used [0x00000000e0000000,0x00000000e37dfdc8,0x00000000e6100000)
 Metaspace       used 79566K, capacity 85374K, committed 85632K, reserved 1124352K
  class space    used 9604K, capacity 11356K, committed 11392K, reserved 1048576K
}
Event: 297.861 GC heap before
{Heap before GC invocations=42 (full 3):
 PSYoungGen      total 73728K, used 54369K [0x00000000f5580000, 0x00000000fba00000, 0x0000000100000000)
  eden space 48640K, 100% used [0x00000000f5580000,0x00000000f8500000,0x00000000f8500000)
  from space 25088K, 22% used [0x00000000fa180000,0x00000000fa7187b0,0x00000000fba00000)
  to   space 27136K, 0% used [0x00000000f8500000,0x00000000f8500000,0x00000000f9f80000)
 ParOldGen       total 99328K, used 57215K [0x00000000e0000000, 0x00000000e6100000, 0x00000000f5580000)
  object space 99328K, 57% used [0x00000000e0000000,0x00000000e37dfdc8,0x00000000e6100000)
 Metaspace       used 79577K, capacity 85374K, committed 85632K, reserved 1124352K
  class space    used 9604K, capacity 11356K, committed 11392K, reserved 1048576K
Event: 297.864 GC heap after
Heap after GC invocations=42 (full 3):
 PSYoungGen      total 53760K, used 5697K [0x00000000f5580000, 0x00000000fb700000, 0x0000000100000000)
  eden space 47616K, 0% used [0x00000000f5580000,0x00000000f5580000,0x00000000f8400000)
  from space 6144K, 92% used [0x00000000f8500000,0x00000000f8a907b0,0x00000000f8b00000)
  to   space 26112K, 0% used [0x00000000f9d80000,0x00000000f9d80000,0x00000000fb700000)
 ParOldGen       total 99328K, used 57311K [0x00000000e0000000, 0x00000000e6100000, 0x00000000f5580000)
  object space 99328K, 57% used [0x00000000e0000000,0x00000000e37f7dc8,0x00000000e6100000)
 Metaspace       used 79577K, capacity 85374K, committed 85632K, reserved 1124352K
  class space    used 9604K, capacity 11356K, committed 11392K, reserved 1048576K
}
Event: 303.444 GC heap before
{Heap before GC invocations=43 (full 3):
 PSYoungGen      total 53760K, used 53313K [0x00000000f5580000, 0x00000000fb700000, 0x0000000100000000)
  eden space 47616K, 100% used [0x00000000f5580000,0x00000000f8400000,0x00000000f8400000)
  from space 6144K, 92% used [0x00000000f8500000,0x00000000f8a907b0,0x00000000f8b00000)
  to   space 26112K, 0% used [0x00000000f9d80000,0x00000000f9d80000,0x00000000fb700000)
 ParOldGen       total 99328K, used 57311K [0x00000000e0000000, 0x00000000e6100000, 0x00000000f5580000)
  object space 99328K, 57% used [0x00000000e0000000,0x00000000e37f7dc8,0x00000000e6100000)
 Metaspace       used 80015K, capacity 85854K, committed 86144K, reserved 1124352K
  class space    used 9636K, capacity 11388K, committed 11392K, reserved 1048576K
Event: 303.446 GC heap after
Heap after GC invocations=43 (full 3):
 PSYoungGen      total 68608K, used 6529K [0x00000000f5580000, 0x00000000fb300000, 0x0000000100000000)
  eden space 46592K, 0% used [0x00000000f5580000,0x00000000f5580000,0x00000000f8300000)
  from space 22016K, 29% used [0x00000000f9d80000,0x00000000fa3e07b0,0x00000000fb300000)
  to   space 24576K, 0% used [0x00000000f8300000,0x00000000f8300000,0x00000000f9b00000)
 ParOldGen       total 99328K, used 57415K [0x00000000e0000000, 0x00000000e6100000, 0x00000000f5580000)
  object space 99328K, 57% used [0x00000000e0000000,0x00000000e3811dd8,0x00000000e6100000)
 Metaspace       used 80015K, capacity 85854K, committed 86144K, reserved 1124352K
  class space    used 9636K, capacity 11388K, committed 11392K, reserved 1048576K
}
Event: 324.102 GC heap before
{Heap before GC invocations=44 (full 3):
 PSYoungGen      total 68608K, used 53121K [0x00000000f5580000, 0x00000000fb300000, 0x0000000100000000)
  eden space 46592K, 100% used [0x00000000f5580000,0x00000000f8300000,0x00000000f8300000)
  from space 22016K, 29% used [0x00000000f9d80000,0x00000000fa3e07b0,0x00000000fb300000)
  to   space 24576K, 0% used [0x00000000f8300000,0x00000000f8300000,0x00000000f9b00000)
 ParOldGen       total 99328K, used 57415K [0x00000000e0000000, 0x00000000e6100000, 0x00000000f5580000)
  object space 99328K, 57% used [0x00000000e0000000,0x00000000e3811dd8,0x00000000e6100000)
 Metaspace       used 80054K, capacity 85918K, committed 86144K, reserved 1124352K
  class space    used 9636K, capacity 11388K, committed 11392K, reserved 1048576K
Event: 324.106 GC heap after
Heap after GC invocations=44 (full 3):
 PSYoungGen      total 52736K, used 6289K [0x00000000f5580000, 0x00000000fb080000, 0x0000000100000000)
  eden space 46080K, 0% used [0x00000000f5580000,0x00000000f5580000,0x00000000f8280000)
  from space 6656K, 94% used [0x00000000f8300000,0x00000000f89247c0,0x00000000f8980000)
  to   space 23552K, 0% used [0x00000000f9980000,0x00000000f9980000,0x00000000fb080000)
 ParOldGen       total 99328K, used 57463K [0x00000000e0000000, 0x00000000e6100000, 0x00000000f5580000)
  object space 99328K, 57% used [0x00000000e0000000,0x00000000e381ddd8,0x00000000e6100000)
 Metaspace       used 80054K, capacity 85918K, committed 86144K, reserved 1124352K
  class space    used 9636K, capacity 11388K, committed 11392K, reserved 1048576K
}
Event: 333.127 GC heap before
{Heap before GC invocations=45 (full 3):
 PSYoungGen      total 52736K, used 52369K [0x00000000f5580000, 0x00000000fb080000, 0x0000000100000000)
  eden space 46080K, 100% used [0x00000000f5580000,0x00000000f8280000,0x00000000f8280000)
  from space 6656K, 94% used [0x00000000f8300000,0x00000000f89247c0,0x00000000f8980000)
  to   space 23552K, 0% used [0x00000000f9980000,0x00000000f9980000,0x00000000fb080000)
 ParOldGen       total 99328K, used 57463K [0x00000000e0000000, 0x00000000e6100000, 0x00000000f5580000)
  object space 99328K, 57% used [0x00000000e0000000,0x00000000e381ddd8,0x00000000e6100000)
 Metaspace       used 81496K, capacity 87386K, committed 87680K, reserved 1126400K
  class space    used 9845K, capacity 11624K, committed 11648K, reserved 1048576K
Event: 333.130 GC heap after
Heap after GC invocations=45 (full 3):
 PSYoungGen      total 66560K, used 8330K [0x00000000f5580000, 0x00000000fae00000, 0x0000000100000000)
  eden space 45568K, 0% used [0x00000000f5580000,0x00000000f5580000,0x00000000f8200000)
  from space 20992K, 39% used [0x00000000f9980000,0x00000000fa1a29e0,0x00000000fae00000)
  to   space 22528K, 0% used [0x00000000f8200000,0x00000000f8200000,0x00000000f9800000)
 ParOldGen       total 99328K, used 57527K [0x00000000e0000000, 0x00000000e6100000, 0x00000000f5580000)
  object space 99328K, 57% used [0x00000000e0000000,0x00000000e382ddd8,0x00000000e6100000)
 Metaspace       used 81496K, capacity 87386K, committed 87680K, reserved 1126400K
  class space    used 9845K, capacity 11624K, committed 11648K, reserved 1048576K
}

