# JRE version: Java(TM) SE Runtime Environment (8.0_25-b18) (build 1.8.0_25-b18)
# Java VM: Java HotSpot(TM) 64-Bit Server VM (25.25-b02 mixed mode windows-amd64 compressed oops)
Heap:
 PSYoungGen      total 114688K, used 14304K [0x00000000f5580000, 0x00000000fde00000, 0x0000000100000000)
  eden space 94720K, 8% used [0x00000000f5580000,0x00000000f5d30708,0x00000000fb200000)
  from space 19968K, 32% used [0x00000000fca80000,0x00000000fd0c7bd8,0x00000000fde00000)
  to   space 22528K, 0% used [0x00000000fb200000,0x00000000fb200000,0x00000000fc800000)
 ParOldGen       total 96768K, used 50217K [0x00000000e0000000, 0x00000000e5e80000, 0x00000000f5580000)
  object space 96768K, 51% used [0x00000000e0000000,0x00000000e310a6d0,0x00000000e5e80000)
 Metaspace       used 77858K, capacity 83618K, committed 83800K, reserved 1122304K
  class space    used 9802K, capacity 11567K, committed 11608K, reserved 1048576K
GC Heap History (10 events):
Event: 10.381 GC heap before
{Heap before GC invocations=14 (full 3):
 PSYoungGen      total 90112K, used 69632K [0x00000000f5580000, 0x00000000fcb00000, 0x0000000100000000)
  eden space 69632K, 100% used [0x00000000f5580000,0x00000000f9980000,0x00000000f9980000)
  from space 20480K, 0% used [0x00000000fad00000,0x00000000fad00000,0x00000000fc100000)
  to   space 19968K, 0% used [0x00000000f9980000,0x00000000f9980000,0x00000000fad00000)
 ParOldGen       total 96768K, used 30082K [0x00000000e0000000, 0x00000000e5e80000, 0x00000000f5580000)
  object space 96768K, 31% used [0x00000000e0000000,0x00000000e1d60940,0x00000000e5e80000)
 Metaspace       used 58500K, capacity 62864K, committed 63064K, reserved 1103872K
  class space    used 7299K, capacity 8667K, committed 8792K, reserved 1048576K
Event: 10.393 GC heap after
Heap after GC invocations=14 (full 3):
 PSYoungGen      total 89600K, used 12520K [0x00000000f5580000, 0x00000000fd000000, 0x0000000100000000)
  eden space 69632K, 0% used [0x00000000f5580000,0x00000000f5580000,0x00000000f9980000)
  from space 19968K, 62% used [0x00000000f9980000,0x00000000fa5ba128,0x00000000fad00000)
  to   space 19968K, 0% used [0x00000000fbc80000,0x00000000fbc80000,0x00000000fd000000)
 ParOldGen       total 96768K, used 30090K [0x00000000e0000000, 0x00000000e5e80000, 0x00000000f5580000)
  object space 96768K, 31% used [0x00000000e0000000,0x00000000e1d62940,0x00000000e5e80000)
 Metaspace       used 58500K, capacity 62864K, committed 63064K, reserved 1103872K
  class space    used 7299K, capacity 8667K, committed 8792K, reserved 1048576K
}
Event: 65.331 GC heap before
{Heap before GC invocations=15 (full 3):
 PSYoungGen      total 89600K, used 76159K [0x00000000f5580000, 0x00000000fd000000, 0x0000000100000000)
  eden space 69632K, 91% used [0x00000000f5580000,0x00000000f93a5b20,0x00000000f9980000)
  from space 19968K, 62% used [0x00000000f9980000,0x00000000fa5ba128,0x00000000fad00000)
  to   space 19968K, 0% used [0x00000000fbc80000,0x00000000fbc80000,0x00000000fd000000)
 ParOldGen       total 96768K, used 30090K [0x00000000e0000000, 0x00000000e5e80000, 0x00000000f5580000)
  object space 96768K, 31% used [0x00000000e0000000,0x00000000e1d62940,0x00000000e5e80000)
 Metaspace       used 68228K, capacity 73674K, committed 73816K, reserved 1112064K
  class space    used 8543K, capacity 10258K, committed 10328K, reserved 1048576K
Event: 65.350 GC heap after
Heap after GC invocations=15 (full 3):
 PSYoungGen      total 101888K, used 19958K [0x00000000f5580000, 0x00000000fd700000, 0x0000000100000000)
  eden space 81920K, 0% used [0x00000000f5580000,0x00000000f5580000,0x00000000fa580000)
  from space 19968K, 99% used [0x00000000fbc80000,0x00000000fcffda70,0x00000000fd000000)
  to   space 23552K, 0% used [0x00000000fa580000,0x00000000fa580000,0x00000000fbc80000)
 ParOldGen       total 96768K, used 33139K [0x00000000e0000000, 0x00000000e5e80000, 0x00000000f5580000)
  object space 96768K, 34% used [0x00000000e0000000,0x00000000e205cd90,0x00000000e5e80000)
 Metaspace       used 68228K, capacity 73674K, committed 73816K, reserved 1112064K
  class space    used 8543K, capacity 10258K, committed 10328K, reserved 1048576K
}
Event: 65.350 GC heap before
{Heap before GC invocations=16 (full 4):
 PSYoungGen      total 101888K, used 19958K [0x00000000f5580000, 0x00000000fd700000, 0x0000000100000000)
  eden space 81920K, 0% used [0x00000000f5580000,0x00000000f5580000,0x00000000fa580000)
  from space 19968K, 99% used [0x00000000fbc80000,0x00000000fcffda70,0x00000000fd000000)
  to   space 23552K, 0% used [0x00000000fa580000,0x00000000fa580000,0x00000000fbc80000)
 ParOldGen       total 96768K, used 33139K [0x00000000e0000000, 0x00000000e5e80000, 0x00000000f5580000)
  object space 96768K, 34% used [0x00000000e0000000,0x00000000e205cd90,0x00000000e5e80000)
 Metaspace       used 68228K, capacity 73674K, committed 73816K, reserved 1112064K
  class space    used 8543K, capacity 10258K, committed 10328K, reserved 1048576K
Event: 65.607 GC heap after
Heap after GC invocations=16 (full 4):
 PSYoungGen      total 101888K, used 0K [0x00000000f5580000, 0x00000000fd700000, 0x0000000100000000)
  eden space 81920K, 0% used [0x00000000f5580000,0x00000000f5580000,0x00000000fa580000)
  from space 19968K, 0% used [0x00000000fbc80000,0x00000000fbc80000,0x00000000fd000000)
  to   space 23552K, 0% used [0x00000000fa580000,0x00000000fa580000,0x00000000fbc80000)
 ParOldGen       total 96768K, used 50137K [0x00000000e0000000, 0x00000000e5e80000, 0x00000000f5580000)
  object space 96768K, 51% used [0x00000000e0000000,0x00000000e30f66c0,0x00000000e5e80000)
 Metaspace       used 68228K, capacity 73674K, committed 73816K, reserved 1112064K
  class space    used 8543K, capacity 10258K, committed 10328K, reserved 1048576K
}
Event: 92.426 GC heap before
{Heap before GC invocations=17 (full 4):
 PSYoungGen      total 101888K, used 81920K [0x00000000f5580000, 0x00000000fd700000, 0x0000000100000000)
  eden space 81920K, 100% used [0x00000000f5580000,0x00000000fa580000,0x00000000fa580000)
  from space 19968K, 0% used [0x00000000fbc80000,0x00000000fbc80000,0x00000000fd000000)
  to   space 23552K, 0% used [0x00000000fa580000,0x00000000fa580000,0x00000000fbc80000)
 ParOldGen       total 96768K, used 50137K [0x00000000e0000000, 0x00000000e5e80000, 0x00000000f5580000)
  object space 96768K, 51% used [0x00000000e0000000,0x00000000e30f66c0,0x00000000e5e80000)
 Metaspace       used 75440K, capacity 81002K, committed 81240K, reserved 1120256K
  class space    used 9520K, capacity 11338K, committed 11352K, reserved 1048576K
Event: 92.432 GC heap after
Heap after GC invocations=17 (full 4):
 PSYoungGen      total 105472K, used 9931K [0x00000000f5580000, 0x00000000fe080000, 0x0000000100000000)
  eden space 81920K, 0% used [0x00000000f5580000,0x00000000f5580000,0x00000000fa580000)
  from space 23552K, 42% used [0x00000000fa580000,0x00000000faf32cd0,0x00000000fbc80000)
  to   space 22528K, 0% used [0x00000000fca80000,0x00000000fca80000,0x00000000fe080000)
 ParOldGen       total 96768K, used 50145K [0x00000000e0000000, 0x00000000e5e80000, 0x00000000f5580000)
  object space 96768K, 51% used [0x00000000e0000000,0x00000000e30f86c0,0x00000000e5e80000)
 Metaspace       used 75440K, capacity 81002K, committed 81240K, reserved 1120256K
  class space    used 9520K, capacity 11338K, committed 11352K, reserved 1048576K
}
Event: 130.861 GC heap before
{Heap before GC invocations=18 (full 4):
 PSYoungGen      total 105472K, used 91851K [0x00000000f5580000, 0x00000000fe080000, 0x0000000100000000)
  eden space 81920K, 100% used [0x00000000f5580000,0x00000000fa580000,0x00000000fa580000)
  from space 23552K, 42% used [0x00000000fa580000,0x00000000faf32cd0,0x00000000fbc80000)
  to   space 22528K, 0% used [0x00000000fca80000,0x00000000fca80000,0x00000000fe080000)
 ParOldGen       total 96768K, used 50145K [0x00000000e0000000, 0x00000000e5e80000, 0x00000000f5580000)
  object space 96768K, 51% used [0x00000000e0000000,0x00000000e30f86c0,0x00000000e5e80000)
 Metaspace       used 77488K, capacity 83362K, committed 83544K, reserved 1122304K
  class space    used 9767K, capacity 11567K, committed 11608K, reserved 1048576K
Event: 130.866 GC heap after
Heap after GC invocations=18 (full 4):
 PSYoungGen      total 114688K, used 6430K [0x00000000f5580000, 0x00000000fde00000, 0x0000000100000000)
  eden space 94720K, 0% used [0x00000000f5580000,0x00000000f5580000,0x00000000fb200000)
  from space 19968K, 32% used [0x00000000fca80000,0x00000000fd0c7bd8,0x00000000fde00000)
  to   space 22528K, 0% used [0x00000000fb200000,0x00000000fb200000,0x00000000fc800000)
 ParOldGen       total 96768K, used 50217K [0x00000000e0000000, 0x00000000e5e80000, 0x00000000f5580000)
  object space 96768K, 51% used [0x00000000e0000000,0x00000000e310a6d0,0x00000000e5e80000)
 Metaspace       used 77488K, capacity 83362K, committed 83544K, reserved 1122304K
  class space    used 9767K, capacity 11567K, committed 11608K, reserved 1048576K
}

