# JRE version: Java(TM) SE Runtime Environment (8.0_25-b18) (build 1.8.0_25-b18)
# Java VM: Java HotSpot(TM) 64-Bit Server VM (25.25-b02 mixed mode windows-amd64 compressed oops)
Heap:
 PSYoungGen      total 35840K, used 15784K [0x00000000f5580000, 0x00000000f7e00000, 0x0000000100000000)
  eden space 30208K, 46% used [0x00000000f5580000,0x00000000f63202b0,0x00000000f7300000)
  from space 5632K, 32% used [0x00000000f7880000,0x00000000f7a4a0f0,0x00000000f7e00000)
  to   space 5632K, 0% used [0x00000000f7300000,0x00000000f7300000,0x00000000f7880000)
 ParOldGen       total 98304K, used 48027K [0x00000000e0000000, 0x00000000e6000000, 0x00000000f5580000)
  object space 98304K, 48% used [0x00000000e0000000,0x00000000e2ee6f78,0x00000000e6000000)
 Metaspace       used 88755K, capacity 95116K, committed 95360K, reserved 1132544K
  class space    used 10392K, capacity 12324K, committed 12416K, reserved 1048576K
GC Heap History (10 events):
Event: 3125.113 GC heap before
{Heap before GC invocations=122 (full 6):
 PSYoungGen      total 35840K, used 34816K [0x00000000f5580000, 0x00000000f7e00000, 0x0000000100000000)
  eden space 30208K, 100% used [0x00000000f5580000,0x00000000f7300000,0x00000000f7300000)
  from space 5632K, 81% used [0x00000000f7300000,0x00000000f7780298,0x00000000f7880000)
  to   space 5632K, 0% used [0x00000000f7880000,0x00000000f7880000,0x00000000f7e00000)
 ParOldGen       total 98304K, used 47675K [0x00000000e0000000, 0x00000000e6000000, 0x00000000f5580000)
  object space 98304K, 48% used [0x00000000e0000000,0x00000000e2e8ef28,0x00000000e6000000)
 Metaspace       used 88065K, capacity 94362K, committed 94592K, reserved 1132544K
  class space    used 10320K, capacity 12289K, committed 12416K, reserved 1048576K
Event: 3125.116 GC heap after
Heap after GC invocations=122 (full 6):
 PSYoungGen      total 35840K, used 3944K [0x00000000f5580000, 0x00000000f7e00000, 0x0000000100000000)
  eden space 30208K, 0% used [0x00000000f5580000,0x00000000f5580000,0x00000000f7300000)
  from space 5632K, 70% used [0x00000000f7880000,0x00000000f7c5a0f0,0x00000000f7e00000)
  to   space 5632K, 0% used [0x00000000f7300000,0x00000000f7300000,0x00000000f7880000)
 ParOldGen       total 98304K, used 47675K [0x00000000e0000000, 0x00000000e6000000, 0x00000000f5580000)
  object space 98304K, 48% used [0x00000000e0000000,0x00000000e2e8ef28,0x00000000e6000000)
 Metaspace       used 88065K, capacity 94362K, committed 94592K, reserved 1132544K
  class space    used 10320K, capacity 12289K, committed 12416K, reserved 1048576K
}
Event: 3194.458 GC heap before
{Heap before GC invocations=123 (full 6):
 PSYoungGen      total 35840K, used 34152K [0x00000000f5580000, 0x00000000f7e00000, 0x0000000100000000)
  eden space 30208K, 100% used [0x00000000f5580000,0x00000000f7300000,0x00000000f7300000)
  from space 5632K, 70% used [0x00000000f7880000,0x00000000f7c5a0f0,0x00000000f7e00000)
  to   space 5632K, 0% used [0x00000000f7300000,0x00000000f7300000,0x00000000f7880000)
 ParOldGen       total 98304K, used 47675K [0x00000000e0000000, 0x00000000e6000000, 0x00000000f5580000)
  object space 98304K, 48% used [0x00000000e0000000,0x00000000e2e8ef28,0x00000000e6000000)
 Metaspace       used 88093K, capacity 94362K, committed 94592K, reserved 1132544K
  class space    used 10322K, capacity 12289K, committed 12416K, reserved 1048576K
Event: 3194.461 GC heap after
Heap after GC invocations=123 (full 6):
 PSYoungGen      total 35840K, used 3688K [0x00000000f5580000, 0x00000000f7e00000, 0x0000000100000000)
  eden space 30208K, 0% used [0x00000000f5580000,0x00000000f5580000,0x00000000f7300000)
  from space 5632K, 65% used [0x00000000f7300000,0x00000000f769a0f0,0x00000000f7880000)
  to   space 5632K, 0% used [0x00000000f7880000,0x00000000f7880000,0x00000000f7e00000)
 ParOldGen       total 98304K, used 47683K [0x00000000e0000000, 0x00000000e6000000, 0x00000000f5580000)
  object space 98304K, 48% used [0x00000000e0000000,0x00000000e2e90f28,0x00000000e6000000)
 Metaspace       used 88093K, capacity 94362K, committed 94592K, reserved 1132544K
  class space    used 10322K, capacity 12289K, committed 12416K, reserved 1048576K
}
Event: 3196.681 GC heap before
{Heap before GC invocations=124 (full 6):
 PSYoungGen      total 35840K, used 33896K [0x00000000f5580000, 0x00000000f7e00000, 0x0000000100000000)
  eden space 30208K, 100% used [0x00000000f5580000,0x00000000f7300000,0x00000000f7300000)
  from space 5632K, 65% used [0x00000000f7300000,0x00000000f769a0f0,0x00000000f7880000)
  to   space 5632K, 0% used [0x00000000f7880000,0x00000000f7880000,0x00000000f7e00000)
 ParOldGen       total 98304K, used 47683K [0x00000000e0000000, 0x00000000e6000000, 0x00000000f5580000)
  object space 98304K, 48% used [0x00000000e0000000,0x00000000e2e90f28,0x00000000e6000000)
 Metaspace       used 88105K, capacity 94362K, committed 94592K, reserved 1132544K
  class space    used 10322K, capacity 12289K, committed 12416K, reserved 1048576K
Event: 3196.684 GC heap after
Heap after GC invocations=124 (full 6):
 PSYoungGen      total 35840K, used 2424K [0x00000000f5580000, 0x00000000f7e00000, 0x0000000100000000)
  eden space 30208K, 0% used [0x00000000f5580000,0x00000000f5580000,0x00000000f7300000)
  from space 5632K, 43% used [0x00000000f7880000,0x00000000f7ade100,0x00000000f7e00000)
  to   space 5632K, 0% used [0x00000000f7300000,0x00000000f7300000,0x00000000f7880000)
 ParOldGen       total 98304K, used 47771K [0x00000000e0000000, 0x00000000e6000000, 0x00000000f5580000)
  object space 98304K, 48% used [0x00000000e0000000,0x00000000e2ea6f28,0x00000000e6000000)
 Metaspace       used 88105K, capacity 94362K, committed 94592K, reserved 1132544K
  class space    used 10322K, capacity 12289K, committed 12416K, reserved 1048576K
}
Event: 3269.587 GC heap before
{Heap before GC invocations=125 (full 6):
 PSYoungGen      total 35840K, used 32632K [0x00000000f5580000, 0x00000000f7e00000, 0x0000000100000000)
  eden space 30208K, 100% used [0x00000000f5580000,0x00000000f7300000,0x00000000f7300000)
  from space 5632K, 43% used [0x00000000f7880000,0x00000000f7ade100,0x00000000f7e00000)
  to   space 5632K, 0% used [0x00000000f7300000,0x00000000f7300000,0x00000000f7880000)
 ParOldGen       total 98304K, used 47771K [0x00000000e0000000, 0x00000000e6000000, 0x00000000f5580000)
  object space 98304K, 48% used [0x00000000e0000000,0x00000000e2ea6f28,0x00000000e6000000)
 Metaspace       used 88112K, capacity 94362K, committed 94592K, reserved 1132544K
  class space    used 10322K, capacity 12289K, committed 12416K, reserved 1048576K
Event: 3269.592 GC heap after
Heap after GC invocations=125 (full 6):
 PSYoungGen      total 35840K, used 4200K [0x00000000f5580000, 0x00000000f7e00000, 0x0000000100000000)
  eden space 30208K, 0% used [0x00000000f5580000,0x00000000f5580000,0x00000000f7300000)
  from space 5632K, 74% used [0x00000000f7300000,0x00000000f771a0f0,0x00000000f7880000)
  to   space 5632K, 0% used [0x00000000f7880000,0x00000000f7880000,0x00000000f7e00000)
 ParOldGen       total 98304K, used 47955K [0x00000000e0000000, 0x00000000e6000000, 0x00000000f5580000)
  object space 98304K, 48% used [0x00000000e0000000,0x00000000e2ed4f78,0x00000000e6000000)
 Metaspace       used 88112K, capacity 94362K, committed 94592K, reserved 1132544K
  class space    used 10322K, capacity 12289K, committed 12416K, reserved 1048576K
}
Event: 3269.968 GC heap before
{Heap before GC invocations=126 (full 6):
 PSYoungGen      total 35840K, used 34408K [0x00000000f5580000, 0x00000000f7e00000, 0x0000000100000000)
  eden space 30208K, 100% used [0x00000000f5580000,0x00000000f7300000,0x00000000f7300000)
  from space 5632K, 74% used [0x00000000f7300000,0x00000000f771a0f0,0x00000000f7880000)
  to   space 5632K, 0% used [0x00000000f7880000,0x00000000f7880000,0x00000000f7e00000)
 ParOldGen       total 98304K, used 47955K [0x00000000e0000000, 0x00000000e6000000, 0x00000000f5580000)
  object space 98304K, 48% used [0x00000000e0000000,0x00000000e2ed4f78,0x00000000e6000000)
 Metaspace       used 88240K, capacity 94508K, committed 94848K, reserved 1132544K
  class space    used 10337K, capacity 12292K, committed 12416K, reserved 1048576K
Event: 3269.970 GC heap after
Heap after GC invocations=126 (full 6):
 PSYoungGen      total 35840K, used 1832K [0x00000000f5580000, 0x00000000f7e00000, 0x0000000100000000)
  eden space 30208K, 0% used [0x00000000f5580000,0x00000000f5580000,0x00000000f7300000)
  from space 5632K, 32% used [0x00000000f7880000,0x00000000f7a4a0f0,0x00000000f7e00000)
  to   space 5632K, 0% used [0x00000000f7300000,0x00000000f7300000,0x00000000f7880000)
 ParOldGen       total 98304K, used 48027K [0x00000000e0000000, 0x00000000e6000000, 0x00000000f5580000)
  object space 98304K, 48% used [0x00000000e0000000,0x00000000e2ee6f78,0x00000000e6000000)
 Metaspace       used 88240K, capacity 94508K, committed 94848K, reserved 1132544K
  class space    used 10337K, capacity 12292K, committed 12416K, reserved 1048576K
}

