# JRE version: Java(TM) SE Runtime Environment (8.0_25-b18) (build 1.8.0_25-b18)
# Java VM: Java HotSpot(TM) 64-Bit Server VM (25.25-b02 mixed mode windows-amd64 compressed oops)
Heap:
 PSYoungGen      total 43520K, used 13846K [0x00000000f5580000, 0x00000000f8b80000, 0x0000000100000000)
  eden space 31744K, 28% used [0x00000000f5580000,0x00000000f5e74450,0x00000000f7480000)
  from space 11776K, 39% used [0x00000000f7480000,0x00000000f7911600,0x00000000f8000000)
  to   space 11776K, 0% used [0x00000000f8000000,0x00000000f8000000,0x00000000f8b80000)
 ParOldGen       total 105984K, used 54316K [0x00000000e0000000, 0x00000000e6780000, 0x00000000f5580000)
  object space 105984K, 51% used [0x00000000e0000000,0x00000000e350b050,0x00000000e6780000)
 Metaspace       used 86103K, capacity 92228K, committed 92544K, reserved 1130496K
  class space    used 10068K, capacity 11883K, committed 11904K, reserved 1048576K
GC Heap History (10 events):
Event: 4170.767 GC heap before
{Heap before GC invocations=135 (full 38):
 PSYoungGen      total 44032K, used 39429K [0x00000000f5580000, 0x00000000f8d80000, 0x0000000100000000)
  eden space 31744K, 100% used [0x00000000f5580000,0x00000000f7480000,0x00000000f7480000)
  from space 12288K, 62% used [0x00000000f8180000,0x00000000f8901730,0x00000000f8d80000)
  to   space 12800K, 0% used [0x00000000f7480000,0x00000000f7480000,0x00000000f8100000)
 ParOldGen       total 105984K, used 52087K [0x00000000e0000000, 0x00000000e6780000, 0x00000000f5580000)
  object space 105984K, 49% used [0x00000000e0000000,0x00000000e32ddc20,0x00000000e6780000)
 Metaspace       used 85171K, capacity 91448K, committed 91776K, reserved 1128448K
  class space    used 9969K, capacity 11817K, committed 11904K, reserved 1048576K
Event: 4170.771 GC heap after
Heap after GC invocations=135 (full 38):
 PSYoungGen      total 38912K, used 6905K [0x00000000f5580000, 0x00000000f8c80000, 0x0000000100000000)
  eden space 31744K, 0% used [0x00000000f5580000,0x00000000f5580000,0x00000000f7480000)
  from space 7168K, 96% used [0x00000000f7480000,0x00000000f7b3e5e0,0x00000000f7b80000)
  to   space 12288K, 0% used [0x00000000f8080000,0x00000000f8080000,0x00000000f8c80000)
 ParOldGen       total 105984K, used 53037K [0x00000000e0000000, 0x00000000e6780000, 0x00000000f5580000)
  object space 105984K, 50% used [0x00000000e0000000,0x00000000e33cb680,0x00000000e6780000)
 Metaspace       used 85171K, capacity 91448K, committed 91776K, reserved 1128448K
  class space    used 9969K, capacity 11817K, committed 11904K, reserved 1048576K
}
Event: 4194.591 GC heap before
{Heap before GC invocations=136 (full 38):
 PSYoungGen      total 38912K, used 38649K [0x00000000f5580000, 0x00000000f8c80000, 0x0000000100000000)
  eden space 31744K, 100% used [0x00000000f5580000,0x00000000f7480000,0x00000000f7480000)
  from space 7168K, 96% used [0x00000000f7480000,0x00000000f7b3e5e0,0x00000000f7b80000)
  to   space 12288K, 0% used [0x00000000f8080000,0x00000000f8080000,0x00000000f8c80000)
 ParOldGen       total 105984K, used 53037K [0x00000000e0000000, 0x00000000e6780000, 0x00000000f5580000)
  object space 105984K, 50% used [0x00000000e0000000,0x00000000e33cb680,0x00000000e6780000)
 Metaspace       used 85208K, capacity 91448K, committed 91776K, reserved 1128448K
  class space    used 9969K, capacity 11817K, committed 11904K, reserved 1048576K
Event: 4194.595 GC heap after
Heap after GC invocations=136 (full 38):
 PSYoungGen      total 44032K, used 6947K [0x00000000f5580000, 0x00000000f8c80000, 0x0000000100000000)
  eden space 31744K, 0% used [0x00000000f5580000,0x00000000f5580000,0x00000000f7480000)
  from space 12288K, 56% used [0x00000000f8080000,0x00000000f8748f68,0x00000000f8c80000)
  to   space 12288K, 0% used [0x00000000f7480000,0x00000000f7480000,0x00000000f8080000)
 ParOldGen       total 105984K, used 53237K [0x00000000e0000000, 0x00000000e6780000, 0x00000000f5580000)
  object space 105984K, 50% used [0x00000000e0000000,0x00000000e33fd658,0x00000000e6780000)
 Metaspace       used 85208K, capacity 91448K, committed 91776K, reserved 1128448K
  class space    used 9969K, capacity 11817K, committed 11904K, reserved 1048576K
}
Event: 4502.502 GC heap before
{Heap before GC invocations=137 (full 38):
 PSYoungGen      total 44032K, used 38691K [0x00000000f5580000, 0x00000000f8c80000, 0x0000000100000000)
  eden space 31744K, 100% used [0x00000000f5580000,0x00000000f7480000,0x00000000f7480000)
  from space 12288K, 56% used [0x00000000f8080000,0x00000000f8748f68,0x00000000f8c80000)
  to   space 12288K, 0% used [0x00000000f7480000,0x00000000f7480000,0x00000000f8080000)
 ParOldGen       total 105984K, used 53237K [0x00000000e0000000, 0x00000000e6780000, 0x00000000f5580000)
  object space 105984K, 50% used [0x00000000e0000000,0x00000000e33fd658,0x00000000e6780000)
 Metaspace       used 85213K, capacity 91448K, committed 91776K, reserved 1128448K
  class space    used 9969K, capacity 11817K, committed 11904K, reserved 1048576K
Event: 4502.517 GC heap after
Heap after GC invocations=137 (full 38):
 PSYoungGen      total 38912K, used 6853K [0x00000000f5580000, 0x00000000f8b80000, 0x0000000100000000)
  eden space 31744K, 0% used [0x00000000f5580000,0x00000000f5580000,0x00000000f7480000)
  from space 7168K, 95% used [0x00000000f7480000,0x00000000f7b31670,0x00000000f7b80000)
  to   space 11776K, 0% used [0x00000000f8000000,0x00000000f8000000,0x00000000f8b80000)
 ParOldGen       total 105984K, used 53467K [0x00000000e0000000, 0x00000000e6780000, 0x00000000f5580000)
  object space 105984K, 50% used [0x00000000e0000000,0x00000000e3436f50,0x00000000e6780000)
 Metaspace       used 85213K, capacity 91448K, committed 91776K, reserved 1128448K
  class space    used 9969K, capacity 11817K, committed 11904K, reserved 1048576K
}
Event: 4589.021 GC heap before
{Heap before GC invocations=138 (full 38):
 PSYoungGen      total 38912K, used 38597K [0x00000000f5580000, 0x00000000f8b80000, 0x0000000100000000)
  eden space 31744K, 100% used [0x00000000f5580000,0x00000000f7480000,0x00000000f7480000)
  from space 7168K, 95% used [0x00000000f7480000,0x00000000f7b31670,0x00000000f7b80000)
  to   space 11776K, 0% used [0x00000000f8000000,0x00000000f8000000,0x00000000f8b80000)
 ParOldGen       total 105984K, used 53467K [0x00000000e0000000, 0x00000000e6780000, 0x00000000f5580000)
  object space 105984K, 50% used [0x00000000e0000000,0x00000000e3436f50,0x00000000e6780000)
 Metaspace       used 85235K, capacity 91448K, committed 91776K, reserved 1128448K
  class space    used 9969K, capacity 11817K, committed 11904K, reserved 1048576K
Event: 4589.031 GC heap after
Heap after GC invocations=138 (full 38):
 PSYoungGen      total 43520K, used 6027K [0x00000000f5580000, 0x00000000f8b80000, 0x0000000100000000)
  eden space 31744K, 0% used [0x00000000f5580000,0x00000000f5580000,0x00000000f7480000)
  from space 11776K, 51% used [0x00000000f8000000,0x00000000f85e2fa0,0x00000000f8b80000)
  to   space 11776K, 0% used [0x00000000f7480000,0x00000000f7480000,0x00000000f8000000)
 ParOldGen       total 105984K, used 54183K [0x00000000e0000000, 0x00000000e6780000, 0x00000000f5580000)
  object space 105984K, 51% used [0x00000000e0000000,0x00000000e34e9d88,0x00000000e6780000)
 Metaspace       used 85235K, capacity 91448K, committed 91776K, reserved 1128448K
  class space    used 9969K, capacity 11817K, committed 11904K, reserved 1048576K
}
Event: 4591.897 GC heap before
{Heap before GC invocations=139 (full 38):
 PSYoungGen      total 43520K, used 37771K [0x00000000f5580000, 0x00000000f8b80000, 0x0000000100000000)
  eden space 31744K, 100% used [0x00000000f5580000,0x00000000f7480000,0x00000000f7480000)
  from space 11776K, 51% used [0x00000000f8000000,0x00000000f85e2fa0,0x00000000f8b80000)
  to   space 11776K, 0% used [0x00000000f7480000,0x00000000f7480000,0x00000000f8000000)
 ParOldGen       total 105984K, used 54183K [0x00000000e0000000, 0x00000000e6780000, 0x00000000f5580000)
  object space 105984K, 51% used [0x00000000e0000000,0x00000000e34e9d88,0x00000000e6780000)
 Metaspace       used 85736K, capacity 91940K, committed 92288K, reserved 1130496K
  class space    used 10032K, capacity 11851K, committed 11904K, reserved 1048576K
Event: 4591.900 GC heap after
Heap after GC invocations=139 (full 38):
 PSYoungGen      total 43520K, used 4677K [0x00000000f5580000, 0x00000000f8b80000, 0x0000000100000000)
  eden space 31744K, 0% used [0x00000000f5580000,0x00000000f5580000,0x00000000f7480000)
  from space 11776K, 39% used [0x00000000f7480000,0x00000000f7911600,0x00000000f8000000)
  to   space 11776K, 0% used [0x00000000f8000000,0x00000000f8000000,0x00000000f8b80000)
 ParOldGen       total 105984K, used 54316K [0x00000000e0000000, 0x00000000e6780000, 0x00000000f5580000)
  object space 105984K, 51% used [0x00000000e0000000,0x00000000e350b050,0x00000000e6780000)
 Metaspace       used 85736K, capacity 91940K, committed 92288K, reserved 1130496K
  class space    used 10032K, capacity 11851K, committed 11904K, reserved 1048576K
}

