# JRE version: Java(TM) SE Runtime Environment (8.0_25-b18) (build 1.8.0_25-b18)
# Java VM: Java HotSpot(TM) 64-Bit Server VM (25.25-b02 mixed mode windows-amd64 compressed oops)
Heap:
 PSYoungGen      total 73728K, used 45261K [0x00000000f5580000, 0x00000000fb000000, 0x0000000100000000)
  eden space 57856K, 59% used [0x00000000f5580000,0x00000000f772bf98,0x00000000f8e00000)
  from space 15872K, 67% used [0x00000000fa080000,0x00000000fab077d8,0x00000000fb000000)
  to   space 17408K, 0% used [0x00000000f8e00000,0x00000000f8e00000,0x00000000f9f00000)
 ParOldGen       total 109568K, used 47160K [0x00000000e0000000, 0x00000000e6b00000, 0x00000000f5580000)
  object space 109568K, 43% used [0x00000000e0000000,0x00000000e2e0e080,0x00000000e6b00000)
 Metaspace       used 82879K, capacity 88430K, committed 88704K, reserved 1126400K
  class space    used 10108K, capacity 11896K, committed 11904K, reserved 1048576K
GC Heap History (10 events):
Event: 179.799 GC heap before
{Heap before GC invocations=25 (full 5):
 PSYoungGen      total 78336K, used 64733K [0x00000000f5580000, 0x00000000fb900000, 0x0000000100000000)
  eden space 55808K, 100% used [0x00000000f5580000,0x00000000f8c00000,0x00000000f8c00000)
  from space 22528K, 39% used [0x00000000f8c00000,0x00000000f94b74e0,0x00000000fa200000)
  to   space 21504K, 0% used [0x00000000fa400000,0x00000000fa400000,0x00000000fb900000)
 ParOldGen       total 109568K, used 47120K [0x00000000e0000000, 0x00000000e6b00000, 0x00000000f5580000)
  object space 109568K, 43% used [0x00000000e0000000,0x00000000e2e04080,0x00000000e6b00000)
 Metaspace       used 80240K, capacity 86062K, committed 86272K, reserved 1124352K
  class space    used 9908K, capacity 11664K, committed 11776K, reserved 1048576K
Event: 179.802 GC heap after
Heap after GC invocations=25 (full 5):
 PSYoungGen      total 77312K, used 10083K [0x00000000f5580000, 0x00000000fb680000, 0x0000000100000000)
  eden space 58368K, 0% used [0x00000000f5580000,0x00000000f5580000,0x00000000f8e80000)
  from space 18944K, 53% used [0x00000000fa400000,0x00000000fadd8f40,0x00000000fb680000)
  to   space 20480K, 0% used [0x00000000f8e80000,0x00000000f8e80000,0x00000000fa280000)
 ParOldGen       total 109568K, used 47128K [0x00000000e0000000, 0x00000000e6b00000, 0x00000000f5580000)
  object space 109568K, 43% used [0x00000000e0000000,0x00000000e2e06080,0x00000000e6b00000)
 Metaspace       used 80240K, capacity 86062K, committed 86272K, reserved 1124352K
  class space    used 9908K, capacity 11664K, committed 11776K, reserved 1048576K
}
Event: 206.367 GC heap before
{Heap before GC invocations=26 (full 5):
 PSYoungGen      total 77312K, used 68451K [0x00000000f5580000, 0x00000000fb680000, 0x0000000100000000)
  eden space 58368K, 100% used [0x00000000f5580000,0x00000000f8e80000,0x00000000f8e80000)
  from space 18944K, 53% used [0x00000000fa400000,0x00000000fadd8f40,0x00000000fb680000)
  to   space 20480K, 0% used [0x00000000f8e80000,0x00000000f8e80000,0x00000000fa280000)
 ParOldGen       total 109568K, used 47128K [0x00000000e0000000, 0x00000000e6b00000, 0x00000000f5580000)
  object space 109568K, 43% used [0x00000000e0000000,0x00000000e2e06080,0x00000000e6b00000)
 Metaspace       used 80567K, capacity 86510K, committed 86784K, reserved 1124352K
  class space    used 9908K, capacity 11664K, committed 11776K, reserved 1048576K
Event: 206.370 GC heap after
Heap after GC invocations=26 (full 5):
 PSYoungGen      total 78848K, used 10023K [0x00000000f5580000, 0x00000000fb680000, 0x0000000100000000)
  eden space 58368K, 0% used [0x00000000f5580000,0x00000000f5580000,0x00000000f8e80000)
  from space 20480K, 48% used [0x00000000f8e80000,0x00000000f9849d60,0x00000000fa280000)
  to   space 19456K, 0% used [0x00000000fa380000,0x00000000fa380000,0x00000000fb680000)
 ParOldGen       total 109568K, used 47136K [0x00000000e0000000, 0x00000000e6b00000, 0x00000000f5580000)
  object space 109568K, 43% used [0x00000000e0000000,0x00000000e2e08080,0x00000000e6b00000)
 Metaspace       used 80567K, capacity 86510K, committed 86784K, reserved 1124352K
  class space    used 9908K, capacity 11664K, committed 11776K, reserved 1048576K
}
Event: 214.709 GC heap before
{Heap before GC invocations=27 (full 5):
 PSYoungGen      total 78848K, used 68391K [0x00000000f5580000, 0x00000000fb680000, 0x0000000100000000)
  eden space 58368K, 100% used [0x00000000f5580000,0x00000000f8e80000,0x00000000f8e80000)
  from space 20480K, 48% used [0x00000000f8e80000,0x00000000f9849d60,0x00000000fa280000)
  to   space 19456K, 0% used [0x00000000fa380000,0x00000000fa380000,0x00000000fb680000)
 ParOldGen       total 109568K, used 47136K [0x00000000e0000000, 0x00000000e6b00000, 0x00000000f5580000)
  object space 109568K, 43% used [0x00000000e0000000,0x00000000e2e08080,0x00000000e6b00000)
 Metaspace       used 80898K, capacity 86766K, committed 87040K, reserved 1124352K
  class space    used 9909K, capacity 11664K, committed 11776K, reserved 1048576K
Event: 214.713 GC heap after
Heap after GC invocations=27 (full 5):
 PSYoungGen      total 76800K, used 10103K [0x00000000f5580000, 0x00000000fb400000, 0x0000000100000000)
  eden space 59904K, 0% used [0x00000000f5580000,0x00000000f5580000,0x00000000f9000000)
  from space 16896K, 59% used [0x00000000fa380000,0x00000000fad5dd70,0x00000000fb400000)
  to   space 18432K, 0% used [0x00000000f9000000,0x00000000f9000000,0x00000000fa200000)
 ParOldGen       total 109568K, used 47144K [0x00000000e0000000, 0x00000000e6b00000, 0x00000000f5580000)
  object space 109568K, 43% used [0x00000000e0000000,0x00000000e2e0a080,0x00000000e6b00000)
 Metaspace       used 80898K, capacity 86766K, committed 87040K, reserved 1124352K
  class space    used 9909K, capacity 11664K, committed 11776K, reserved 1048576K
}
Event: 223.973 GC heap before
{Heap before GC invocations=28 (full 5):
 PSYoungGen      total 76800K, used 70007K [0x00000000f5580000, 0x00000000fb400000, 0x0000000100000000)
  eden space 59904K, 100% used [0x00000000f5580000,0x00000000f9000000,0x00000000f9000000)
  from space 16896K, 59% used [0x00000000fa380000,0x00000000fad5dd70,0x00000000fb400000)
  to   space 18432K, 0% used [0x00000000f9000000,0x00000000f9000000,0x00000000fa200000)
 ParOldGen       total 109568K, used 47144K [0x00000000e0000000, 0x00000000e6b00000, 0x00000000f5580000)
  object space 109568K, 43% used [0x00000000e0000000,0x00000000e2e0a080,0x00000000e6b00000)
 Metaspace       used 81043K, capacity 86894K, committed 87296K, reserved 1124352K
  class space    used 9909K, capacity 11664K, committed 11776K, reserved 1048576K
Event: 223.976 GC heap after
Heap after GC invocations=28 (full 5):
 PSYoungGen      total 69120K, used 10087K [0x00000000f5580000, 0x00000000fb200000, 0x0000000100000000)
  eden space 58880K, 0% used [0x00000000f5580000,0x00000000f5580000,0x00000000f8f00000)
  from space 10240K, 98% used [0x00000000f9000000,0x00000000f99d9d60,0x00000000f9a00000)
  to   space 17920K, 0% used [0x00000000fa080000,0x00000000fa080000,0x00000000fb200000)
 ParOldGen       total 109568K, used 47152K [0x00000000e0000000, 0x00000000e6b00000, 0x00000000f5580000)
  object space 109568K, 43% used [0x00000000e0000000,0x00000000e2e0c080,0x00000000e6b00000)
 Metaspace       used 81043K, capacity 86894K, committed 87296K, reserved 1124352K
  class space    used 9909K, capacity 11664K, committed 11776K, reserved 1048576K
}
Event: 297.500 GC heap before
{Heap before GC invocations=29 (full 5):
 PSYoungGen      total 69120K, used 68967K [0x00000000f5580000, 0x00000000fb200000, 0x0000000100000000)
  eden space 58880K, 100% used [0x00000000f5580000,0x00000000f8f00000,0x00000000f8f00000)
  from space 10240K, 98% used [0x00000000f9000000,0x00000000f99d9d60,0x00000000f9a00000)
  to   space 17920K, 0% used [0x00000000fa080000,0x00000000fa080000,0x00000000fb200000)
 ParOldGen       total 109568K, used 47152K [0x00000000e0000000, 0x00000000e6b00000, 0x00000000f5580000)
  object space 109568K, 43% used [0x00000000e0000000,0x00000000e2e0c080,0x00000000e6b00000)
 Metaspace       used 81543K, capacity 87414K, committed 87552K, reserved 1124352K
  class space    used 9961K, capacity 11732K, committed 11776K, reserved 1048576K
Event: 297.503 GC heap after
Heap after GC invocations=29 (full 5):
 PSYoungGen      total 73728K, used 10781K [0x00000000f5580000, 0x00000000fb000000, 0x0000000100000000)
  eden space 57856K, 0% used [0x00000000f5580000,0x00000000f5580000,0x00000000f8e00000)
  from space 15872K, 67% used [0x00000000fa080000,0x00000000fab077d8,0x00000000fb000000)
  to   space 17408K, 0% used [0x00000000f8e00000,0x00000000f8e00000,0x00000000f9f00000)
 ParOldGen       total 109568K, used 47160K [0x00000000e0000000, 0x00000000e6b00000, 0x00000000f5580000)
  object space 109568K, 43% used [0x00000000e0000000,0x00000000e2e0e080,0x00000000e6b00000)
 Metaspace       used 81543K, capacity 87414K, committed 87552K, reserved 1124352K
  class space    used 9961K, capacity 11732K, committed 11776K, reserved 1048576K
}

