# JRE version: Java(TM) SE Runtime Environment (8.0_25-b18) (build 1.8.0_25-b18)
# Java VM: Java HotSpot(TM) 64-Bit Server VM (25.25-b02 mixed mode windows-amd64 compressed oops)
Heap:
 PSYoungGen      total 42496K, used 2948K [0x00000007bc400000, 0x00000007c0000000, 0x00000007c0000000)
  eden space 24576K, 2% used [0x00000007bc400000,0x00000007bc4894a8,0x00000007bdc00000)
  from space 17920K, 13% used [0x00000007bdc00000,0x00000007bde57e48,0x00000007bed80000)
  to   space 16896K, 0% used [0x00000007bef80000,0x00000007bef80000,0x00000007c0000000)
 ParOldGen       total 91648K, used 44616K [0x0000000700000000, 0x0000000705980000, 0x00000007bc400000)
  object space 91648K, 48% used [0x0000000700000000,0x0000000702b922b8,0x0000000705980000)
 Metaspace       used 49407K, capacity 49795K, committed 50224K, reserved 1091584K
  class space    used 7106K, capacity 7188K, committed 7216K, reserved 1048576K
GC Heap History (10 events):
Event: 24.467 GC heap before
{Heap before GC invocations=21 (full 2):
 PSYoungGen      total 40960K, used 20896K [0x00000007bc400000, 0x00000007c0000000, 0x00000007c0000000)
  eden space 20480K, 100% used [0x00000007bc400000,0x00000007bd800000,0x00000007bd800000)
  from space 20480K, 2% used [0x00000007bec00000,0x00000007bec68000,0x00000007c0000000)
  to   space 20480K, 0% used [0x00000007bd800000,0x00000007bd800000,0x00000007bec00000)
 ParOldGen       total 91648K, used 44328K [0x0000000700000000, 0x0000000705980000, 0x00000007bc400000)
  object space 91648K, 48% used [0x0000000700000000,0x0000000702b4a2b8,0x0000000705980000)
 Metaspace       used 48595K, capacity 48899K, committed 49328K, reserved 1091584K
  class space    used 6992K, capacity 7060K, committed 7088K, reserved 1048576K
Event: 24.469 GC heap after
Heap after GC invocations=21 (full 2):
 PSYoungGen      total 40960K, used 416K [0x00000007bc400000, 0x00000007c0000000, 0x00000007c0000000)
  eden space 20480K, 0% used [0x00000007bc400000,0x00000007bc400000,0x00000007bd800000)
  from space 20480K, 2% used [0x00000007bd800000,0x00000007bd868000,0x00000007bec00000)
  to   space 20480K, 0% used [0x00000007bec00000,0x00000007bec00000,0x00000007c0000000)
 ParOldGen       total 91648K, used 44408K [0x0000000700000000, 0x0000000705980000, 0x00000007bc400000)
  object space 91648K, 48% used [0x0000000700000000,0x0000000702b5e2b8,0x0000000705980000)
 Metaspace       used 48595K, capacity 48899K, committed 49328K, reserved 1091584K
  class space    used 6992K, capacity 7060K, committed 7088K, reserved 1048576K
}
Event: 24.571 GC heap before
{Heap before GC invocations=22 (full 2):
 PSYoungGen      total 40960K, used 20896K [0x00000007bc400000, 0x00000007c0000000, 0x00000007c0000000)
  eden space 20480K, 100% used [0x00000007bc400000,0x00000007bd800000,0x00000007bd800000)
  from space 20480K, 2% used [0x00000007bd800000,0x00000007bd868000,0x00000007bec00000)
  to   space 20480K, 0% used [0x00000007bec00000,0x00000007bec00000,0x00000007c0000000)
 ParOldGen       total 91648K, used 44408K [0x0000000700000000, 0x0000000705980000, 0x00000007bc400000)
  object space 91648K, 48% used [0x0000000700000000,0x0000000702b5e2b8,0x0000000705980000)
 Metaspace       used 48604K, capacity 48963K, committed 49328K, reserved 1091584K
  class space    used 6992K, capacity 7060K, committed 7088K, reserved 1048576K
Event: 24.573 GC heap after
Heap after GC invocations=22 (full 2):
 PSYoungGen      total 41472K, used 416K [0x00000007bc400000, 0x00000007c0000000, 0x00000007c0000000)
  eden space 20992K, 0% used [0x00000007bc400000,0x00000007bc400000,0x00000007bd880000)
  from space 20480K, 2% used [0x00000007bec00000,0x00000007bec68000,0x00000007c0000000)
  to   space 19968K, 0% used [0x00000007bd880000,0x00000007bd880000,0x00000007bec00000)
 ParOldGen       total 91648K, used 44408K [0x0000000700000000, 0x0000000705980000, 0x00000007bc400000)
  object space 91648K, 48% used [0x0000000700000000,0x0000000702b5e2b8,0x0000000705980000)
 Metaspace       used 48604K, capacity 48963K, committed 49328K, reserved 1091584K
  class space    used 6992K, capacity 7060K, committed 7088K, reserved 1048576K
}
Event: 24.698 GC heap before
{Heap before GC invocations=23 (full 2):
 PSYoungGen      total 41472K, used 21408K [0x00000007bc400000, 0x00000007c0000000, 0x00000007c0000000)
  eden space 20992K, 100% used [0x00000007bc400000,0x00000007bd880000,0x00000007bd880000)
  from space 20480K, 2% used [0x00000007bec00000,0x00000007bec68000,0x00000007c0000000)
  to   space 19968K, 0% used [0x00000007bd880000,0x00000007bd880000,0x00000007bec00000)
 ParOldGen       total 91648K, used 44408K [0x0000000700000000, 0x0000000705980000, 0x00000007bc400000)
  object space 91648K, 48% used [0x0000000700000000,0x0000000702b5e2b8,0x0000000705980000)
 Metaspace       used 48610K, capacity 48963K, committed 49328K, reserved 1091584K
  class space    used 6992K, capacity 7060K, committed 7088K, reserved 1048576K
Event: 24.701 GC heap after
Heap after GC invocations=23 (full 2):
 PSYoungGen      total 40960K, used 352K [0x00000007bc400000, 0x00000007c0000000, 0x00000007c0000000)
  eden space 20992K, 0% used [0x00000007bc400000,0x00000007bc400000,0x00000007bd880000)
  from space 19968K, 1% used [0x00000007bd880000,0x00000007bd8d8000,0x00000007bec00000)
  to   space 18944K, 0% used [0x00000007bed80000,0x00000007bed80000,0x00000007c0000000)
 ParOldGen       total 91648K, used 44472K [0x0000000700000000, 0x0000000705980000, 0x00000007bc400000)
  object space 91648K, 48% used [0x0000000700000000,0x0000000702b6e2b8,0x0000000705980000)
 Metaspace       used 48610K, capacity 48963K, committed 49328K, reserved 1091584K
  class space    used 6992K, capacity 7060K, committed 7088K, reserved 1048576K
}
Event: 24.788 GC heap before
{Heap before GC invocations=24 (full 2):
 PSYoungGen      total 40960K, used 21344K [0x00000007bc400000, 0x00000007c0000000, 0x00000007c0000000)
  eden space 20992K, 100% used [0x00000007bc400000,0x00000007bd880000,0x00000007bd880000)
  from space 19968K, 1% used [0x00000007bd880000,0x00000007bd8d8000,0x00000007bec00000)
  to   space 18944K, 0% used [0x00000007bed80000,0x00000007bed80000,0x00000007c0000000)
 ParOldGen       total 91648K, used 44472K [0x0000000700000000, 0x0000000705980000, 0x00000007bc400000)
  object space 91648K, 48% used [0x0000000700000000,0x0000000702b6e2b8,0x0000000705980000)
 Metaspace       used 48617K, capacity 48963K, committed 49328K, reserved 1091584K
  class space    used 6992K, capacity 7060K, committed 7088K, reserved 1048576K
Event: 24.791 GC heap after
Heap after GC invocations=24 (full 2):
 PSYoungGen      total 43520K, used 416K [0x00000007bc400000, 0x00000007c0000000, 0x00000007c0000000)
  eden space 24576K, 0% used [0x00000007bc400000,0x00000007bc400000,0x00000007bdc00000)
  from space 18944K, 2% used [0x00000007bed80000,0x00000007bede8000,0x00000007c0000000)
  to   space 17920K, 0% used [0x00000007bdc00000,0x00000007bdc00000,0x00000007bed80000)
 ParOldGen       total 91648K, used 44568K [0x0000000700000000, 0x0000000705980000, 0x00000007bc400000)
  object space 91648K, 48% used [0x0000000700000000,0x0000000702b862b8,0x0000000705980000)
 Metaspace       used 48617K, capacity 48963K, committed 49328K, reserved 1091584K
  class space    used 6992K, capacity 7060K, committed 7088K, reserved 1048576K
}
Event: 30.470 GC heap before
{Heap before GC invocations=25 (full 2):
 PSYoungGen      total 43520K, used 24992K [0x00000007bc400000, 0x00000007c0000000, 0x00000007c0000000)
  eden space 24576K, 100% used [0x00000007bc400000,0x00000007bdc00000,0x00000007bdc00000)
  from space 18944K, 2% used [0x00000007bed80000,0x00000007bede8000,0x00000007c0000000)
  to   space 17920K, 0% used [0x00000007bdc00000,0x00000007bdc00000,0x00000007bed80000)
 ParOldGen       total 91648K, used 44568K [0x0000000700000000, 0x0000000705980000, 0x00000007bc400000)
  object space 91648K, 48% used [0x0000000700000000,0x0000000702b862b8,0x0000000705980000)
 Metaspace       used 49403K, capacity 49795K, committed 50224K, reserved 1091584K
  class space    used 7106K, capacity 7188K, committed 7216K, reserved 1048576K
Event: 30.472 GC heap after
Heap after GC invocations=25 (full 2):
 PSYoungGen      total 42496K, used 2399K [0x00000007bc400000, 0x00000007c0000000, 0x00000007c0000000)
  eden space 24576K, 0% used [0x00000007bc400000,0x00000007bc400000,0x00000007bdc00000)
  from space 17920K, 13% used [0x00000007bdc00000,0x00000007bde57e48,0x00000007bed80000)
  to   space 16896K, 0% used [0x00000007bef80000,0x00000007bef80000,0x00000007c0000000)
 ParOldGen       total 91648K, used 44616K [0x0000000700000000, 0x0000000705980000, 0x00000007bc400000)
  object space 91648K, 48% used [0x0000000700000000,0x0000000702b922b8,0x0000000705980000)
 Metaspace       used 49403K, capacity 49795K, committed 50224K, reserved 1091584K
  class space    used 7106K, capacity 7188K, committed 7216K, reserved 1048576K
}

