# JRE version: Java(TM) SE Runtime Environment (8.0_25-b18) (build 1.8.0_25-b18)
# Java VM: Java HotSpot(TM) 64-Bit Server VM (25.25-b02 mixed mode windows-amd64 compressed oops)
Heap:
 PSYoungGen      total 71168K, used 29309K [0x00000000f5580000, 0x00000000fb380000, 0x0000000100000000)
  eden space 50688K, 57% used [0x00000000f5580000,0x00000000f721f450,0x00000000f8700000)
  from space 20480K, 0% used [0x00000000f9c80000,0x00000000f9c80000,0x00000000fb080000)
  to   space 22016K, 0% used [0x00000000f8700000,0x00000000f8700000,0x00000000f9c80000)
 ParOldGen       total 105472K, used 45697K [0x00000000e0000000, 0x00000000e6700000, 0x00000000f5580000)
  object space 105472K, 43% used [0x00000000e0000000,0x00000000e2ca0478,0x00000000e6700000)
 Metaspace       used 70128K, capacity 75484K, committed 75648K, reserved 1114112K
  class space    used 8588K, capacity 10242K, committed 10368K, reserved 1048576K
GC Heap History (10 events):
Event: 6.212 GC heap before
{Heap before GC invocations=16 (full 3):
 PSYoungGen      total 59904K, used 42496K [0x00000000f5580000, 0x00000000fa180000, 0x0000000100000000)
  eden space 42496K, 100% used [0x00000000f5580000,0x00000000f7f00000,0x00000000f7f00000)
  from space 17408K, 0% used [0x00000000f9000000,0x00000000f9000000,0x00000000fa100000)
  to   space 17408K, 0% used [0x00000000f7f00000,0x00000000f7f00000,0x00000000f9000000)
 ParOldGen       total 105472K, used 29977K [0x00000000e0000000, 0x00000000e6700000, 0x00000000f5580000)
  object space 105472K, 28% used [0x00000000e0000000,0x00000000e1d46508,0x00000000e6700000)
 Metaspace       used 58728K, capacity 63286K, committed 63488K, reserved 1103872K
  class space    used 7259K, capacity 8636K, committed 8704K, reserved 1048576K
Event: 6.216 GC heap after
Heap after GC invocations=16 (full 3):
 PSYoungGen      total 59904K, used 8804K [0x00000000f5580000, 0x00000000fa580000, 0x0000000100000000)
  eden space 42496K, 0% used [0x00000000f5580000,0x00000000f5580000,0x00000000f7f00000)
  from space 17408K, 50% used [0x00000000f7f00000,0x00000000f8799260,0x00000000f9000000)
  to   space 16896K, 0% used [0x00000000f9500000,0x00000000f9500000,0x00000000fa580000)
 ParOldGen       total 105472K, used 29985K [0x00000000e0000000, 0x00000000e6700000, 0x00000000f5580000)
  object space 105472K, 28% used [0x00000000e0000000,0x00000000e1d48508,0x00000000e6700000)
 Metaspace       used 58728K, capacity 63286K, committed 63488K, reserved 1103872K
  class space    used 7259K, capacity 8636K, committed 8704K, reserved 1048576K
}
Event: 6.780 GC heap before
{Heap before GC invocations=17 (full 3):
 PSYoungGen      total 59904K, used 51300K [0x00000000f5580000, 0x00000000fa580000, 0x0000000100000000)
  eden space 42496K, 100% used [0x00000000f5580000,0x00000000f7f00000,0x00000000f7f00000)
  from space 17408K, 50% used [0x00000000f7f00000,0x00000000f8799260,0x00000000f9000000)
  to   space 16896K, 0% used [0x00000000f9500000,0x00000000f9500000,0x00000000fa580000)
 ParOldGen       total 105472K, used 29985K [0x00000000e0000000, 0x00000000e6700000, 0x00000000f5580000)
  object space 105472K, 28% used [0x00000000e0000000,0x00000000e1d48508,0x00000000e6700000)
 Metaspace       used 60799K, capacity 65438K, committed 65664K, reserved 1105920K
  class space    used 7537K, capacity 8972K, committed 9088K, reserved 1048576K
Event: 6.786 GC heap after
Heap after GC invocations=17 (full 3):
 PSYoungGen      total 64512K, used 13524K [0x00000000f5580000, 0x00000000fa600000, 0x0000000100000000)
  eden space 47616K, 0% used [0x00000000f5580000,0x00000000f5580000,0x00000000f8400000)
  from space 16896K, 80% used [0x00000000f9500000,0x00000000fa235390,0x00000000fa580000)
  to   space 17408K, 0% used [0x00000000f8400000,0x00000000f8400000,0x00000000f9500000)
 ParOldGen       total 105472K, used 29993K [0x00000000e0000000, 0x00000000e6700000, 0x00000000f5580000)
  object space 105472K, 28% used [0x00000000e0000000,0x00000000e1d4a508,0x00000000e6700000)
 Metaspace       used 60799K, capacity 65438K, committed 65664K, reserved 1105920K
  class space    used 7537K, capacity 8972K, committed 9088K, reserved 1048576K
}
Event: 24.930 GC heap before
{Heap before GC invocations=18 (full 3):
 PSYoungGen      total 64512K, used 61140K [0x00000000f5580000, 0x00000000fa600000, 0x0000000100000000)
  eden space 47616K, 100% used [0x00000000f5580000,0x00000000f8400000,0x00000000f8400000)
  from space 16896K, 80% used [0x00000000f9500000,0x00000000fa235390,0x00000000fa580000)
  to   space 17408K, 0% used [0x00000000f8400000,0x00000000f8400000,0x00000000f9500000)
 ParOldGen       total 105472K, used 29993K [0x00000000e0000000, 0x00000000e6700000, 0x00000000f5580000)
  object space 105472K, 28% used [0x00000000e0000000,0x00000000e1d4a508,0x00000000e6700000)
 Metaspace       used 67694K, capacity 73300K, committed 73600K, reserved 1112064K
  class space    used 8385K, capacity 10047K, committed 10112K, reserved 1048576K
Event: 24.946 GC heap after
Heap after GC invocations=18 (full 3):
 PSYoungGen      total 65024K, used 17404K [0x00000000f5580000, 0x00000000fb080000, 0x0000000100000000)
  eden space 47616K, 0% used [0x00000000f5580000,0x00000000f5580000,0x00000000f8400000)
  from space 17408K, 99% used [0x00000000f8400000,0x00000000f94ff288,0x00000000f9500000)
  to   space 20480K, 0% used [0x00000000f9c80000,0x00000000f9c80000,0x00000000fb080000)
 ParOldGen       total 105472K, used 31893K [0x00000000e0000000, 0x00000000e6700000, 0x00000000f5580000)
  object space 105472K, 30% used [0x00000000e0000000,0x00000000e1f25700,0x00000000e6700000)
 Metaspace       used 67694K, capacity 73300K, committed 73600K, reserved 1112064K
  class space    used 8385K, capacity 10047K, committed 10112K, reserved 1048576K
}
Event: 66.697 GC heap before
{Heap before GC invocations=19 (full 3):
 PSYoungGen      total 65024K, used 64924K [0x00000000f5580000, 0x00000000fb080000, 0x0000000100000000)
  eden space 47616K, 99% used [0x00000000f5580000,0x00000000f83e7f18,0x00000000f8400000)
  from space 17408K, 99% used [0x00000000f8400000,0x00000000f94ff288,0x00000000f9500000)
  to   space 20480K, 0% used [0x00000000f9c80000,0x00000000f9c80000,0x00000000fb080000)
 ParOldGen       total 105472K, used 31893K [0x00000000e0000000, 0x00000000e6700000, 0x00000000f5580000)
  object space 105472K, 30% used [0x00000000e0000000,0x00000000e1f25700,0x00000000e6700000)
 Metaspace       used 68370K, capacity 73908K, committed 74112K, reserved 1114112K
  class space    used 8390K, capacity 10079K, committed 10112K, reserved 1048576K
Event: 66.707 GC heap after
Heap after GC invocations=19 (full 3):
 PSYoungGen      total 71168K, used 17444K [0x00000000f5580000, 0x00000000fb380000, 0x0000000100000000)
  eden space 50688K, 0% used [0x00000000f5580000,0x00000000f5580000,0x00000000f8700000)
  from space 20480K, 85% used [0x00000000f9c80000,0x00000000fad892f8,0x00000000fb080000)
  to   space 22016K, 0% used [0x00000000f8700000,0x00000000f8700000,0x00000000f9c80000)
 ParOldGen       total 105472K, used 31901K [0x00000000e0000000, 0x00000000e6700000, 0x00000000f5580000)
  object space 105472K, 30% used [0x00000000e0000000,0x00000000e1f27700,0x00000000e6700000)
 Metaspace       used 68370K, capacity 73908K, committed 74112K, reserved 1114112K
  class space    used 8390K, capacity 10079K, committed 10112K, reserved 1048576K
}
Event: 66.707 GC heap before
{Heap before GC invocations=20 (full 4):
 PSYoungGen      total 71168K, used 17444K [0x00000000f5580000, 0x00000000fb380000, 0x0000000100000000)
  eden space 50688K, 0% used [0x00000000f5580000,0x00000000f5580000,0x00000000f8700000)
  from space 20480K, 85% used [0x00000000f9c80000,0x00000000fad892f8,0x00000000fb080000)
  to   space 22016K, 0% used [0x00000000f8700000,0x00000000f8700000,0x00000000f9c80000)
 ParOldGen       total 105472K, used 31901K [0x00000000e0000000, 0x00000000e6700000, 0x00000000f5580000)
  object space 105472K, 30% used [0x00000000e0000000,0x00000000e1f27700,0x00000000e6700000)
 Metaspace       used 68370K, capacity 73908K, committed 74112K, reserved 1114112K
  class space    used 8390K, capacity 10079K, committed 10112K, reserved 1048576K
Event: 66.993 GC heap after
Heap after GC invocations=20 (full 4):
 PSYoungGen      total 71168K, used 0K [0x00000000f5580000, 0x00000000fb380000, 0x0000000100000000)
  eden space 50688K, 0% used [0x00000000f5580000,0x00000000f5580000,0x00000000f8700000)
  from space 20480K, 0% used [0x00000000f9c80000,0x00000000f9c80000,0x00000000fb080000)
  to   space 22016K, 0% used [0x00000000f8700000,0x00000000f8700000,0x00000000f9c80000)
 ParOldGen       total 105472K, used 45697K [0x00000000e0000000, 0x00000000e6700000, 0x00000000f5580000)
  object space 105472K, 43% used [0x00000000e0000000,0x00000000e2ca0478,0x00000000e6700000)
 Metaspace       used 68370K, capacity 73908K, committed 74112K, reserved 1114112K
  class space    used 8390K, capacity 10079K, committed 10112K, reserved 1048576K
}

