# JRE version: Java(TM) SE Runtime Environment (8.0_25-b18) (build 1.8.0_25-b18)
# Java VM: Java HotSpot(TM) 64-Bit Server VM (25.25-b02 mixed mode windows-amd64 compressed oops)
Heap:
 PSYoungGen      total 71168K, used 34804K [0x00000000f5580000, 0x00000000fa800000, 0x0000000100000000)
  eden space 66048K, 44% used [0x00000000f5580000,0x00000000f7281508,0x00000000f9600000)
  from space 5120K, 99% used [0x00000000fa300000,0x00000000fa7fbe00,0x00000000fa800000)
  to   space 8704K, 0% used [0x00000000f9700000,0x00000000f9700000,0x00000000f9f80000)
 ParOldGen       total 79872K, used 37286K [0x00000000e0000000, 0x00000000e4e00000, 0x00000000f5580000)
  object space 79872K, 46% used [0x00000000e0000000,0x00000000e2469a08,0x00000000e4e00000)
 Metaspace       used 81227K, capacity 87416K, committed 87552K, reserved 1124352K
  class space    used 9925K, capacity 11748K, committed 11776K, reserved 1048576K
GC Heap History (10 events):
Event: 2252.284 GC heap before
{Heap before GC invocations=92 (full 40):
 PSYoungGen      total 73216K, used 72704K [0x00000000f5580000, 0x00000000fa580000, 0x0000000100000000)
  eden space 72704K, 100% used [0x00000000f5580000,0x00000000f9c80000,0x00000000f9c80000)
  from space 512K, 0% used [0x00000000f9c80000,0x00000000f9c80000,0x00000000f9d00000)
  to   space 4608K, 0% used [0x00000000fa100000,0x00000000fa100000,0x00000000fa580000)
 ParOldGen       total 79872K, used 35767K [0x00000000e0000000, 0x00000000e4e00000, 0x00000000f5580000)
  object space 79872K, 44% used [0x00000000e0000000,0x00000000e22edce0,0x00000000e4e00000)
 Metaspace       used 78238K, capacity 84256K, committed 84352K, reserved 1122304K
  class space    used 9630K, capacity 11360K, committed 11392K, reserved 1048576K
Event: 2252.287 GC heap after
Heap after GC invocations=92 (full 40):
 PSYoungGen      total 76800K, used 2469K [0x00000000f5580000, 0x00000000fab80000, 0x0000000100000000)
  eden space 72192K, 0% used [0x00000000f5580000,0x00000000f5580000,0x00000000f9c00000)
  from space 4608K, 53% used [0x00000000fa100000,0x00000000fa3695f0,0x00000000fa580000)
  to   space 5120K, 0% used [0x00000000f9c00000,0x00000000f9c00000,0x00000000fa100000)
 ParOldGen       total 79872K, used 35775K [0x00000000e0000000, 0x00000000e4e00000, 0x00000000f5580000)
  object space 79872K, 44% used [0x00000000e0000000,0x00000000e22efce0,0x00000000e4e00000)
 Metaspace       used 78238K, capacity 84256K, committed 84352K, reserved 1122304K
  class space    used 9630K, capacity 11360K, committed 11392K, reserved 1048576K
}
Event: 2504.463 GC heap before
{Heap before GC invocations=93 (full 40):
 PSYoungGen      total 76800K, used 74661K [0x00000000f5580000, 0x00000000fab80000, 0x0000000100000000)
  eden space 72192K, 100% used [0x00000000f5580000,0x00000000f9c00000,0x00000000f9c00000)
  from space 4608K, 53% used [0x00000000fa100000,0x00000000fa3695f0,0x00000000fa580000)
  to   space 5120K, 0% used [0x00000000f9c00000,0x00000000f9c00000,0x00000000fa100000)
 ParOldGen       total 79872K, used 35775K [0x00000000e0000000, 0x00000000e4e00000, 0x00000000f5580000)
  object space 79872K, 44% used [0x00000000e0000000,0x00000000e22efce0,0x00000000e4e00000)
 Metaspace       used 79735K, capacity 85926K, committed 86144K, reserved 1124352K
  class space    used 9809K, capacity 11553K, committed 11648K, reserved 1048576K
Event: 2504.466 GC heap after
Heap after GC invocations=93 (full 40):
 PSYoungGen      total 77312K, used 5104K [0x00000000f5580000, 0x00000000fad00000, 0x0000000100000000)
  eden space 72192K, 0% used [0x00000000f5580000,0x00000000f5580000,0x00000000f9c00000)
  from space 5120K, 99% used [0x00000000f9c00000,0x00000000fa0fc220,0x00000000fa100000)
  to   space 6656K, 0% used [0x00000000fa680000,0x00000000fa680000,0x00000000fad00000)
 ParOldGen       total 79872K, used 36642K [0x00000000e0000000, 0x00000000e4e00000, 0x00000000f5580000)
  object space 79872K, 45% used [0x00000000e0000000,0x00000000e23c89b0,0x00000000e4e00000)
 Metaspace       used 79735K, capacity 85926K, committed 86144K, reserved 1124352K
  class space    used 9809K, capacity 11553K, committed 11648K, reserved 1048576K
}
Event: 2605.284 GC heap before
{Heap before GC invocations=94 (full 40):
 PSYoungGen      total 77312K, used 77296K [0x00000000f5580000, 0x00000000fad00000, 0x0000000100000000)
  eden space 72192K, 100% used [0x00000000f5580000,0x00000000f9c00000,0x00000000f9c00000)
  from space 5120K, 99% used [0x00000000f9c00000,0x00000000fa0fc220,0x00000000fa100000)
  to   space 6656K, 0% used [0x00000000fa680000,0x00000000fa680000,0x00000000fad00000)
 ParOldGen       total 79872K, used 36642K [0x00000000e0000000, 0x00000000e4e00000, 0x00000000f5580000)
  object space 79872K, 45% used [0x00000000e0000000,0x00000000e23c89b0,0x00000000e4e00000)
 Metaspace       used 80052K, capacity 86290K, committed 86400K, reserved 1124352K
  class space    used 9812K, capacity 11587K, committed 11648K, reserved 1048576K
Event: 2605.287 GC heap after
Heap after GC invocations=94 (full 40):
 PSYoungGen      total 75264K, used 4695K [0x00000000f5580000, 0x00000000fab80000, 0x0000000100000000)
  eden space 70144K, 0% used [0x00000000f5580000,0x00000000f5580000,0x00000000f9a00000)
  from space 5120K, 91% used [0x00000000fa680000,0x00000000fab15d08,0x00000000fab80000)
  to   space 7168K, 0% used [0x00000000f9d80000,0x00000000f9d80000,0x00000000fa480000)
 ParOldGen       total 79872K, used 36650K [0x00000000e0000000, 0x00000000e4e00000, 0x00000000f5580000)
  object space 79872K, 45% used [0x00000000e0000000,0x00000000e23ca9b0,0x00000000e4e00000)
 Metaspace       used 80052K, capacity 86290K, committed 86400K, reserved 1124352K
  class space    used 9812K, capacity 11587K, committed 11648K, reserved 1048576K
}
Event: 2710.079 GC heap before
{Heap before GC invocations=95 (full 40):
 PSYoungGen      total 75264K, used 74839K [0x00000000f5580000, 0x00000000fab80000, 0x0000000100000000)
  eden space 70144K, 100% used [0x00000000f5580000,0x00000000f9a00000,0x00000000f9a00000)
  from space 5120K, 91% used [0x00000000fa680000,0x00000000fab15d08,0x00000000fab80000)
  to   space 7168K, 0% used [0x00000000f9d80000,0x00000000f9d80000,0x00000000fa480000)
 ParOldGen       total 79872K, used 36650K [0x00000000e0000000, 0x00000000e4e00000, 0x00000000f5580000)
  object space 79872K, 45% used [0x00000000e0000000,0x00000000e23ca9b0,0x00000000e4e00000)
 Metaspace       used 80239K, capacity 86482K, committed 86656K, reserved 1124352K
  class space    used 9813K, capacity 11587K, committed 11648K, reserved 1048576K
Event: 2710.083 GC heap after
Heap after GC invocations=95 (full 40):
 PSYoungGen      total 73728K, used 5462K [0x00000000f5580000, 0x00000000fa800000, 0x0000000100000000)
  eden space 68096K, 0% used [0x00000000f5580000,0x00000000f5580000,0x00000000f9800000)
  from space 5632K, 96% used [0x00000000f9d80000,0x00000000fa2d5998,0x00000000fa300000)
  to   space 5120K, 0% used [0x00000000fa300000,0x00000000fa300000,0x00000000fa800000)
 ParOldGen       total 79872K, used 36658K [0x00000000e0000000, 0x00000000e4e00000, 0x00000000f5580000)
  object space 79872K, 45% used [0x00000000e0000000,0x00000000e23cc9b0,0x00000000e4e00000)
 Metaspace       used 80239K, capacity 86482K, committed 86656K, reserved 1124352K
  class space    used 9813K, capacity 11587K, committed 11648K, reserved 1048576K
}
Event: 12685.190 GC heap before
{Heap before GC invocations=96 (full 40):
 PSYoungGen      total 73728K, used 73558K [0x00000000f5580000, 0x00000000fa800000, 0x0000000100000000)
  eden space 68096K, 100% used [0x00000000f5580000,0x00000000f9800000,0x00000000f9800000)
  from space 5632K, 96% used [0x00000000f9d80000,0x00000000fa2d5998,0x00000000fa300000)
  to   space 5120K, 0% used [0x00000000fa300000,0x00000000fa300000,0x00000000fa800000)
 ParOldGen       total 79872K, used 36658K [0x00000000e0000000, 0x00000000e4e00000, 0x00000000f5580000)
  object space 79872K, 45% used [0x00000000e0000000,0x00000000e23cc9b0,0x00000000e4e00000)
 Metaspace       used 80328K, capacity 86610K, committed 86912K, reserved 1124352K
  class space    used 9817K, capacity 11587K, committed 11648K, reserved 1048576K
Event: 12685.194 GC heap after
Heap after GC invocations=96 (full 40):
 PSYoungGen      total 71168K, used 5103K [0x00000000f5580000, 0x00000000fa800000, 0x0000000100000000)
  eden space 66048K, 0% used [0x00000000f5580000,0x00000000f5580000,0x00000000f9600000)
  from space 5120K, 99% used [0x00000000fa300000,0x00000000fa7fbe00,0x00000000fa800000)
  to   space 8704K, 0% used [0x00000000f9700000,0x00000000f9700000,0x00000000f9f80000)
 ParOldGen       total 79872K, used 37286K [0x00000000e0000000, 0x00000000e4e00000, 0x00000000f5580000)
  object space 79872K, 46% used [0x00000000e0000000,0x00000000e2469a08,0x00000000e4e00000)
 Metaspace       used 80328K, capacity 86610K, committed 86912K, reserved 1124352K
  class space    used 9817K, capacity 11587K, committed 11648K, reserved 1048576K
}

