# JRE version: Java(TM) SE Runtime Environment (8.0_25-b18) (build 1.8.0_25-b18)
# Java VM: Java HotSpot(TM) 64-Bit Server VM (25.25-b02 mixed mode windows-amd64 compressed oops)
Heap:
 PSYoungGen      total 37888K, used 7876K [0x00000000f5580000, 0x00000000f8400000, 0x0000000100000000)
  eden space 28160K, 21% used [0x00000000f5580000,0x00000000f5b7ac20,0x00000000f7100000)
  from space 9728K, 18% used [0x00000000f7100000,0x00000000f72b6670,0x00000000f7a80000)
  to   space 9728K, 0% used [0x00000000f7a80000,0x00000000f7a80000,0x00000000f8400000)
 ParOldGen       total 107520K, used 70042K [0x00000000e0000000, 0x00000000e6900000, 0x00000000f5580000)
  object space 107520K, 65% used [0x00000000e0000000,0x00000000e4466a58,0x00000000e6900000)
 Metaspace       used 87653K, capacity 93702K, committed 94208K, reserved 1130496K
  class space    used 10318K, capacity 12215K, committed 12288K, reserved 1048576K
GC Heap History (10 events):
Event: 1161.685 GC heap before
{Heap before GC invocations=120 (full 7):
 PSYoungGen      total 37888K, used 33824K [0x00000000f5580000, 0x00000000f8380000, 0x0000000100000000)
  eden space 28672K, 100% used [0x00000000f5580000,0x00000000f7180000,0x00000000f7180000)
  from space 9216K, 55% used [0x00000000f7a80000,0x00000000f7f88288,0x00000000f8380000)
  to   space 9216K, 0% used [0x00000000f7180000,0x00000000f7180000,0x00000000f7a80000)
 ParOldGen       total 107520K, used 65110K [0x00000000e0000000, 0x00000000e6900000, 0x00000000f5580000)
  object space 107520K, 60% used [0x00000000e0000000,0x00000000e3f95b98,0x00000000e6900000)
 Metaspace       used 86704K, capacity 92890K, committed 93312K, reserved 1130496K
  class space    used 10213K, capacity 12117K, committed 12160K, reserved 1048576K
Event: 1161.688 GC heap after
Heap after GC invocations=120 (full 7):
 PSYoungGen      total 37888K, used 4498K [0x00000000f5580000, 0x00000000f8380000, 0x0000000100000000)
  eden space 28672K, 0% used [0x00000000f5580000,0x00000000f5580000,0x00000000f7180000)
  from space 9216K, 48% used [0x00000000f7180000,0x00000000f75e4aa8,0x00000000f7a80000)
  to   space 9216K, 0% used [0x00000000f7a80000,0x00000000f7a80000,0x00000000f8380000)
 ParOldGen       total 107520K, used 65768K [0x00000000e0000000, 0x00000000e6900000, 0x00000000f5580000)
  object space 107520K, 61% used [0x00000000e0000000,0x00000000e403a100,0x00000000e6900000)
 Metaspace       used 86704K, capacity 92890K, committed 93312K, reserved 1130496K
  class space    used 10213K, capacity 12117K, committed 12160K, reserved 1048576K
}
Event: 1162.594 GC heap before
{Heap before GC invocations=121 (full 7):
 PSYoungGen      total 37888K, used 33170K [0x00000000f5580000, 0x00000000f8380000, 0x0000000100000000)
  eden space 28672K, 100% used [0x00000000f5580000,0x00000000f7180000,0x00000000f7180000)
  from space 9216K, 48% used [0x00000000f7180000,0x00000000f75e4aa8,0x00000000f7a80000)
  to   space 9216K, 0% used [0x00000000f7a80000,0x00000000f7a80000,0x00000000f8380000)
 ParOldGen       total 107520K, used 65768K [0x00000000e0000000, 0x00000000e6900000, 0x00000000f5580000)
  object space 107520K, 61% used [0x00000000e0000000,0x00000000e403a100,0x00000000e6900000)
 Metaspace       used 86708K, capacity 92890K, committed 93312K, reserved 1130496K
  class space    used 10213K, capacity 12117K, committed 12160K, reserved 1048576K
Event: 1162.597 GC heap after
Heap after GC invocations=121 (full 7):
 PSYoungGen      total 36864K, used 4410K [0x00000000f5580000, 0x00000000f8280000, 0x0000000100000000)
  eden space 28672K, 0% used [0x00000000f5580000,0x00000000f5580000,0x00000000f7180000)
  from space 8192K, 53% used [0x00000000f7a80000,0x00000000f7ece900,0x00000000f8280000)
  to   space 8704K, 0% used [0x00000000f7180000,0x00000000f7180000,0x00000000f7a00000)
 ParOldGen       total 107520K, used 65984K [0x00000000e0000000, 0x00000000e6900000, 0x00000000f5580000)
  object space 107520K, 61% used [0x00000000e0000000,0x00000000e4070100,0x00000000e6900000)
 Metaspace       used 86708K, capacity 92890K, committed 93312K, reserved 1130496K
  class space    used 10213K, capacity 12117K, committed 12160K, reserved 1048576K
}
Event: 1164.100 GC heap before
{Heap before GC invocations=122 (full 7):
 PSYoungGen      total 36864K, used 33082K [0x00000000f5580000, 0x00000000f8280000, 0x0000000100000000)
  eden space 28672K, 100% used [0x00000000f5580000,0x00000000f7180000,0x00000000f7180000)
  from space 8192K, 53% used [0x00000000f7a80000,0x00000000f7ece900,0x00000000f8280000)
  to   space 8704K, 0% used [0x00000000f7180000,0x00000000f7180000,0x00000000f7a00000)
 ParOldGen       total 107520K, used 65984K [0x00000000e0000000, 0x00000000e6900000, 0x00000000f5580000)
  object space 107520K, 61% used [0x00000000e0000000,0x00000000e4070100,0x00000000e6900000)
 Metaspace       used 86708K, capacity 92890K, committed 93312K, reserved 1130496K
  class space    used 10213K, capacity 12117K, committed 12160K, reserved 1048576K
Event: 1164.102 GC heap after
Heap after GC invocations=122 (full 7):
 PSYoungGen      total 37376K, used 1944K [0x00000000f5580000, 0x00000000f8380000, 0x0000000100000000)
  eden space 28672K, 0% used [0x00000000f5580000,0x00000000f5580000,0x00000000f7180000)
  from space 8704K, 22% used [0x00000000f7180000,0x00000000f73661a8,0x00000000f7a00000)
  to   space 9216K, 0% used [0x00000000f7a80000,0x00000000f7a80000,0x00000000f8380000)
 ParOldGen       total 107520K, used 68458K [0x00000000e0000000, 0x00000000e6900000, 0x00000000f5580000)
  object space 107520K, 63% used [0x00000000e0000000,0x00000000e42da8b0,0x00000000e6900000)
 Metaspace       used 86708K, capacity 92890K, committed 93312K, reserved 1130496K
  class space    used 10213K, capacity 12117K, committed 12160K, reserved 1048576K
}
Event: 1177.686 GC heap before
{Heap before GC invocations=123 (full 7):
 PSYoungGen      total 37376K, used 30616K [0x00000000f5580000, 0x00000000f8380000, 0x0000000100000000)
  eden space 28672K, 100% used [0x00000000f5580000,0x00000000f7180000,0x00000000f7180000)
  from space 8704K, 22% used [0x00000000f7180000,0x00000000f73661a8,0x00000000f7a00000)
  to   space 9216K, 0% used [0x00000000f7a80000,0x00000000f7a80000,0x00000000f8380000)
 ParOldGen       total 107520K, used 68458K [0x00000000e0000000, 0x00000000e6900000, 0x00000000f5580000)
  object space 107520K, 63% used [0x00000000e0000000,0x00000000e42da8b0,0x00000000e6900000)
 Metaspace       used 86795K, capacity 92986K, committed 93312K, reserved 1130496K
  class space    used 10215K, capacity 12149K, committed 12160K, reserved 1048576K
Event: 1177.689 GC heap after
Heap after GC invocations=123 (full 7):
 PSYoungGen      total 37376K, used 832K [0x00000000f5580000, 0x00000000f8480000, 0x0000000100000000)
  eden space 28160K, 0% used [0x00000000f5580000,0x00000000f5580000,0x00000000f7100000)
  from space 9216K, 9% used [0x00000000f7a80000,0x00000000f7b50000,0x00000000f8380000)
  to   space 9728K, 0% used [0x00000000f7100000,0x00000000f7100000,0x00000000f7a80000)
 ParOldGen       total 107520K, used 69994K [0x00000000e0000000, 0x00000000e6900000, 0x00000000f5580000)
  object space 107520K, 65% used [0x00000000e0000000,0x00000000e445aa58,0x00000000e6900000)
 Metaspace       used 86795K, capacity 92986K, committed 93312K, reserved 1130496K
  class space    used 10215K, capacity 12149K, committed 12160K, reserved 1048576K
}
Event: 1178.146 GC heap before
{Heap before GC invocations=124 (full 7):
 PSYoungGen      total 37376K, used 28992K [0x00000000f5580000, 0x00000000f8480000, 0x0000000100000000)
  eden space 28160K, 100% used [0x00000000f5580000,0x00000000f7100000,0x00000000f7100000)
  from space 9216K, 9% used [0x00000000f7a80000,0x00000000f7b50000,0x00000000f8380000)
  to   space 9728K, 0% used [0x00000000f7100000,0x00000000f7100000,0x00000000f7a80000)
 ParOldGen       total 107520K, used 69994K [0x00000000e0000000, 0x00000000e6900000, 0x00000000f5580000)
  object space 107520K, 65% used [0x00000000e0000000,0x00000000e445aa58,0x00000000e6900000)
 Metaspace       used 87334K, capacity 93446K, committed 93952K, reserved 1130496K
  class space    used 10286K, capacity 12215K, committed 12288K, reserved 1048576K
Event: 1178.148 GC heap after
Heap after GC invocations=124 (full 7):
 PSYoungGen      total 37888K, used 1753K [0x00000000f5580000, 0x00000000f8400000, 0x0000000100000000)
  eden space 28160K, 0% used [0x00000000f5580000,0x00000000f5580000,0x00000000f7100000)
  from space 9728K, 18% used [0x00000000f7100000,0x00000000f72b6670,0x00000000f7a80000)
  to   space 9728K, 0% used [0x00000000f7a80000,0x00000000f7a80000,0x00000000f8400000)
 ParOldGen       total 107520K, used 70042K [0x00000000e0000000, 0x00000000e6900000, 0x00000000f5580000)
  object space 107520K, 65% used [0x00000000e0000000,0x00000000e4466a58,0x00000000e6900000)
 Metaspace       used 87334K, capacity 93446K, committed 93952K, reserved 1130496K
  class space    used 10286K, capacity 12215K, committed 12288K, reserved 1048576K
}

