# JRE version: Java(TM) SE Runtime Environment (8.0_25-b18) (build 1.8.0_25-b18)
# Java VM: Java HotSpot(TM) 64-Bit Server VM (25.25-b02 mixed mode windows-amd64 compressed oops)
Heap:
 PSYoungGen      total 93184K, used 28550K [0x00000000f5580000, 0x00000000fbf00000, 0x0000000100000000)
  eden space 79360K, 35% used [0x00000000f5580000,0x00000000f7161ab8,0x00000000fa300000)
  from space 13824K, 0% used [0x00000000fb180000,0x00000000fb180000,0x00000000fbf00000)
  to   space 14336K, 0% used [0x00000000fa300000,0x00000000fa300000,0x00000000fb100000)
 ParOldGen       total 77824K, used 36929K [0x00000000e0000000, 0x00000000e4c00000, 0x00000000f5580000)
  object space 77824K, 47% used [0x00000000e0000000,0x00000000e2410748,0x00000000e4c00000)
 Metaspace       used 71185K, capacity 76638K, committed 76928K, reserved 1116160K
  class space    used 8661K, capacity 10342K, committed 10368K, reserved 1048576K
GC Heap History (10 events):
Event: 1522.827 GC heap before
{Heap before GC invocations=46 (full 18):
 PSYoungGen      total 94720K, used 640K [0x00000000f5580000, 0x00000000fc200000, 0x0000000100000000)
  eden space 79360K, 0% used [0x00000000f5580000,0x00000000f5580000,0x00000000fa300000)
  from space 15360K, 4% used [0x00000000fb300000,0x00000000fb3a0000,0x00000000fc200000)
  to   space 15872K, 0% used [0x00000000fa300000,0x00000000fa300000,0x00000000fb280000)
 ParOldGen       total 77824K, used 37177K [0x00000000e0000000, 0x00000000e4c00000, 0x00000000f5580000)
  object space 77824K, 47% used [0x00000000e0000000,0x00000000e244e4b8,0x00000000e4c00000)
 Metaspace       used 69856K, capacity 75446K, committed 75776K, reserved 1114112K
  class space    used 8507K, capacity 10179K, committed 10240K, reserved 1048576K
Event: 1522.924 GC heap after
Heap after GC invocations=46 (full 18):
 PSYoungGen      total 94720K, used 0K [0x00000000f5580000, 0x00000000fc200000, 0x0000000100000000)
  eden space 79360K, 0% used [0x00000000f5580000,0x00000000f5580000,0x00000000fa300000)
  from space 15360K, 0% used [0x00000000fb300000,0x00000000fb300000,0x00000000fc200000)
  to   space 15872K, 0% used [0x00000000fa300000,0x00000000fa300000,0x00000000fb280000)
 ParOldGen       total 77824K, used 37156K [0x00000000e0000000, 0x00000000e4c00000, 0x00000000f5580000)
  object space 77824K, 47% used [0x00000000e0000000,0x00000000e2449078,0x00000000e4c00000)
 Metaspace       used 69856K, capacity 75446K, committed 75776K, reserved 1114112K
  class space    used 8507K, capacity 10179K, committed 10240K, reserved 1048576K
}
Event: 1582.839 GC heap before
{Heap before GC invocations=47 (full 18):
 PSYoungGen      total 94720K, used 4191K [0x00000000f5580000, 0x00000000fc200000, 0x0000000100000000)
  eden space 79360K, 5% used [0x00000000f5580000,0x00000000f5997df0,0x00000000fa300000)
  from space 15360K, 0% used [0x00000000fb300000,0x00000000fb300000,0x00000000fc200000)
  to   space 15872K, 0% used [0x00000000fa300000,0x00000000fa300000,0x00000000fb280000)
 ParOldGen       total 77824K, used 37156K [0x00000000e0000000, 0x00000000e4c00000, 0x00000000f5580000)
  object space 77824K, 47% used [0x00000000e0000000,0x00000000e2449078,0x00000000e4c00000)
 Metaspace       used 69881K, capacity 75446K, committed 75776K, reserved 1114112K
  class space    used 8507K, capacity 10179K, committed 10240K, reserved 1048576K
Event: 1582.842 GC heap after
Heap after GC invocations=47 (full 18):
 PSYoungGen      total 79872K, used 224K [0x00000000f5580000, 0x00000000fc000000, 0x0000000100000000)
  eden space 79360K, 0% used [0x00000000f5580000,0x00000000f5580000,0x00000000fa300000)
  from space 512K, 43% used [0x00000000fa300000,0x00000000fa338000,0x00000000fa380000)
  to   space 14848K, 0% used [0x00000000fb180000,0x00000000fb180000,0x00000000fc000000)
 ParOldGen       total 77824K, used 37164K [0x00000000e0000000, 0x00000000e4c00000, 0x00000000f5580000)
  object space 77824K, 47% used [0x00000000e0000000,0x00000000e244b078,0x00000000e4c00000)
 Metaspace       used 69881K, capacity 75446K, committed 75776K, reserved 1114112K
  class space    used 8507K, capacity 10179K, committed 10240K, reserved 1048576K
}
Event: 1582.842 GC heap before
{Heap before GC invocations=48 (full 19):
 PSYoungGen      total 79872K, used 224K [0x00000000f5580000, 0x00000000fc000000, 0x0000000100000000)
  eden space 79360K, 0% used [0x00000000f5580000,0x00000000f5580000,0x00000000fa300000)
  from space 512K, 43% used [0x00000000fa300000,0x00000000fa338000,0x00000000fa380000)
  to   space 14848K, 0% used [0x00000000fb180000,0x00000000fb180000,0x00000000fc000000)
 ParOldGen       total 77824K, used 37164K [0x00000000e0000000, 0x00000000e4c00000, 0x00000000f5580000)
  object space 77824K, 47% used [0x00000000e0000000,0x00000000e244b078,0x00000000e4c00000)
 Metaspace       used 69881K, capacity 75446K, committed 75776K, reserved 1114112K
  class space    used 8507K, capacity 10179K, committed 10240K, reserved 1048576K
Event: 1582.924 GC heap after
Heap after GC invocations=48 (full 19):
 PSYoungGen      total 79872K, used 0K [0x00000000f5580000, 0x00000000fc000000, 0x0000000100000000)
  eden space 79360K, 0% used [0x00000000f5580000,0x00000000f5580000,0x00000000fa300000)
  from space 512K, 0% used [0x00000000fa300000,0x00000000fa300000,0x00000000fa380000)
  to   space 14848K, 0% used [0x00000000fb180000,0x00000000fb180000,0x00000000fc000000)
 ParOldGen       total 77824K, used 36929K [0x00000000e0000000, 0x00000000e4c00000, 0x00000000f5580000)
  object space 77824K, 47% used [0x00000000e0000000,0x00000000e24105e8,0x00000000e4c00000)
 Metaspace       used 69881K, capacity 75446K, committed 75776K, reserved 1114112K
  class space    used 8507K, capacity 10179K, committed 10240K, reserved 1048576K
}
Event: 1642.849 GC heap before
{Heap before GC invocations=49 (full 19):
 PSYoungGen      total 79872K, used 4065K [0x00000000f5580000, 0x00000000fc000000, 0x0000000100000000)
  eden space 79360K, 5% used [0x00000000f5580000,0x00000000f5978778,0x00000000fa300000)
  from space 512K, 0% used [0x00000000fa300000,0x00000000fa300000,0x00000000fa380000)
  to   space 14848K, 0% used [0x00000000fb180000,0x00000000fb180000,0x00000000fc000000)
 ParOldGen       total 77824K, used 36929K [0x00000000e0000000, 0x00000000e4c00000, 0x00000000f5580000)
  object space 77824K, 47% used [0x00000000e0000000,0x00000000e24105e8,0x00000000e4c00000)
 Metaspace       used 69883K, capacity 75446K, committed 75776K, reserved 1114112K
  class space    used 8507K, capacity 10179K, committed 10240K, reserved 1048576K
Event: 1642.851 GC heap after
Heap after GC invocations=49 (full 19):
 PSYoungGen      total 93184K, used 224K [0x00000000f5580000, 0x00000000fbf00000, 0x0000000100000000)
  eden space 79360K, 0% used [0x00000000f5580000,0x00000000f5580000,0x00000000fa300000)
  from space 13824K, 1% used [0x00000000fb180000,0x00000000fb1b8000,0x00000000fbf00000)
  to   space 14336K, 0% used [0x00000000fa300000,0x00000000fa300000,0x00000000fb100000)
 ParOldGen       total 77824K, used 36929K [0x00000000e0000000, 0x00000000e4c00000, 0x00000000f5580000)
  object space 77824K, 47% used [0x00000000e0000000,0x00000000e24105e8,0x00000000e4c00000)
 Metaspace       used 69883K, capacity 75446K, committed 75776K, reserved 1114112K
  class space    used 8507K, capacity 10179K, committed 10240K, reserved 1048576K
}
Event: 1642.851 GC heap before
{Heap before GC invocations=50 (full 20):
 PSYoungGen      total 93184K, used 224K [0x00000000f5580000, 0x00000000fbf00000, 0x0000000100000000)
  eden space 79360K, 0% used [0x00000000f5580000,0x00000000f5580000,0x00000000fa300000)
  from space 13824K, 1% used [0x00000000fb180000,0x00000000fb1b8000,0x00000000fbf00000)
  to   space 14336K, 0% used [0x00000000fa300000,0x00000000fa300000,0x00000000fb100000)
 ParOldGen       total 77824K, used 36929K [0x00000000e0000000, 0x00000000e4c00000, 0x00000000f5580000)
  object space 77824K, 47% used [0x00000000e0000000,0x00000000e24105e8,0x00000000e4c00000)
 Metaspace       used 69883K, capacity 75446K, committed 75776K, reserved 1114112K
  class space    used 8507K, capacity 10179K, committed 10240K, reserved 1048576K
Event: 1642.912 GC heap after
Heap after GC invocations=50 (full 20):
 PSYoungGen      total 93184K, used 0K [0x00000000f5580000, 0x00000000fbf00000, 0x0000000100000000)
  eden space 79360K, 0% used [0x00000000f5580000,0x00000000f5580000,0x00000000fa300000)
  from space 13824K, 0% used [0x00000000fb180000,0x00000000fb180000,0x00000000fbf00000)
  to   space 14336K, 0% used [0x00000000fa300000,0x00000000fa300000,0x00000000fb100000)
 ParOldGen       total 77824K, used 36929K [0x00000000e0000000, 0x00000000e4c00000, 0x00000000f5580000)
  object space 77824K, 47% used [0x00000000e0000000,0x00000000e2410748,0x00000000e4c00000)
 Metaspace       used 69883K, capacity 75446K, committed 75776K, reserved 1114112K
  class space    used 8507K, capacity 10179K, committed 10240K, reserved 1048576K
}

