# JRE version: Java(TM) SE Runtime Environment (8.0_25-b18) (build 1.8.0_25-b18)
# Java VM: Java HotSpot(TM) 64-Bit Server VM (25.25-b02 mixed mode windows-amd64 compressed oops)
Heap:
 PSYoungGen      total 32256K, used 3972K [0x00000000f5580000, 0x00000000f7c00000, 0x0000000100000000)
  eden space 25088K, 1% used [0x00000000f5580000,0x00000000f55eb180,0x00000000f6e00000)
  from space 7168K, 49% used [0x00000000f7500000,0x00000000f7876268,0x00000000f7c00000)
  to   space 7168K, 0% used [0x00000000f6e00000,0x00000000f6e00000,0x00000000f7500000)
 ParOldGen       total 103936K, used 53614K [0x00000000e0000000, 0x00000000e6580000, 0x00000000f5580000)
  object space 103936K, 51% used [0x00000000e0000000,0x00000000e345b920,0x00000000e6580000)
 Metaspace       used 92771K, capacity 98656K, committed 99072K, reserved 1136640K
  class space    used 10895K, capacity 12673K, committed 12800K, reserved 1048576K
GC Heap History (10 events):
Event: 20854.616 GC heap before
{Heap before GC invocations=243 (full 9):
 PSYoungGen      total 31744K, used 30785K [0x00000000f5580000, 0x00000000f7b80000, 0x0000000100000000)
  eden space 25600K, 100% used [0x00000000f5580000,0x00000000f6e80000,0x00000000f6e80000)
  from space 6144K, 84% used [0x00000000f6e80000,0x00000000f73907a0,0x00000000f7480000)
  to   space 6656K, 0% used [0x00000000f7500000,0x00000000f7500000,0x00000000f7b80000)
 ParOldGen       total 103936K, used 53346K [0x00000000e0000000, 0x00000000e6580000, 0x00000000f5580000)
  object space 103936K, 51% used [0x00000000e0000000,0x00000000e3418980,0x00000000e6580000)
 Metaspace       used 91845K, capacity 97672K, committed 98176K, reserved 1134592K
  class space    used 10798K, capacity 12630K, committed 12672K, reserved 1048576K
Event: 20854.623 GC heap after
Heap after GC invocations=243 (full 9):
 PSYoungGen      total 32256K, used 4859K [0x00000000f5580000, 0x00000000f7b80000, 0x0000000100000000)
  eden space 25600K, 0% used [0x00000000f5580000,0x00000000f5580000,0x00000000f6e80000)
  from space 6656K, 73% used [0x00000000f7500000,0x00000000f79bee38,0x00000000f7b80000)
  to   space 6656K, 0% used [0x00000000f6e80000,0x00000000f6e80000,0x00000000f7500000)
 ParOldGen       total 103936K, used 53390K [0x00000000e0000000, 0x00000000e6580000, 0x00000000f5580000)
  object space 103936K, 51% used [0x00000000e0000000,0x00000000e34238e0,0x00000000e6580000)
 Metaspace       used 91845K, capacity 97672K, committed 98176K, reserved 1134592K
  class space    used 10798K, capacity 12630K, committed 12672K, reserved 1048576K
}
Event: 20860.847 GC heap before
{Heap before GC invocations=244 (full 9):
 PSYoungGen      total 32256K, used 30459K [0x00000000f5580000, 0x00000000f7b80000, 0x0000000100000000)
  eden space 25600K, 100% used [0x00000000f5580000,0x00000000f6e80000,0x00000000f6e80000)
  from space 6656K, 73% used [0x00000000f7500000,0x00000000f79bee38,0x00000000f7b80000)
  to   space 6656K, 0% used [0x00000000f6e80000,0x00000000f6e80000,0x00000000f7500000)
 ParOldGen       total 103936K, used 53390K [0x00000000e0000000, 0x00000000e6580000, 0x00000000f5580000)
  object space 103936K, 51% used [0x00000000e0000000,0x00000000e34238e0,0x00000000e6580000)
 Metaspace       used 91873K, capacity 97692K, committed 98176K, reserved 1134592K
  class space    used 10803K, capacity 12634K, committed 12672K, reserved 1048576K
Event: 20860.853 GC heap after
Heap after GC invocations=244 (full 9):
 PSYoungGen      total 32256K, used 5285K [0x00000000f5580000, 0x00000000f7b80000, 0x0000000100000000)
  eden space 25600K, 0% used [0x00000000f5580000,0x00000000f5580000,0x00000000f6e80000)
  from space 6656K, 79% used [0x00000000f6e80000,0x00000000f73a94c8,0x00000000f7500000)
  to   space 6656K, 0% used [0x00000000f7500000,0x00000000f7500000,0x00000000f7b80000)
 ParOldGen       total 103936K, used 53470K [0x00000000e0000000, 0x00000000e6580000, 0x00000000f5580000)
  object space 103936K, 51% used [0x00000000e0000000,0x00000000e34378e0,0x00000000e6580000)
 Metaspace       used 91873K, capacity 97692K, committed 98176K, reserved 1134592K
  class space    used 10803K, capacity 12634K, committed 12672K, reserved 1048576K
}
Event: 20889.121 GC heap before
{Heap before GC invocations=245 (full 9):
 PSYoungGen      total 32256K, used 30885K [0x00000000f5580000, 0x00000000f7b80000, 0x0000000100000000)
  eden space 25600K, 100% used [0x00000000f5580000,0x00000000f6e80000,0x00000000f6e80000)
  from space 6656K, 79% used [0x00000000f6e80000,0x00000000f73a94c8,0x00000000f7500000)
  to   space 6656K, 0% used [0x00000000f7500000,0x00000000f7500000,0x00000000f7b80000)
 ParOldGen       total 103936K, used 53470K [0x00000000e0000000, 0x00000000e6580000, 0x00000000f5580000)
  object space 103936K, 51% used [0x00000000e0000000,0x00000000e34378e0,0x00000000e6580000)
 Metaspace       used 91924K, capacity 97704K, committed 98176K, reserved 1134592K
  class space    used 10804K, capacity 12636K, committed 12672K, reserved 1048576K
Event: 20889.128 GC heap after
Heap after GC invocations=245 (full 9):
 PSYoungGen      total 31744K, used 5319K [0x00000000f5580000, 0x00000000f7c80000, 0x0000000100000000)
  eden space 25088K, 0% used [0x00000000f5580000,0x00000000f5580000,0x00000000f6e00000)
  from space 6656K, 79% used [0x00000000f7500000,0x00000000f7a31fe0,0x00000000f7b80000)
  to   space 7168K, 0% used [0x00000000f6e00000,0x00000000f6e00000,0x00000000f7500000)
 ParOldGen       total 103936K, used 53510K [0x00000000e0000000, 0x00000000e6580000, 0x00000000f5580000)
  object space 103936K, 51% used [0x00000000e0000000,0x00000000e34418e0,0x00000000e6580000)
 Metaspace       used 91924K, capacity 97704K, committed 98176K, reserved 1134592K
  class space    used 10804K, capacity 12636K, committed 12672K, reserved 1048576K
}
Event: 20930.903 GC heap before
{Heap before GC invocations=246 (full 9):
 PSYoungGen      total 31744K, used 30407K [0x00000000f5580000, 0x00000000f7c80000, 0x0000000100000000)
  eden space 25088K, 100% used [0x00000000f5580000,0x00000000f6e00000,0x00000000f6e00000)
  from space 6656K, 79% used [0x00000000f7500000,0x00000000f7a31fe0,0x00000000f7b80000)
  to   space 7168K, 0% used [0x00000000f6e00000,0x00000000f6e00000,0x00000000f7500000)
 ParOldGen       total 103936K, used 53510K [0x00000000e0000000, 0x00000000e6580000, 0x00000000f5580000)
  object space 103936K, 51% used [0x00000000e0000000,0x00000000e34418e0,0x00000000e6580000)
 Metaspace       used 92168K, capacity 97998K, committed 98560K, reserved 1134592K
  class space    used 10836K, capacity 12669K, committed 12800K, reserved 1048576K
Event: 20930.910 GC heap after
Heap after GC invocations=246 (full 9):
 PSYoungGen      total 32256K, used 5091K [0x00000000f5580000, 0x00000000f7c00000, 0x0000000100000000)
  eden space 25088K, 0% used [0x00000000f5580000,0x00000000f5580000,0x00000000f6e00000)
  from space 7168K, 71% used [0x00000000f6e00000,0x00000000f72f8f58,0x00000000f7500000)
  to   space 7168K, 0% used [0x00000000f7500000,0x00000000f7500000,0x00000000f7c00000)
 ParOldGen       total 103936K, used 53590K [0x00000000e0000000, 0x00000000e6580000, 0x00000000f5580000)
  object space 103936K, 51% used [0x00000000e0000000,0x00000000e3455920,0x00000000e6580000)
 Metaspace       used 92168K, capacity 97998K, committed 98560K, reserved 1134592K
  class space    used 10836K, capacity 12669K, committed 12800K, reserved 1048576K
}
Event: 20933.085 GC heap before
{Heap before GC invocations=247 (full 9):
 PSYoungGen      total 32256K, used 30179K [0x00000000f5580000, 0x00000000f7c00000, 0x0000000100000000)
  eden space 25088K, 100% used [0x00000000f5580000,0x00000000f6e00000,0x00000000f6e00000)
  from space 7168K, 71% used [0x00000000f6e00000,0x00000000f72f8f58,0x00000000f7500000)
  to   space 7168K, 0% used [0x00000000f7500000,0x00000000f7500000,0x00000000f7c00000)
 ParOldGen       total 103936K, used 53590K [0x00000000e0000000, 0x00000000e6580000, 0x00000000f5580000)
  object space 103936K, 51% used [0x00000000e0000000,0x00000000e3455920,0x00000000e6580000)
 Metaspace       used 92763K, capacity 98656K, committed 99072K, reserved 1136640K
  class space    used 10894K, capacity 12673K, committed 12800K, reserved 1048576K
Event: 20933.095 GC heap after
Heap after GC invocations=247 (full 9):
 PSYoungGen      total 32256K, used 3544K [0x00000000f5580000, 0x00000000f7c00000, 0x0000000100000000)
  eden space 25088K, 0% used [0x00000000f5580000,0x00000000f5580000,0x00000000f6e00000)
  from space 7168K, 49% used [0x00000000f7500000,0x00000000f7876268,0x00000000f7c00000)
  to   space 7168K, 0% used [0x00000000f6e00000,0x00000000f6e00000,0x00000000f7500000)
 ParOldGen       total 103936K, used 53614K [0x00000000e0000000, 0x00000000e6580000, 0x00000000f5580000)
  object space 103936K, 51% used [0x00000000e0000000,0x00000000e345b920,0x00000000e6580000)
 Metaspace       used 92763K, capacity 98656K, committed 99072K, reserved 1136640K
  class space    used 10894K, capacity 12673K, committed 12800K, reserved 1048576K
}

