# JRE version: Java(TM) SE Runtime Environment (8.0_25-b18) (build 1.8.0_25-b18)
# Java VM: Java HotSpot(TM) 64-Bit Server VM (25.25-b02 mixed mode windows-amd64 compressed oops)
Heap:
 PSYoungGen      total 105984K, used 24224K [0x00000000f5580000, 0x00000000fd780000, 0x0000000100000000)
  eden space 82944K, 5% used [0x00000000f5580000,0x00000000f5a09378,0x00000000fa680000)
  from space 23040K, 84% used [0x00000000fc000000,0x00000000fd31ed70,0x00000000fd680000)
  to   space 25088K, 0% used [0x00000000fa680000,0x00000000fa680000,0x00000000fbf00000)
 ParOldGen       total 89600K, used 36580K [0x00000000e0000000, 0x00000000e5780000, 0x00000000f5580000)
  object space 89600K, 40% used [0x00000000e0000000,0x00000000e23b9150,0x00000000e5780000)
 Metaspace       used 72877K, capacity 78216K, committed 78336K, reserved 1116160K
  class space    used 9060K, capacity 10727K, committed 10752K, reserved 1048576K
GC Heap History (10 events):
Event: 11.835 GC heap before
{Heap before GC invocations=15 (full 3):
 PSYoungGen      total 63488K, used 11117K [0x00000000f5580000, 0x00000000faf80000, 0x0000000100000000)
  eden space 45568K, 0% used [0x00000000f5580000,0x00000000f5580000,0x00000000f8200000)
  from space 17920K, 62% used [0x00000000f9300000,0x00000000f9ddb558,0x00000000fa480000)
  to   space 17408K, 0% used [0x00000000f8200000,0x00000000f8200000,0x00000000f9300000)
 ParOldGen       total 74240K, used 23408K [0x00000000e0000000, 0x00000000e4880000, 0x00000000f5580000)
  object space 74240K, 31% used [0x00000000e0000000,0x00000000e16dc318,0x00000000e4880000)
 Metaspace       used 54727K, capacity 59076K, committed 59096K, reserved 1099776K
  class space    used 6714K, capacity 8044K, committed 8064K, reserved 1048576K
Event: 12.024 GC heap after
Heap after GC invocations=15 (full 3):
 PSYoungGen      total 63488K, used 0K [0x00000000f5580000, 0x00000000faf80000, 0x0000000100000000)
  eden space 45568K, 0% used [0x00000000f5580000,0x00000000f5580000,0x00000000f8200000)
  from space 17920K, 0% used [0x00000000f9300000,0x00000000f9300000,0x00000000fa480000)
  to   space 17408K, 0% used [0x00000000f8200000,0x00000000f8200000,0x00000000f9300000)
 ParOldGen       total 89600K, used 30178K [0x00000000e0000000, 0x00000000e5780000, 0x00000000f5580000)
  object space 89600K, 33% used [0x00000000e0000000,0x00000000e1d789b8,0x00000000e5780000)
 Metaspace       used 54727K, capacity 59076K, committed 59096K, reserved 1099776K
  class space    used 6714K, capacity 8044K, committed 8064K, reserved 1048576K
}
Event: 12.914 GC heap before
{Heap before GC invocations=16 (full 3):
 PSYoungGen      total 63488K, used 45568K [0x00000000f5580000, 0x00000000faf80000, 0x0000000100000000)
  eden space 45568K, 100% used [0x00000000f5580000,0x00000000f8200000,0x00000000f8200000)
  from space 17920K, 0% used [0x00000000f9300000,0x00000000f9300000,0x00000000fa480000)
  to   space 17408K, 0% used [0x00000000f8200000,0x00000000f8200000,0x00000000f9300000)
 ParOldGen       total 89600K, used 30178K [0x00000000e0000000, 0x00000000e5780000, 0x00000000f5580000)
  object space 89600K, 33% used [0x00000000e0000000,0x00000000e1d789b8,0x00000000e5780000)
 Metaspace       used 58916K, capacity 63320K, committed 63488K, reserved 1103872K
  class space    used 7318K, capacity 8670K, committed 8704K, reserved 1048576K
Event: 12.919 GC heap after
Heap after GC invocations=16 (full 3):
 PSYoungGen      total 62976K, used 10094K [0x00000000f5580000, 0x00000000fb600000, 0x0000000100000000)
  eden space 45568K, 0% used [0x00000000f5580000,0x00000000f5580000,0x00000000f8200000)
  from space 17408K, 57% used [0x00000000f8200000,0x00000000f8bdba98,0x00000000f9300000)
  to   space 16896K, 0% used [0x00000000fa580000,0x00000000fa580000,0x00000000fb600000)
 ParOldGen       total 89600K, used 30186K [0x00000000e0000000, 0x00000000e5780000, 0x00000000f5580000)
  object space 89600K, 33% used [0x00000000e0000000,0x00000000e1d7a9b8,0x00000000e5780000)
 Metaspace       used 58916K, capacity 63320K, committed 63488K, reserved 1103872K
  class space    used 7318K, capacity 8670K, committed 8704K, reserved 1048576K
}
Event: 14.209 GC heap before
{Heap before GC invocations=17 (full 3):
 PSYoungGen      total 62976K, used 55662K [0x00000000f5580000, 0x00000000fb600000, 0x0000000100000000)
  eden space 45568K, 100% used [0x00000000f5580000,0x00000000f8200000,0x00000000f8200000)
  from space 17408K, 57% used [0x00000000f8200000,0x00000000f8bdba98,0x00000000f9300000)
  to   space 16896K, 0% used [0x00000000fa580000,0x00000000fa580000,0x00000000fb600000)
 ParOldGen       total 89600K, used 30186K [0x00000000e0000000, 0x00000000e5780000, 0x00000000f5580000)
  object space 89600K, 33% used [0x00000000e0000000,0x00000000e1d7a9b8,0x00000000e5780000)
 Metaspace       used 60954K, capacity 65634K, committed 65920K, reserved 1105920K
  class space    used 7563K, capacity 8976K, committed 9088K, reserved 1048576K
Event: 14.219 GC heap after
Heap after GC invocations=17 (full 3):
 PSYoungGen      total 80384K, used 15012K [0x00000000f5580000, 0x00000000fb780000, 0x0000000100000000)
  eden space 63488K, 0% used [0x00000000f5580000,0x00000000f5580000,0x00000000f9380000)
  from space 16896K, 88% used [0x00000000fa580000,0x00000000fb4293b8,0x00000000fb600000)
  to   space 18432K, 0% used [0x00000000f9380000,0x00000000f9380000,0x00000000fa580000)
 ParOldGen       total 89600K, used 30194K [0x00000000e0000000, 0x00000000e5780000, 0x00000000f5580000)
  object space 89600K, 33% used [0x00000000e0000000,0x00000000e1d7c9b8,0x00000000e5780000)
 Metaspace       used 60954K, capacity 65634K, committed 65920K, reserved 1105920K
  class space    used 7563K, capacity 8976K, committed 9088K, reserved 1048576K
}
Event: 40.246 GC heap before
{Heap before GC invocations=18 (full 3):
 PSYoungGen      total 80384K, used 78500K [0x00000000f5580000, 0x00000000fb780000, 0x0000000100000000)
  eden space 63488K, 100% used [0x00000000f5580000,0x00000000f9380000,0x00000000f9380000)
  from space 16896K, 88% used [0x00000000fa580000,0x00000000fb4293b8,0x00000000fb600000)
  to   space 18432K, 0% used [0x00000000f9380000,0x00000000f9380000,0x00000000fa580000)
 ParOldGen       total 89600K, used 30194K [0x00000000e0000000, 0x00000000e5780000, 0x00000000f5580000)
  object space 89600K, 33% used [0x00000000e0000000,0x00000000e1d7c9b8,0x00000000e5780000)
 Metaspace       used 70624K, capacity 76066K, committed 76416K, reserved 1116160K
  class space    used 8862K, capacity 10501K, committed 10624K, reserved 1048576K
Event: 40.261 GC heap after
Heap after GC invocations=18 (full 3):
 PSYoungGen      total 81920K, used 18419K [0x00000000f5580000, 0x00000000fd680000, 0x0000000100000000)
  eden space 63488K, 0% used [0x00000000f5580000,0x00000000f5580000,0x00000000f9380000)
  from space 18432K, 99% used [0x00000000f9380000,0x00000000fa57cf70,0x00000000fa580000)
  to   space 23040K, 0% used [0x00000000fc000000,0x00000000fc000000,0x00000000fd680000)
 ParOldGen       total 89600K, used 36572K [0x00000000e0000000, 0x00000000e5780000, 0x00000000f5580000)
  object space 89600K, 40% used [0x00000000e0000000,0x00000000e23b7150,0x00000000e5780000)
 Metaspace       used 70624K, capacity 76066K, committed 76416K, reserved 1116160K
  class space    used 8862K, capacity 10501K, committed 10624K, reserved 1048576K
}
Event: 64.012 GC heap before
{Heap before GC invocations=19 (full 3):
 PSYoungGen      total 81920K, used 81907K [0x00000000f5580000, 0x00000000fd680000, 0x0000000100000000)
  eden space 63488K, 100% used [0x00000000f5580000,0x00000000f9380000,0x00000000f9380000)
  from space 18432K, 99% used [0x00000000f9380000,0x00000000fa57cf70,0x00000000fa580000)
  to   space 23040K, 0% used [0x00000000fc000000,0x00000000fc000000,0x00000000fd680000)
 ParOldGen       total 89600K, used 36572K [0x00000000e0000000, 0x00000000e5780000, 0x00000000f5580000)
  object space 89600K, 40% used [0x00000000e0000000,0x00000000e23b7150,0x00000000e5780000)
 Metaspace       used 72658K, capacity 78056K, committed 78336K, reserved 1116160K
  class space    used 9040K, capacity 10695K, committed 10752K, reserved 1048576K
Event: 64.023 GC heap after
Heap after GC invocations=19 (full 3):
 PSYoungGen      total 105984K, used 19579K [0x00000000f5580000, 0x00000000fd780000, 0x0000000100000000)
  eden space 82944K, 0% used [0x00000000f5580000,0x00000000f5580000,0x00000000fa680000)
  from space 23040K, 84% used [0x00000000fc000000,0x00000000fd31ed70,0x00000000fd680000)
  to   space 25088K, 0% used [0x00000000fa680000,0x00000000fa680000,0x00000000fbf00000)
 ParOldGen       total 89600K, used 36580K [0x00000000e0000000, 0x00000000e5780000, 0x00000000f5580000)
  object space 89600K, 40% used [0x00000000e0000000,0x00000000e23b9150,0x00000000e5780000)
 Metaspace       used 72658K, capacity 78056K, committed 78336K, reserved 1116160K
  class space    used 9040K, capacity 10695K, committed 10752K, reserved 1048576K
}

