# JRE version: Java(TM) SE Runtime Environment (8.0_25-b18) (build 1.8.0_25-b18)
# Java VM: Java HotSpot(TM) 64-Bit Server VM (25.25-b02 mixed mode windows-amd64 compressed oops)
Heap:
 PSYoungGen      total 78848K, used 58558K [0x00000000f5580000, 0x00000000fa780000, 0x0000000100000000)
  eden space 74752K, 78% used [0x00000000f5580000,0x00000000f8eafaf0,0x00000000f9e80000)
  from space 4096K, 0% used [0x00000000fa380000,0x00000000fa380000,0x00000000fa780000)
  to   space 4608K, 0% used [0x00000000f9e80000,0x00000000f9e80000,0x00000000fa300000)
 ParOldGen       total 101376K, used 54357K [0x00000000e0000000, 0x00000000e6300000, 0x00000000f5580000)
  object space 101376K, 53% used [0x00000000e0000000,0x00000000e35156d0,0x00000000e6300000)
 Metaspace       used 92697K, capacity 98794K, committed 98944K, reserved 1134592K
  class space    used 11047K, capacity 12864K, committed 12928K, reserved 1048576K
GC Heap History (10 events):
Event: 40602.946 GC heap before
{Heap before GC invocations=750 (full 344):
 PSYoungGen      total 79360K, used 224K [0x00000000f5580000, 0x00000000fa880000, 0x0000000100000000)
  eden space 74752K, 0% used [0x00000000f5580000,0x00000000f5580000,0x00000000f9e80000)
  from space 4608K, 4% used [0x00000000fa400000,0x00000000fa438000,0x00000000fa880000)
  to   space 5120K, 0% used [0x00000000f9e80000,0x00000000f9e80000,0x00000000fa380000)
 ParOldGen       total 101376K, used 54606K [0x00000000e0000000, 0x00000000e6300000, 0x00000000f5580000)
  object space 101376K, 53% used [0x00000000e0000000,0x00000000e35539d8,0x00000000e6300000)
 Metaspace       used 91825K, capacity 97938K, committed 98048K, reserved 1134592K
  class space    used 10943K, capacity 12795K, committed 12800K, reserved 1048576K
Event: 40603.109 GC heap after
Heap after GC invocations=750 (full 344):
 PSYoungGen      total 79360K, used 0K [0x00000000f5580000, 0x00000000fa880000, 0x0000000100000000)
  eden space 74752K, 0% used [0x00000000f5580000,0x00000000f5580000,0x00000000f9e80000)
  from space 4608K, 0% used [0x00000000fa400000,0x00000000fa400000,0x00000000fa880000)
  to   space 5120K, 0% used [0x00000000f9e80000,0x00000000f9e80000,0x00000000fa380000)
 ParOldGen       total 101376K, used 54405K [0x00000000e0000000, 0x00000000e6300000, 0x00000000f5580000)
  object space 101376K, 53% used [0x00000000e0000000,0x00000000e35216e8,0x00000000e6300000)
 Metaspace       used 91825K, capacity 97938K, committed 98048K, reserved 1134592K
  class space    used 10943K, capacity 12795K, committed 12800K, reserved 1048576K
}
Event: 40662.943 GC heap before
{Heap before GC invocations=751 (full 344):
 PSYoungGen      total 79360K, used 3261K [0x00000000f5580000, 0x00000000fa880000, 0x0000000100000000)
  eden space 74752K, 4% used [0x00000000f5580000,0x00000000f58af748,0x00000000f9e80000)
  from space 4608K, 0% used [0x00000000fa400000,0x00000000fa400000,0x00000000fa880000)
  to   space 5120K, 0% used [0x00000000f9e80000,0x00000000f9e80000,0x00000000fa380000)
 ParOldGen       total 101376K, used 54405K [0x00000000e0000000, 0x00000000e6300000, 0x00000000f5580000)
  object space 101376K, 53% used [0x00000000e0000000,0x00000000e35216e8,0x00000000e6300000)
 Metaspace       used 91825K, capacity 97938K, committed 98048K, reserved 1134592K
  class space    used 10943K, capacity 12795K, committed 12800K, reserved 1048576K
Event: 40662.946 GC heap after
Heap after GC invocations=751 (full 344):
 PSYoungGen      total 79872K, used 224K [0x00000000f5580000, 0x00000000fa880000, 0x0000000100000000)
  eden space 74752K, 0% used [0x00000000f5580000,0x00000000f5580000,0x00000000f9e80000)
  from space 5120K, 4% used [0x00000000f9e80000,0x00000000f9eb8000,0x00000000fa380000)
  to   space 5120K, 0% used [0x00000000fa380000,0x00000000fa380000,0x00000000fa880000)
 ParOldGen       total 101376K, used 54405K [0x00000000e0000000, 0x00000000e6300000, 0x00000000f5580000)
  object space 101376K, 53% used [0x00000000e0000000,0x00000000e35216e8,0x00000000e6300000)
 Metaspace       used 91825K, capacity 97938K, committed 98048K, reserved 1134592K
  class space    used 10943K, capacity 12795K, committed 12800K, reserved 1048576K
}
Event: 40662.946 GC heap before
{Heap before GC invocations=752 (full 345):
 PSYoungGen      total 79872K, used 224K [0x00000000f5580000, 0x00000000fa880000, 0x0000000100000000)
  eden space 74752K, 0% used [0x00000000f5580000,0x00000000f5580000,0x00000000f9e80000)
  from space 5120K, 4% used [0x00000000f9e80000,0x00000000f9eb8000,0x00000000fa380000)
  to   space 5120K, 0% used [0x00000000fa380000,0x00000000fa380000,0x00000000fa880000)
 ParOldGen       total 101376K, used 54405K [0x00000000e0000000, 0x00000000e6300000, 0x00000000f5580000)
  object space 101376K, 53% used [0x00000000e0000000,0x00000000e35216e8,0x00000000e6300000)
 Metaspace       used 91825K, capacity 97938K, committed 98048K, reserved 1134592K
  class space    used 10943K, capacity 12795K, committed 12800K, reserved 1048576K
Event: 40663.057 GC heap after
Heap after GC invocations=752 (full 345):
 PSYoungGen      total 79872K, used 0K [0x00000000f5580000, 0x00000000fa880000, 0x0000000100000000)
  eden space 74752K, 0% used [0x00000000f5580000,0x00000000f5580000,0x00000000f9e80000)
  from space 5120K, 0% used [0x00000000f9e80000,0x00000000f9e80000,0x00000000fa380000)
  to   space 5120K, 0% used [0x00000000fa380000,0x00000000fa380000,0x00000000fa880000)
 ParOldGen       total 101376K, used 54406K [0x00000000e0000000, 0x00000000e6300000, 0x00000000f5580000)
  object space 101376K, 53% used [0x00000000e0000000,0x00000000e3521b80,0x00000000e6300000)
 Metaspace       used 91825K, capacity 97938K, committed 98048K, reserved 1134592K
  class space    used 10943K, capacity 12795K, committed 12800K, reserved 1048576K
}
Event: 40722.944 GC heap before
{Heap before GC invocations=753 (full 345):
 PSYoungGen      total 79872K, used 3252K [0x00000000f5580000, 0x00000000fa880000, 0x0000000100000000)
  eden space 74752K, 4% used [0x00000000f5580000,0x00000000f58ad308,0x00000000f9e80000)
  from space 5120K, 0% used [0x00000000f9e80000,0x00000000f9e80000,0x00000000fa380000)
  to   space 5120K, 0% used [0x00000000fa380000,0x00000000fa380000,0x00000000fa880000)
 ParOldGen       total 101376K, used 54406K [0x00000000e0000000, 0x00000000e6300000, 0x00000000f5580000)
  object space 101376K, 53% used [0x00000000e0000000,0x00000000e3521b80,0x00000000e6300000)
 Metaspace       used 91825K, capacity 97938K, committed 98048K, reserved 1134592K
  class space    used 10943K, capacity 12795K, committed 12800K, reserved 1048576K
Event: 40722.947 GC heap after
Heap after GC invocations=753 (full 345):
 PSYoungGen      total 78848K, used 192K [0x00000000f5580000, 0x00000000fa780000, 0x0000000100000000)
  eden space 74752K, 0% used [0x00000000f5580000,0x00000000f5580000,0x00000000f9e80000)
  from space 4096K, 4% used [0x00000000fa380000,0x00000000fa3b0000,0x00000000fa780000)
  to   space 4608K, 0% used [0x00000000f9e80000,0x00000000f9e80000,0x00000000fa300000)
 ParOldGen       total 101376K, used 54406K [0x00000000e0000000, 0x00000000e6300000, 0x00000000f5580000)
  object space 101376K, 53% used [0x00000000e0000000,0x00000000e3521b80,0x00000000e6300000)
 Metaspace       used 91825K, capacity 97938K, committed 98048K, reserved 1134592K
  class space    used 10943K, capacity 12795K, committed 12800K, reserved 1048576K
}
Event: 40722.947 GC heap before
{Heap before GC invocations=754 (full 346):
 PSYoungGen      total 78848K, used 192K [0x00000000f5580000, 0x00000000fa780000, 0x0000000100000000)
  eden space 74752K, 0% used [0x00000000f5580000,0x00000000f5580000,0x00000000f9e80000)
  from space 4096K, 4% used [0x00000000fa380000,0x00000000fa3b0000,0x00000000fa780000)
  to   space 4608K, 0% used [0x00000000f9e80000,0x00000000f9e80000,0x00000000fa300000)
 ParOldGen       total 101376K, used 54406K [0x00000000e0000000, 0x00000000e6300000, 0x00000000f5580000)
  object space 101376K, 53% used [0x00000000e0000000,0x00000000e3521b80,0x00000000e6300000)
 Metaspace       used 91825K, capacity 97938K, committed 98048K, reserved 1134592K
  class space    used 10943K, capacity 12795K, committed 12800K, reserved 1048576K
Event: 40723.107 GC heap after
Heap after GC invocations=754 (full 346):
 PSYoungGen      total 78848K, used 0K [0x00000000f5580000, 0x00000000fa780000, 0x0000000100000000)
  eden space 74752K, 0% used [0x00000000f5580000,0x00000000f5580000,0x00000000f9e80000)
  from space 4096K, 0% used [0x00000000fa380000,0x00000000fa380000,0x00000000fa780000)
  to   space 4608K, 0% used [0x00000000f9e80000,0x00000000f9e80000,0x00000000fa300000)
 ParOldGen       total 101376K, used 54357K [0x00000000e0000000, 0x00000000e6300000, 0x00000000f5580000)
  object space 101376K, 53% used [0x00000000e0000000,0x00000000e35156d0,0x00000000e6300000)
 Metaspace       used 91825K, capacity 97938K, committed 98048K, reserved 1134592K
  class space    used 10943K, capacity 12795K, committed 12800K, reserved 1048576K
}

