# JRE version: Java(TM) SE Runtime Environment (8.0_25-b18) (build 1.8.0_25-b18)
# Java VM: Java HotSpot(TM) 64-Bit Server VM (25.25-b02 mixed mode windows-amd64 compressed oops)
Heap:
 PSYoungGen      total 70144K, used 50613K [0x00000000f5580000, 0x00000000fb400000, 0x0000000100000000)
  eden space 60928K, 83% used [0x00000000f5580000,0x00000000f86ed4b8,0x00000000f9100000)
  from space 9216K, 0% used [0x00000000f9100000,0x00000000f9100000,0x00000000f9a00000)
  to   space 17920K, 0% used [0x00000000fa280000,0x00000000fa280000,0x00000000fb400000)
 ParOldGen       total 99328K, used 57694K [0x00000000e0000000, 0x00000000e6100000, 0x00000000f5580000)
  object space 99328K, 58% used [0x00000000e0000000,0x00000000e3857a38,0x00000000e6100000)
 Metaspace       used 77142K, capacity 82528K, committed 82776K, reserved 1120256K
  class space    used 9363K, capacity 11066K, committed 11096K, reserved 1048576K
GC Heap History (10 events):
Event: 226.457 GC heap before
{Heap before GC invocations=27 (full 5):
 PSYoungGen      total 78848K, used 57116K [0x00000000f5580000, 0x00000000fb600000, 0x0000000100000000)
  eden space 58880K, 97% used [0x00000000f5580000,0x00000000f8d47128,0x00000000f8f00000)
  from space 19968K, 0% used [0x00000000f8f00000,0x00000000f8f00000,0x00000000fa280000)
  to   space 19968K, 0% used [0x00000000fa280000,0x00000000fa280000,0x00000000fb600000)
 ParOldGen       total 99328K, used 53193K [0x00000000e0000000, 0x00000000e6100000, 0x00000000f5580000)
  object space 99328K, 53% used [0x00000000e0000000,0x00000000e33f2450,0x00000000e6100000)
 Metaspace       used 71469K, capacity 76714K, committed 77144K, reserved 1116160K
  class space    used 8640K, capacity 10220K, committed 10328K, reserved 1048576K
Event: 226.460 GC heap after
Heap after GC invocations=27 (full 5):
 PSYoungGen      total 79360K, used 5049K [0x00000000f5580000, 0x00000000fb700000, 0x0000000100000000)
  eden space 59392K, 0% used [0x00000000f5580000,0x00000000f5580000,0x00000000f8f80000)
  from space 19968K, 25% used [0x00000000fa280000,0x00000000fa76e7f0,0x00000000fb600000)
  to   space 19456K, 0% used [0x00000000f8f80000,0x00000000f8f80000,0x00000000fa280000)
 ParOldGen       total 99328K, used 53201K [0x00000000e0000000, 0x00000000e6100000, 0x00000000f5580000)
  object space 99328K, 53% used [0x00000000e0000000,0x00000000e33f4450,0x00000000e6100000)
 Metaspace       used 71469K, capacity 76714K, committed 77144K, reserved 1116160K
  class space    used 8640K, capacity 10220K, committed 10328K, reserved 1048576K
}
Event: 242.682 GC heap before
{Heap before GC invocations=28 (full 5):
 PSYoungGen      total 79360K, used 64441K [0x00000000f5580000, 0x00000000fb700000, 0x0000000100000000)
  eden space 59392K, 100% used [0x00000000f5580000,0x00000000f8f80000,0x00000000f8f80000)
  from space 19968K, 25% used [0x00000000fa280000,0x00000000fa76e7f0,0x00000000fb600000)
  to   space 19456K, 0% used [0x00000000f8f80000,0x00000000f8f80000,0x00000000fa280000)
 ParOldGen       total 99328K, used 53201K [0x00000000e0000000, 0x00000000e6100000, 0x00000000f5580000)
  object space 99328K, 53% used [0x00000000e0000000,0x00000000e33f4450,0x00000000e6100000)
 Metaspace       used 73129K, capacity 78434K, committed 78552K, reserved 1118208K
  class space    used 8859K, capacity 10450K, committed 10456K, reserved 1048576K
Event: 242.688 GC heap after
Heap after GC invocations=28 (full 5):
 PSYoungGen      total 78848K, used 8930K [0x00000000f5580000, 0x00000000fb680000, 0x0000000100000000)
  eden space 59392K, 0% used [0x00000000f5580000,0x00000000f5580000,0x00000000f8f80000)
  from space 19456K, 45% used [0x00000000f8f80000,0x00000000f9838928,0x00000000fa280000)
  to   space 18944K, 0% used [0x00000000fa400000,0x00000000fa400000,0x00000000fb680000)
 ParOldGen       total 99328K, used 53209K [0x00000000e0000000, 0x00000000e6100000, 0x00000000f5580000)
  object space 99328K, 53% used [0x00000000e0000000,0x00000000e33f6450,0x00000000e6100000)
 Metaspace       used 73129K, capacity 78434K, committed 78552K, reserved 1118208K
  class space    used 8859K, capacity 10450K, committed 10456K, reserved 1048576K
}
Event: 263.213 GC heap before
{Heap before GC invocations=29 (full 5):
 PSYoungGen      total 78848K, used 68322K [0x00000000f5580000, 0x00000000fb680000, 0x0000000100000000)
  eden space 59392K, 100% used [0x00000000f5580000,0x00000000f8f80000,0x00000000f8f80000)
  from space 19456K, 45% used [0x00000000f8f80000,0x00000000f9838928,0x00000000fa280000)
  to   space 18944K, 0% used [0x00000000fa400000,0x00000000fa400000,0x00000000fb680000)
 ParOldGen       total 99328K, used 53209K [0x00000000e0000000, 0x00000000e6100000, 0x00000000f5580000)
  object space 99328K, 53% used [0x00000000e0000000,0x00000000e33f6450,0x00000000e6100000)
 Metaspace       used 75644K, capacity 80882K, committed 80984K, reserved 1120256K
  class space    used 9201K, capacity 10838K, committed 10840K, reserved 1048576K
Event: 263.219 GC heap after
Heap after GC invocations=29 (full 5):
 PSYoungGen      total 78336K, used 10967K [0x00000000f5580000, 0x00000000fb500000, 0x0000000100000000)
  eden space 60928K, 0% used [0x00000000f5580000,0x00000000f5580000,0x00000000f9100000)
  from space 17408K, 63% used [0x00000000fa400000,0x00000000faeb5e78,0x00000000fb500000)
  to   space 18432K, 0% used [0x00000000f9100000,0x00000000f9100000,0x00000000fa300000)
 ParOldGen       total 99328K, used 53217K [0x00000000e0000000, 0x00000000e6100000, 0x00000000f5580000)
  object space 99328K, 53% used [0x00000000e0000000,0x00000000e33f8450,0x00000000e6100000)
 Metaspace       used 75644K, capacity 80882K, committed 80984K, reserved 1120256K
  class space    used 9201K, capacity 10838K, committed 10840K, reserved 1048576K
}
Event: 272.357 GC heap before
{Heap before GC invocations=30 (full 5):
 PSYoungGen      total 78336K, used 13251K [0x00000000f5580000, 0x00000000fb500000, 0x0000000100000000)
  eden space 60928K, 3% used [0x00000000f5580000,0x00000000f57baf10,0x00000000f9100000)
  from space 17408K, 63% used [0x00000000fa400000,0x00000000faeb5e78,0x00000000fb500000)
  to   space 18432K, 0% used [0x00000000f9100000,0x00000000f9100000,0x00000000fa300000)
 ParOldGen       total 99328K, used 53217K [0x00000000e0000000, 0x00000000e6100000, 0x00000000f5580000)
  object space 99328K, 53% used [0x00000000e0000000,0x00000000e33f8450,0x00000000e6100000)
 Metaspace       used 75645K, capacity 80882K, committed 80984K, reserved 1120256K
  class space    used 9201K, capacity 10838K, committed 10840K, reserved 1048576K
Event: 272.362 GC heap after
Heap after GC invocations=30 (full 5):
 PSYoungGen      total 70144K, used 8735K [0x00000000f5580000, 0x00000000fb400000, 0x0000000100000000)
  eden space 60928K, 0% used [0x00000000f5580000,0x00000000f5580000,0x00000000f9100000)
  from space 9216K, 94% used [0x00000000f9100000,0x00000000f9987cb8,0x00000000f9a00000)
  to   space 17920K, 0% used [0x00000000fa280000,0x00000000fa280000,0x00000000fb400000)
 ParOldGen       total 99328K, used 53217K [0x00000000e0000000, 0x00000000e6100000, 0x00000000f5580000)
  object space 99328K, 53% used [0x00000000e0000000,0x00000000e33f8450,0x00000000e6100000)
 Metaspace       used 75645K, capacity 80882K, committed 80984K, reserved 1120256K
  class space    used 9201K, capacity 10838K, committed 10840K, reserved 1048576K
}
Event: 272.362 GC heap before
{Heap before GC invocations=31 (full 6):
 PSYoungGen      total 70144K, used 8735K [0x00000000f5580000, 0x00000000fb400000, 0x0000000100000000)
  eden space 60928K, 0% used [0x00000000f5580000,0x00000000f5580000,0x00000000f9100000)
  from space 9216K, 94% used [0x00000000f9100000,0x00000000f9987cb8,0x00000000f9a00000)
  to   space 17920K, 0% used [0x00000000fa280000,0x00000000fa280000,0x00000000fb400000)
 ParOldGen       total 99328K, used 53217K [0x00000000e0000000, 0x00000000e6100000, 0x00000000f5580000)
  object space 99328K, 53% used [0x00000000e0000000,0x00000000e33f8450,0x00000000e6100000)
 Metaspace       used 75645K, capacity 80882K, committed 80984K, reserved 1120256K
  class space    used 9201K, capacity 10838K, committed 10840K, reserved 1048576K
Event: 272.718 GC heap after
Heap after GC invocations=31 (full 6):
 PSYoungGen      total 70144K, used 0K [0x00000000f5580000, 0x00000000fb400000, 0x0000000100000000)
  eden space 60928K, 0% used [0x00000000f5580000,0x00000000f5580000,0x00000000f9100000)
  from space 9216K, 0% used [0x00000000f9100000,0x00000000f9100000,0x00000000f9a00000)
  to   space 17920K, 0% used [0x00000000fa280000,0x00000000fa280000,0x00000000fb400000)
 ParOldGen       total 99328K, used 57694K [0x00000000e0000000, 0x00000000e6100000, 0x00000000f5580000)
  object space 99328K, 58% used [0x00000000e0000000,0x00000000e3857a38,0x00000000e6100000)
 Metaspace       used 75645K, capacity 80882K, committed 80984K, reserved 1120256K
  class space    used 9201K, capacity 10838K, committed 10840K, reserved 1048576K
}

