# JRE version: Java(TM) SE Runtime Environment (8.0_25-b18) (build 1.8.0_25-b18)
# Java VM: Java HotSpot(TM) 64-Bit Server VM (25.25-b02 mixed mode windows-amd64 compressed oops)
Heap:
 PSYoungGen      total 60928K, used 57000K [0x00000000f5580000, 0x00000000fac00000, 0x0000000100000000)
  eden space 59904K, 95% used [0x00000000f5580000,0x00000000f8d2a2f8,0x00000000f9000000)
  from space 1024K, 0% used [0x00000000f9000000,0x00000000f9000000,0x00000000f9100000)
  to   space 14336K, 0% used [0x00000000f9e00000,0x00000000f9e00000,0x00000000fac00000)
 ParOldGen       total 103424K, used 40703K [0x00000000e0000000, 0x00000000e6500000, 0x00000000f5580000)
  object space 103424K, 39% used [0x00000000e0000000,0x00000000e27bffe0,0x00000000e6500000)
 Metaspace       used 73407K, capacity 78900K, committed 78976K, reserved 1118208K
  class space    used 8930K, capacity 10602K, committed 10624K, reserved 1048576K
GC Heap History (10 events):
Event: 909.455 GC heap before
{Heap before GC invocations=49 (full 18):
 PSYoungGen      total 60928K, used 768K [0x00000000f5580000, 0x00000000faf00000, 0x0000000100000000)
  eden space 59904K, 0% used [0x00000000f5580000,0x00000000f5580000,0x00000000f9000000)
  from space 1024K, 75% used [0x00000000f9000000,0x00000000f90c0000,0x00000000f9100000)
  to   space 15872K, 0% used [0x00000000f9f80000,0x00000000f9f80000,0x00000000faf00000)
 ParOldGen       total 103424K, used 40652K [0x00000000e0000000, 0x00000000e6500000, 0x00000000f5580000)
  object space 103424K, 39% used [0x00000000e0000000,0x00000000e27b3338,0x00000000e6500000)
 Metaspace       used 72080K, capacity 77606K, committed 77696K, reserved 1116160K
  class space    used 8782K, capacity 10342K, committed 10368K, reserved 1048576K
Event: 909.546 GC heap after
Heap after GC invocations=49 (full 18):
 PSYoungGen      total 60928K, used 0K [0x00000000f5580000, 0x00000000faf00000, 0x0000000100000000)
  eden space 59904K, 0% used [0x00000000f5580000,0x00000000f5580000,0x00000000f9000000)
  from space 1024K, 0% used [0x00000000f9000000,0x00000000f9000000,0x00000000f9100000)
  to   space 15872K, 0% used [0x00000000f9f80000,0x00000000f9f80000,0x00000000faf00000)
 ParOldGen       total 103424K, used 40643K [0x00000000e0000000, 0x00000000e6500000, 0x00000000f5580000)
  object space 103424K, 39% used [0x00000000e0000000,0x00000000e27b0f48,0x00000000e6500000)
 Metaspace       used 72080K, capacity 77606K, committed 77696K, reserved 1116160K
  class space    used 8782K, capacity 10342K, committed 10368K, reserved 1048576K
}
Event: 969.459 GC heap before
{Heap before GC invocations=50 (full 18):
 PSYoungGen      total 60928K, used 12553K [0x00000000f5580000, 0x00000000faf00000, 0x0000000100000000)
  eden space 59904K, 20% used [0x00000000f5580000,0x00000000f61c2768,0x00000000f9000000)
  from space 1024K, 0% used [0x00000000f9000000,0x00000000f9000000,0x00000000f9100000)
  to   space 15872K, 0% used [0x00000000f9f80000,0x00000000f9f80000,0x00000000faf00000)
 ParOldGen       total 103424K, used 40643K [0x00000000e0000000, 0x00000000e6500000, 0x00000000f5580000)
  object space 103424K, 39% used [0x00000000e0000000,0x00000000e27b0f48,0x00000000e6500000)
 Metaspace       used 72097K, capacity 77606K, committed 77696K, reserved 1116160K
  class space    used 8782K, capacity 10342K, committed 10368K, reserved 1048576K
Event: 969.462 GC heap after
Heap after GC invocations=50 (full 18):
 PSYoungGen      total 73728K, used 320K [0x00000000f5580000, 0x00000000fad00000, 0x0000000100000000)
  eden space 59904K, 0% used [0x00000000f5580000,0x00000000f5580000,0x00000000f9000000)
  from space 13824K, 2% used [0x00000000f9f80000,0x00000000f9fd0000,0x00000000fad00000)
  to   space 14848K, 0% used [0x00000000f9000000,0x00000000f9000000,0x00000000f9e80000)
 ParOldGen       total 103424K, used 40643K [0x00000000e0000000, 0x00000000e6500000, 0x00000000f5580000)
  object space 103424K, 39% used [0x00000000e0000000,0x00000000e27b0f48,0x00000000e6500000)
 Metaspace       used 72097K, capacity 77606K, committed 77696K, reserved 1116160K
  class space    used 8782K, capacity 10342K, committed 10368K, reserved 1048576K
}
Event: 969.462 GC heap before
{Heap before GC invocations=51 (full 19):
 PSYoungGen      total 73728K, used 320K [0x00000000f5580000, 0x00000000fad00000, 0x0000000100000000)
  eden space 59904K, 0% used [0x00000000f5580000,0x00000000f5580000,0x00000000f9000000)
  from space 13824K, 2% used [0x00000000f9f80000,0x00000000f9fd0000,0x00000000fad00000)
  to   space 14848K, 0% used [0x00000000f9000000,0x00000000f9000000,0x00000000f9e80000)
 ParOldGen       total 103424K, used 40643K [0x00000000e0000000, 0x00000000e6500000, 0x00000000f5580000)
  object space 103424K, 39% used [0x00000000e0000000,0x00000000e27b0f48,0x00000000e6500000)
 Metaspace       used 72097K, capacity 77606K, committed 77696K, reserved 1116160K
  class space    used 8782K, capacity 10342K, committed 10368K, reserved 1048576K
Event: 969.559 GC heap after
Heap after GC invocations=51 (full 19):
 PSYoungGen      total 73728K, used 0K [0x00000000f5580000, 0x00000000fad00000, 0x0000000100000000)
  eden space 59904K, 0% used [0x00000000f5580000,0x00000000f5580000,0x00000000f9000000)
  from space 13824K, 0% used [0x00000000f9f80000,0x00000000f9f80000,0x00000000fad00000)
  to   space 14848K, 0% used [0x00000000f9000000,0x00000000f9000000,0x00000000f9e80000)
 ParOldGen       total 103424K, used 40512K [0x00000000e0000000, 0x00000000e6500000, 0x00000000f5580000)
  object space 103424K, 39% used [0x00000000e0000000,0x00000000e27900b8,0x00000000e6500000)
 Metaspace       used 72097K, capacity 77606K, committed 77696K, reserved 1116160K
  class space    used 8782K, capacity 10342K, committed 10368K, reserved 1048576K
}
Event: 1029.473 GC heap before
{Heap before GC invocations=52 (full 19):
 PSYoungGen      total 73728K, used 5424K [0x00000000f5580000, 0x00000000fad00000, 0x0000000100000000)
  eden space 59904K, 9% used [0x00000000f5580000,0x00000000f5acc2a0,0x00000000f9000000)
  from space 13824K, 0% used [0x00000000f9f80000,0x00000000f9f80000,0x00000000fad00000)
  to   space 14848K, 0% used [0x00000000f9000000,0x00000000f9000000,0x00000000f9e80000)
 ParOldGen       total 103424K, used 40512K [0x00000000e0000000, 0x00000000e6500000, 0x00000000f5580000)
  object space 103424K, 39% used [0x00000000e0000000,0x00000000e27900b8,0x00000000e6500000)
 Metaspace       used 72171K, capacity 77638K, committed 77824K, reserved 1116160K
  class space    used 8787K, capacity 10374K, committed 10496K, reserved 1048576K
Event: 1029.475 GC heap after
Heap after GC invocations=52 (full 19):
 PSYoungGen      total 60928K, used 576K [0x00000000f5580000, 0x00000000fac00000, 0x0000000100000000)
  eden space 59904K, 0% used [0x00000000f5580000,0x00000000f5580000,0x00000000f9000000)
  from space 1024K, 56% used [0x00000000f9000000,0x00000000f9090000,0x00000000f9100000)
  to   space 14336K, 0% used [0x00000000f9e00000,0x00000000f9e00000,0x00000000fac00000)
 ParOldGen       total 103424K, used 40520K [0x00000000e0000000, 0x00000000e6500000, 0x00000000f5580000)
  object space 103424K, 39% used [0x00000000e0000000,0x00000000e27920b8,0x00000000e6500000)
 Metaspace       used 72171K, capacity 77638K, committed 77824K, reserved 1116160K
  class space    used 8787K, capacity 10374K, committed 10496K, reserved 1048576K
}
Event: 1029.475 GC heap before
{Heap before GC invocations=53 (full 20):
 PSYoungGen      total 60928K, used 576K [0x00000000f5580000, 0x00000000fac00000, 0x0000000100000000)
  eden space 59904K, 0% used [0x00000000f5580000,0x00000000f5580000,0x00000000f9000000)
  from space 1024K, 56% used [0x00000000f9000000,0x00000000f9090000,0x00000000f9100000)
  to   space 14336K, 0% used [0x00000000f9e00000,0x00000000f9e00000,0x00000000fac00000)
 ParOldGen       total 103424K, used 40520K [0x00000000e0000000, 0x00000000e6500000, 0x00000000f5580000)
  object space 103424K, 39% used [0x00000000e0000000,0x00000000e27920b8,0x00000000e6500000)
 Metaspace       used 72171K, capacity 77638K, committed 77824K, reserved 1116160K
  class space    used 8787K, capacity 10374K, committed 10496K, reserved 1048576K
Event: 1029.589 GC heap after
Heap after GC invocations=53 (full 20):
 PSYoungGen      total 60928K, used 0K [0x00000000f5580000, 0x00000000fac00000, 0x0000000100000000)
  eden space 59904K, 0% used [0x00000000f5580000,0x00000000f5580000,0x00000000f9000000)
  from space 1024K, 0% used [0x00000000f9000000,0x00000000f9000000,0x00000000f9100000)
  to   space 14336K, 0% used [0x00000000f9e00000,0x00000000f9e00000,0x00000000fac00000)
 ParOldGen       total 103424K, used 40703K [0x00000000e0000000, 0x00000000e6500000, 0x00000000f5580000)
  object space 103424K, 39% used [0x00000000e0000000,0x00000000e27bffe0,0x00000000e6500000)
 Metaspace       used 72171K, capacity 77638K, committed 77824K, reserved 1116160K
  class space    used 8787K, capacity 10374K, committed 10496K, reserved 1048576K
}

